/root/miniconda3/lib/python3.12/site-packages/torch/autograd/graph.py:744: UserWarning: Plan failed with a cudnnException: CUDNN_BACKEND_EXECUTION_PLAN_DESCRIPTOR: cudnnFinalize Descriptor Failed cudnn_status: CUDNN_STATUS_NOT_SUPPORTED (Triggered internally at ../aten/src/ATen/native/cudnn/Conv_v8.cpp:919.)
  return Variable._execution_engine.run_backward(  # Calls into the C++ engine to run the backward pass
/root/miniconda3/lib/python3.12/site-packages/torch/nn/modules/conv.py:303: UserWarning: Plan failed with a cudnnException: CUDNN_BACKEND_EXECUTION_PLAN_DESCRIPTOR: cudnnFinalize Descriptor Failed cudnn_status: CUDNN_STATUS_NOT_SUPPORTED (Triggered internally at ../aten/src/ATen/native/cudnn/Conv_v8.cpp:919.)
  return F.conv1d(F.pad(input, self._reversed_padding_repeated_twice, mode=self.padding_mode),
epoch:0, train_loss:51640488.00000, val_loss:23072342.00000
epoch:1, train_loss:47580888.00000, val_loss:22999094.00000
epoch:2, train_loss:46715236.00000, val_loss:22593110.00000
epoch:3, train_loss:46085860.00000, val_loss:22244010.00000
epoch:4, train_loss:45235180.00000, val_loss:22248416.00000
EarlyStopping counter: 1 out of 7 with 4
epoch:5, train_loss:44720028.00000, val_loss:22138148.00000
epoch:6, train_loss:44282228.00000, val_loss:21679716.00000
epoch:7, train_loss:44089112.00000, val_loss:21585776.00000
epoch:8, train_loss:322102919168.00000, val_loss:102478056.00000
EarlyStopping counter: 1 out of 7 with 8
epoch:9, train_loss:595233088.00000, val_loss:54868532.00000
EarlyStopping counter: 2 out of 7 with 9
epoch:10, train_loss:357741120.00000, val_loss:52769588.00000
EarlyStopping counter: 3 out of 7 with 10
epoch:11, train_loss:260055680.00000, val_loss:37660024.00000
EarlyStopping counter: 4 out of 7 with 11
epoch:12, train_loss:241569264.00000, val_loss:42057332.00000
EarlyStopping counter: 5 out of 7 with 12
epoch:13, train_loss:189986896.00000, val_loss:36627928.00000
EarlyStopping counter: 6 out of 7 with 13
epoch:14, train_loss:157209136.00000, val_loss:30498562.00000
EarlyStopping counter: 7 out of 7 with 14
Early stopping with best_score:21585776.0
================================================================================
DATA=ECL  MODEL=Autoformer  NORM=revin  SEED=2024  seq_len=96  label_len=96  pred_len=336  batch_size=64  lr=0.001  alpha=0.5
  MSE=65708172.000000  MAE=860.083496  RMSE=8106.057617  MAPE=123311784.000000  MSPE=147405410651277885440.000000
================================================================================
data      model  norm  seed  seq_len  label_len  pred_len  batch_size  alpha        MSE        MAE        RMSE        MAPE         MSPE
 ECL Autoformer revin  2024       96         96       336          64    0.5 65708172.0 860.083496 8106.057617 123311784.0 1.474054e+20
