/root/miniconda3/lib/python3.12/site-packages/torch/autograd/graph.py:744: UserWarning: Plan failed with a cudnnException: CUDNN_BACKEND_EXECUTION_PLAN_DESCRIPTOR: cudnnFinalize Descriptor Failed cudnn_status: CUDNN_STATUS_NOT_SUPPORTED (Triggered internally at ../aten/src/ATen/native/cudnn/Conv_v8.cpp:919.)
  return Variable._execution_engine.run_backward(  # Calls into the C++ engine to run the backward pass
/root/miniconda3/lib/python3.12/site-packages/torch/nn/modules/conv.py:303: UserWarning: Plan failed with a cudnnException: CUDNN_BACKEND_EXECUTION_PLAN_DESCRIPTOR: cudnnFinalize Descriptor Failed cudnn_status: CUDNN_STATUS_NOT_SUPPORTED (Triggered internally at ../aten/src/ATen/native/cudnn/Conv_v8.cpp:919.)
  return F.conv1d(F.pad(input, self._reversed_padding_repeated_twice, mode=self.padding_mode),
epoch:0, train_loss:22941728.00000, val_loss:4193633.75000
epoch:1, train_loss:10270909.00000, val_loss:4361146.50000
EarlyStopping counter: 1 out of 7 with 1
epoch:2, train_loss:7889633.00000, val_loss:4365691.50000
EarlyStopping counter: 2 out of 7 with 2
epoch:3, train_loss:6842728.00000, val_loss:4414386.50000
EarlyStopping counter: 3 out of 7 with 3
epoch:4, train_loss:6578501.00000, val_loss:4114006.50000
epoch:5, train_loss:6088244.00000, val_loss:4055001.50000
epoch:6, train_loss:5909410.50000, val_loss:4586295.50000
EarlyStopping counter: 1 out of 7 with 6
epoch:7, train_loss:5541064.00000, val_loss:4383298.00000
EarlyStopping counter: 2 out of 7 with 7
epoch:8, train_loss:5324295.50000, val_loss:4610442.00000
EarlyStopping counter: 3 out of 7 with 8
epoch:9, train_loss:5135775.00000, val_loss:4581171.50000
EarlyStopping counter: 4 out of 7 with 9
epoch:10, train_loss:5138796.50000, val_loss:4375984.50000
EarlyStopping counter: 5 out of 7 with 10
epoch:11, train_loss:5030315.00000, val_loss:4406865.50000
EarlyStopping counter: 6 out of 7 with 11
epoch:12, train_loss:10498228224.00000, val_loss:32879269888.00000
EarlyStopping counter: 7 out of 7 with 12
Early stopping with best_score:4055001.5
================================================================================
DATA=ECL  MODEL=Autoformer  NORM=dishts  SEED=2023  seq_len=96  label_len=96  pred_len=336  batch_size=64  lr=0.001  alpha=0.5
  MSE=10031790.000000  MAE=337.102051  RMSE=3167.300049  MAPE=102967304.000000  MSPE=154643566065671471104.000000
================================================================================
data      model   norm  seed  seq_len  label_len  pred_len  batch_size  alpha        MSE        MAE        RMSE        MAPE         MSPE
 ECL Autoformer dishts  2023       96         96       336          64    0.5 10031790.0 337.102051 3167.300049 102967304.0 1.546436e+20
