/root/miniconda3/lib/python3.12/site-packages/torch/nn/modules/conv.py:303: UserWarning: Plan failed with a cudnnException: CUDNN_BACKEND_EXECUTION_PLAN_DESCRIPTOR: cudnnFinalize Descriptor Failed cudnn_status: CUDNN_STATUS_NOT_SUPPORTED (Triggered internally at ../aten/src/ATen/native/cudnn/Conv_v8.cpp:919.)
  return F.conv1d(F.pad(input, self._reversed_padding_repeated_twice, mode=self.padding_mode),
epoch:0, train_loss:0.71245, val_loss:0.55519
epoch:1, train_loss:0.61994, val_loss:0.53289
epoch:2, train_loss:1.06652, val_loss:1.28334
EarlyStopping counter: 1 out of 15 with 2
epoch:3, train_loss:2.10393, val_loss:0.70161
EarlyStopping counter: 2 out of 15 with 3
epoch:4, train_loss:0.81629, val_loss:0.65888
EarlyStopping counter: 3 out of 15 with 4
epoch:5, train_loss:0.76673, val_loss:0.64229
EarlyStopping counter: 4 out of 15 with 5
epoch:6, train_loss:0.76201, val_loss:0.68978
EarlyStopping counter: 5 out of 15 with 6
epoch:7, train_loss:0.78082, val_loss:0.64619
EarlyStopping counter: 6 out of 15 with 7
epoch:8, train_loss:0.74482, val_loss:0.63457
EarlyStopping counter: 7 out of 15 with 8
epoch:9, train_loss:0.72877, val_loss:0.62389
EarlyStopping counter: 8 out of 15 with 9
epoch:10, train_loss:0.71818, val_loss:0.61859
EarlyStopping counter: 9 out of 15 with 10
epoch:11, train_loss:0.70917, val_loss:0.61364
EarlyStopping counter: 10 out of 15 with 11
epoch:12, train_loss:0.69946, val_loss:0.60874
EarlyStopping counter: 11 out of 15 with 12
epoch:13, train_loss:0.74559, val_loss:0.63018
EarlyStopping counter: 12 out of 15 with 13
epoch:14, train_loss:0.72427, val_loss:0.62335
EarlyStopping counter: 13 out of 15 with 14
epoch:15, train_loss:0.71468, val_loss:0.62069
EarlyStopping counter: 14 out of 15 with 15
epoch:16, train_loss:0.70789, val_loss:0.61774
EarlyStopping counter: 15 out of 15 with 16
Early stopping with best_score:0.5328883528709412
[train] per-column MSE: 0.396 0.375 0.004 0.480 0.512 0.413 0.967 0.533 0.439 0.845 0.421 1.374 0.291 0.528 0.462 0.590 0.539 0.661 0.385 1.149 1.064 0.532 0.441 0.554 0.511 0.940 0.428 0.818 0.643 1.112 0.628 0.607 1.130 0.500 0.398 0.533 0.673 0.528 0.578 0.523 0.456 0.483 0.776 0.492 0.572 0.494 0.334 0.500 0.492 0.524 0.843 0.400 0.440 0.471 0.621 0.708 0.605 0.449 0.564 0.156 0.526 0.416 0.444 0.351 0.935 0.575 0.553 0.403 0.883 0.331 0.721 0.620 0.511 0.505 0.415 1.195 0.446 0.692 0.553 0.955 0.502 1.201 0.569 1.791 0.991 0.310 0.588 0.789 0.578 0.738 0.520 0.382 1.130 0.559 0.512 0.628 0.767 0.523 0.775 0.858 0.749 0.670 0.603 0.794 0.404 0.884 0.715 0.715 0.849 0.918 0.726 0.422 0.391 0.668 0.229 0.193 0.388 0.511 0.160 0.226 0.461 0.578 0.229 1.205 0.969 0.354 0.886 0.707 0.982 0.583 0.732 0.333 0.825 0.829 0.667 0.493 0.514 0.608 0.546 0.478 0.729 0.607 0.562 0.720 0.573 0.431 0.297 0.598 0.469 0.446 0.534 0.483 0.543 0.445 0.474 0.563 0.740 0.648 0.636 0.434 0.506 0.590 0.741 0.568 0.526 0.614 0.662 0.586 0.395 0.478 0.621 0.503 0.588 0.651 0.366 0.560 0.564 0.590 0.651 0.525 0.462 0.506 0.042 0.373 0.821 0.432 0.457 0.519 0.668 0.645 0.378 0.451 0.544 0.464 0.531 0.487 0.561 0.372 0.539 0.663 0.515 0.592 0.486 0.627 0.771 0.513 0.466 0.399 0.387 0.463 0.541 0.530 0.679 0.421 0.518 0.608 0.499 0.494 0.484 0.459 0.488 0.648 0.514 0.612 0.405 0.327 0.658 0.447 0.529 0.487 0.578 0.416 0.564 0.558 0.482 0.488 0.468 0.586 0.369 0.314 0.535 0.500 0.530 0.535 0.454 1.721 0.241 0.361 0.593 0.618 0.463 0.511 0.403 0.727 0.505 0.639 0.588 0.561 0.435 0.657 0.453 0.542 0.497 0.566 0.386 0.583 0.471 0.662 0.817 0.469 0.479 0.628 0.562 0.473 0.860 0.561 0.560 0.563 0.297 0.606 0.497 0.552 0.617 0.575 0.435 0.592 0.584 0.833 0.921 0.634 0.642 0.633 0.591 0.613 0.615 0.626 0.465 0.590 0.494 0.233 0.723 0.406 0.613 0.463 0.572 0.784 0.657 0.696 0.625 0.524 0.126 0.598 0.688 0.656 0.453 0.577 0.414 0.942 0.510 0.897 0.733
================================================================================
DATA=ECL  MODEL=Autoformer  NORM=dishts  SEED=2025  seq_len=96  label_len=84  pred_len=168  batch_size=128  lr=0.001  alpha=0.5
  MSE=0.577680  MAE=0.579490  RMSE=0.760050  MAPE=371.955505  MSPE=23208497152.000000
================================================================================
data      model   norm  seed  seq_len  label_len  pred_len  batch_size  alpha     MSE     MAE    RMSE       MAPE         MSPE
 ECL Autoformer dishts  2025       96         84       168         128    0.5 0.57768 0.57949 0.76005 371.955505 2.320850e+10
[train] appended 1 row to /root/autodl-tmp/Dish-TS-Reproduction/results/figure3_runs.csv
[train] wrote figure4 sample to /root/autodl-tmp/Dish-TS-Reproduction/results/figures/figure4_ECL_Autoformer_dishts_sq96_pd168_alpha0.5_seed2025.csv
# data=ECL norm=dishts pred_len=168 seed=2025
# /root/miniconda3/bin/python3 /root/autodl-tmp/Dish-TS-Reproduction/train.py --data ECL --model Autoformer --norm dishts --seq_len 96 --pred_len 168 --alpha 0.5 --batch_size 128 --patience 15 --seed 2025 --gpu 0

