/root/miniconda3/lib/python3.12/site-packages/torch/autograd/graph.py:744: UserWarning: Plan failed with a cudnnException: CUDNN_BACKEND_EXECUTION_PLAN_DESCRIPTOR: cudnnFinalize Descriptor Failed cudnn_status: CUDNN_STATUS_NOT_SUPPORTED (Triggered internally at ../aten/src/ATen/native/cudnn/Conv_v8.cpp:919.)
  return Variable._execution_engine.run_backward(  # Calls into the C++ engine to run the backward pass
epoch:0, train_loss:0.66374, val_loss:0.59061
epoch:1, train_loss:0.54082, val_loss:0.59131
EarlyStopping counter: 1 out of 15 with 1
epoch:2, train_loss:0.51736, val_loss:0.57929
epoch:3, train_loss:0.50334, val_loss:0.58605
EarlyStopping counter: 1 out of 15 with 3
epoch:4, train_loss:0.49201, val_loss:0.59734
EarlyStopping counter: 2 out of 15 with 4
epoch:5, train_loss:0.48829, val_loss:0.61846
EarlyStopping counter: 3 out of 15 with 5
epoch:6, train_loss:0.49105, val_loss:0.58317
EarlyStopping counter: 4 out of 15 with 6
epoch:7, train_loss:0.47404, val_loss:0.61686
EarlyStopping counter: 5 out of 15 with 7
epoch:8, train_loss:0.45423, val_loss:0.61046
EarlyStopping counter: 6 out of 15 with 8
epoch:9, train_loss:0.44358, val_loss:0.61472
EarlyStopping counter: 7 out of 15 with 9
epoch:10, train_loss:0.43468, val_loss:0.62836
EarlyStopping counter: 8 out of 15 with 10
epoch:11, train_loss:0.41966, val_loss:0.62534
EarlyStopping counter: 9 out of 15 with 11
epoch:12, train_loss:0.41784, val_loss:0.58602
EarlyStopping counter: 10 out of 15 with 12
epoch:13, train_loss:0.39739, val_loss:0.61200
EarlyStopping counter: 11 out of 15 with 13
epoch:14, train_loss:0.38519, val_loss:0.63413
EarlyStopping counter: 12 out of 15 with 14
epoch:15, train_loss:0.37335, val_loss:0.65785
EarlyStopping counter: 13 out of 15 with 15
epoch:16, train_loss:0.36926, val_loss:0.65725
EarlyStopping counter: 14 out of 15 with 16
epoch:17, train_loss:0.35194, val_loss:0.61836
EarlyStopping counter: 15 out of 15 with 17
Early stopping with best_score:0.5792946219444275
[train] per-column MSE: 1.174 0.513 1.173 0.388 0.723 0.244 0.294
================================================================================
DATA=ETTh1  MODEL=Autoformer  NORM=dishts  SEED=2023  seq_len=96  label_len=84  pred_len=168  batch_size=128  lr=0.001  alpha=0.5
  MSE=0.644270  MAE=0.586910  RMSE=0.802660  MAPE=2.316890  MSPE=119.706520
================================================================================
 data      model   norm  seed  seq_len  label_len  pred_len  batch_size  alpha     MSE     MAE    RMSE    MAPE      MSPE
ETTh1 Autoformer dishts  2023       96         84       168         128    0.5 0.64427 0.58691 0.80266 2.31689 119.70652
[train] appended 1 row to /root/autodl-tmp/Dish-TS-Reproduction/results/figure3_runs.csv
[train] wrote figure4 sample to /root/autodl-tmp/Dish-TS-Reproduction/results/figures/figure4_ETTh1_Autoformer_dishts_sq96_pd168_alpha0.5_seed2023.csv
# data=ETTh1 norm=dishts pred_len=168 seed=2023
# /root/miniconda3/bin/python3 /root/autodl-tmp/Dish-TS-Reproduction/train.py --data ETTh1 --model Autoformer --norm dishts --seq_len 96 --pred_len 168 --alpha 0.5 --batch_size 128 --patience 15 --seed 2023 --gpu 0

