/root/miniconda3/lib/python3.12/site-packages/torch/autograd/graph.py:744: UserWarning: Plan failed with a cudnnException: CUDNN_BACKEND_EXECUTION_PLAN_DESCRIPTOR: cudnnFinalize Descriptor Failed cudnn_status: CUDNN_STATUS_NOT_SUPPORTED (Triggered internally at ../aten/src/ATen/native/cudnn/Conv_v8.cpp:919.)
  return Variable._execution_engine.run_backward(  # Calls into the C++ engine to run the backward pass
epoch:0, train_loss:0.71421, val_loss:0.71252
epoch:1, train_loss:0.63543, val_loss:0.69068
epoch:2, train_loss:0.62425, val_loss:0.70313
EarlyStopping counter: 1 out of 15 with 2
epoch:3, train_loss:0.62404, val_loss:0.68493
epoch:4, train_loss:0.61288, val_loss:0.68976
EarlyStopping counter: 1 out of 15 with 4
epoch:5, train_loss:0.60972, val_loss:0.69645
EarlyStopping counter: 2 out of 15 with 5
epoch:6, train_loss:0.60343, val_loss:0.64652
epoch:7, train_loss:0.56926, val_loss:0.62714
epoch:8, train_loss:0.55870, val_loss:0.63540
EarlyStopping counter: 1 out of 15 with 8
epoch:9, train_loss:0.54939, val_loss:0.62776
EarlyStopping counter: 2 out of 15 with 9
epoch:10, train_loss:0.53742, val_loss:0.63628
EarlyStopping counter: 3 out of 15 with 10
epoch:11, train_loss:0.52770, val_loss:0.62878
EarlyStopping counter: 4 out of 15 with 11
epoch:12, train_loss:0.51821, val_loss:0.64873
EarlyStopping counter: 5 out of 15 with 12
epoch:13, train_loss:0.50994, val_loss:0.65187
EarlyStopping counter: 6 out of 15 with 13
epoch:14, train_loss:0.49847, val_loss:0.68572
EarlyStopping counter: 7 out of 15 with 14
epoch:15, train_loss:0.49036, val_loss:0.65063
EarlyStopping counter: 8 out of 15 with 15
epoch:16, train_loss:0.47991, val_loss:0.67287
EarlyStopping counter: 9 out of 15 with 16
epoch:17, train_loss:0.47328, val_loss:0.65471
EarlyStopping counter: 10 out of 15 with 17
epoch:18, train_loss:0.46215, val_loss:0.68736
EarlyStopping counter: 11 out of 15 with 18
epoch:19, train_loss:0.45777, val_loss:0.66750
EarlyStopping counter: 12 out of 15 with 19
epoch:20, train_loss:0.44599, val_loss:0.67363
EarlyStopping counter: 13 out of 15 with 20
epoch:21, train_loss:0.44163, val_loss:0.69031
EarlyStopping counter: 14 out of 15 with 21
epoch:22, train_loss:0.43831, val_loss:0.66759
EarlyStopping counter: 15 out of 15 with 22
Early stopping with best_score:0.627139687538147
[train] per-column MSE: 1.636 0.531 1.603 0.424 0.777 0.304 0.223
================================================================================
DATA=ETTh1  MODEL=Autoformer  NORM=dishts  SEED=2024  seq_len=96  label_len=84  pred_len=168  batch_size=128  lr=0.001  alpha=0.5
  MSE=0.785600  MAE=0.640800  RMSE=0.886340  MAPE=2.326220  MSPE=111.485924
================================================================================
 data      model   norm  seed  seq_len  label_len  pred_len  batch_size  alpha    MSE    MAE    RMSE    MAPE       MSPE
ETTh1 Autoformer dishts  2024       96         84       168         128    0.5 0.7856 0.6408 0.88634 2.32622 111.485924
[train] appended 1 row to /root/autodl-tmp/Dish-TS-Reproduction/results/figure3_runs.csv
[train] wrote figure4 sample to /root/autodl-tmp/Dish-TS-Reproduction/results/figures/figure4_ETTh1_Autoformer_dishts_sq96_pd168_alpha0.5_seed2024.csv
# data=ETTh1 norm=dishts pred_len=168 seed=2024
# /root/miniconda3/bin/python3 /root/autodl-tmp/Dish-TS-Reproduction/train.py --data ETTh1 --model Autoformer --norm dishts --seq_len 96 --pred_len 168 --alpha 0.5 --batch_size 128 --patience 15 --seed 2024 --gpu 0

