/root/miniconda3/lib/python3.12/site-packages/torch/autograd/graph.py:744: UserWarning: Plan failed with a cudnnException: CUDNN_BACKEND_EXECUTION_PLAN_DESCRIPTOR: cudnnFinalize Descriptor Failed cudnn_status: CUDNN_STATUS_NOT_SUPPORTED (Triggered internally at ../aten/src/ATen/native/cudnn/Conv_v8.cpp:919.)
  return Variable._execution_engine.run_backward(  # Calls into the C++ engine to run the backward pass
epoch:0, train_loss:12.55448, val_loss:14.67173
epoch:1, train_loss:10.67436, val_loss:12.60516
epoch:2, train_loss:9.54010, val_loss:12.45263
epoch:3, train_loss:8.44774, val_loss:13.24956
EarlyStopping counter: 1 out of 7 with 3
epoch:4, train_loss:7.88387, val_loss:12.05733
epoch:5, train_loss:7.61237, val_loss:10.44535
epoch:6, train_loss:7.31960, val_loss:10.06558
epoch:7, train_loss:7.24133, val_loss:10.63430
EarlyStopping counter: 1 out of 7 with 7
epoch:8, train_loss:7.09450, val_loss:10.46222
EarlyStopping counter: 2 out of 7 with 8
epoch:9, train_loss:7.03851, val_loss:10.30275
EarlyStopping counter: 3 out of 7 with 9
epoch:10, train_loss:6.86558, val_loss:10.45459
EarlyStopping counter: 4 out of 7 with 10
epoch:11, train_loss:6.62322, val_loss:10.23427
EarlyStopping counter: 5 out of 7 with 11
epoch:12, train_loss:6.30162, val_loss:10.56163
EarlyStopping counter: 6 out of 7 with 12
epoch:13, train_loss:6.01598, val_loss:11.09207
EarlyStopping counter: 7 out of 7 with 13
Early stopping with best_score:10.065584182739258
================================================================================
DATA=ETTh1  MODEL=Autoformer  NORM=revin  SEED=2025  seq_len=96  label_len=84  pred_len=168  batch_size=128  lr=0.001  alpha=0.5
  MSE=13.638450  MAE=2.156050  RMSE=3.693030  MAPE=807440.250000  MSPE=380952626855936.000000
================================================================================
 data      model  norm  seed  seq_len  label_len  pred_len  batch_size  alpha      MSE     MAE    RMSE      MAPE         MSPE
ETTh1 Autoformer revin  2025       96         84       168         128    0.5 13.63845 2.15605 3.69303 807440.25 3.809526e+14
