/root/miniconda3/lib/python3.12/site-packages/torch/autograd/graph.py:744: UserWarning: Plan failed with a cudnnException: CUDNN_BACKEND_EXECUTION_PLAN_DESCRIPTOR: cudnnFinalize Descriptor Failed cudnn_status: CUDNN_STATUS_NOT_SUPPORTED (Triggered internally at ../aten/src/ATen/native/cudnn/Conv_v8.cpp:919.)
  return Variable._execution_engine.run_backward(  # Calls into the C++ engine to run the backward pass
epoch:0, train_loss:11.26817, val_loss:10.89698
epoch:1, train_loss:7.93536, val_loss:10.64386
epoch:2, train_loss:7.77707, val_loss:10.32785
epoch:3, train_loss:7.61088, val_loss:10.09987
epoch:4, train_loss:7.60714, val_loss:10.62472
EarlyStopping counter: 1 out of 7 with 4
epoch:5, train_loss:7.52676, val_loss:10.24354
EarlyStopping counter: 2 out of 7 with 5
epoch:6, train_loss:7.43211, val_loss:10.37415
EarlyStopping counter: 3 out of 7 with 6
epoch:7, train_loss:7.36198, val_loss:10.57087
EarlyStopping counter: 4 out of 7 with 7
epoch:8, train_loss:7.27960, val_loss:10.21698
EarlyStopping counter: 5 out of 7 with 8
epoch:9, train_loss:9.00222, val_loss:15.95773
EarlyStopping counter: 6 out of 7 with 9
epoch:10, train_loss:9.09747, val_loss:10.23046
EarlyStopping counter: 7 out of 7 with 10
Early stopping with best_score:10.099873542785645
================================================================================
DATA=ETTh1  MODEL=Autoformer  NORM=dishts  SEED=2025  seq_len=96  label_len=96  pred_len=336  batch_size=64  lr=0.001  alpha=0.5
  MSE=12.410450  MAE=2.126170  RMSE=3.522850  MAPE=869437.875000  MSPE=442998429057024.000000
================================================================================
Traceback (most recent call last):
  File "/root/miniconda3/lib/python3.12/site-packages/pandas/core/internals/construction.py", line 911, in _finalize_columns_and_data
    columns = _validate_or_indexify_columns(contents, columns)
              ^^^^^^^^^^^^^^^^^^^^^^^^^^^^^^^^^^^^^^^^^^^^^^^^
  File "/root/miniconda3/lib/python3.12/site-packages/pandas/core/internals/construction.py", line 958, in _validate_or_indexify_columns
    raise AssertionError(
AssertionError: 14 columns passed, passed data had 13 columns

The above exception was the direct cause of the following exception:

Traceback (most recent call last):
  File "/root/autodl-tmp/Dish-TS-Reproduction/train.py", line 241, in <module>
    df = pd.DataFrame([[DATA, MODEL, args.norm, args.seq_len, args.label_len,
         ^^^^^^^^^^^^^^^^^^^^^^^^^^^^^^^^^^^^^^^^^^^^^^^^^^^^^^^^^^^^^^^^^^^^
  File "/root/miniconda3/lib/python3.12/site-packages/pandas/core/frame.py", line 837, in __init__
    arrays, columns, index = nested_data_to_arrays(
                             ^^^^^^^^^^^^^^^^^^^^^^
  File "/root/miniconda3/lib/python3.12/site-packages/pandas/core/internals/construction.py", line 477, in nested_data_to_arrays
    arrays, columns = to_arrays(data, columns, dtype=dtype)
                      ^^^^^^^^^^^^^^^^^^^^^^^^^^^^^^^^^^^^^
  File "/root/miniconda3/lib/python3.12/site-packages/pandas/core/internals/construction.py", line 812, in to_arrays
    content, columns = _finalize_columns_and_data(arr, columns, dtype)
                       ^^^^^^^^^^^^^^^^^^^^^^^^^^^^^^^^^^^^^^^^^^^^^^^
  File "/root/miniconda3/lib/python3.12/site-packages/pandas/core/internals/construction.py", line 914, in _finalize_columns_and_data
    raise ValueError(err) from err
ValueError: 14 columns passed, passed data had 13 columns
