/root/miniconda3/lib/python3.12/site-packages/torch/autograd/graph.py:744: UserWarning: Plan failed with a cudnnException: CUDNN_BACKEND_EXECUTION_PLAN_DESCRIPTOR: cudnnFinalize Descriptor Failed cudnn_status: CUDNN_STATUS_NOT_SUPPORTED (Triggered internally at ../aten/src/ATen/native/cudnn/Conv_v8.cpp:919.)
  return Variable._execution_engine.run_backward(  # Calls into the C++ engine to run the backward pass
epoch:0, train_loss:10.56272, val_loss:10.36379
epoch:1, train_loss:7.75064, val_loss:9.88390
epoch:2, train_loss:7.65486, val_loss:10.51840
EarlyStopping counter: 1 out of 7 with 2
epoch:3, train_loss:7.51103, val_loss:9.99516
EarlyStopping counter: 2 out of 7 with 3
epoch:4, train_loss:7.46968, val_loss:10.06268
EarlyStopping counter: 3 out of 7 with 4
epoch:5, train_loss:7.37713, val_loss:10.20794
EarlyStopping counter: 4 out of 7 with 5
epoch:6, train_loss:7.25745, val_loss:10.50089
EarlyStopping counter: 5 out of 7 with 6
epoch:7, train_loss:8.06564, val_loss:10.16139
EarlyStopping counter: 6 out of 7 with 7
epoch:8, train_loss:7.83293, val_loss:10.12925
EarlyStopping counter: 7 out of 7 with 8
Early stopping with best_score:9.883896827697754
================================================================================
DATA=ETTh1  MODEL=Autoformer  NORM=dishts  SEED=2024  seq_len=96  label_len=96  pred_len=336  batch_size=64  lr=0.001  alpha=0.5
  MSE=12.364500  MAE=2.110160  RMSE=3.516320  MAPE=948681.875000  MSPE=484704742539264.000000
================================================================================
Traceback (most recent call last):
  File "/root/miniconda3/lib/python3.12/site-packages/pandas/core/internals/construction.py", line 911, in _finalize_columns_and_data
    columns = _validate_or_indexify_columns(contents, columns)
              ^^^^^^^^^^^^^^^^^^^^^^^^^^^^^^^^^^^^^^^^^^^^^^^^
  File "/root/miniconda3/lib/python3.12/site-packages/pandas/core/internals/construction.py", line 958, in _validate_or_indexify_columns
    raise AssertionError(
AssertionError: 14 columns passed, passed data had 13 columns

The above exception was the direct cause of the following exception:

Traceback (most recent call last):
  File "/root/autodl-tmp/Dish-TS-Reproduction/train.py", line 241, in <module>
    df = pd.DataFrame([[DATA, MODEL, args.norm, args.seq_len, args.label_len,
         ^^^^^^^^^^^^^^^^^^^^^^^^^^^^^^^^^^^^^^^^^^^^^^^^^^^^^^^^^^^^^^^^^^^^
  File "/root/miniconda3/lib/python3.12/site-packages/pandas/core/frame.py", line 837, in __init__
    arrays, columns, index = nested_data_to_arrays(
                             ^^^^^^^^^^^^^^^^^^^^^^
  File "/root/miniconda3/lib/python3.12/site-packages/pandas/core/internals/construction.py", line 477, in nested_data_to_arrays
    arrays, columns = to_arrays(data, columns, dtype=dtype)
                      ^^^^^^^^^^^^^^^^^^^^^^^^^^^^^^^^^^^^^
  File "/root/miniconda3/lib/python3.12/site-packages/pandas/core/internals/construction.py", line 812, in to_arrays
    content, columns = _finalize_columns_and_data(arr, columns, dtype)
                       ^^^^^^^^^^^^^^^^^^^^^^^^^^^^^^^^^^^^^^^^^^^^^^^
  File "/root/miniconda3/lib/python3.12/site-packages/pandas/core/internals/construction.py", line 914, in _finalize_columns_and_data
    raise ValueError(err) from err
ValueError: 14 columns passed, passed data had 13 columns
