/root/miniconda3/lib/python3.12/site-packages/torch/autograd/graph.py:744: UserWarning: Plan failed with a cudnnException: CUDNN_BACKEND_EXECUTION_PLAN_DESCRIPTOR: cudnnFinalize Descriptor Failed cudnn_status: CUDNN_STATUS_NOT_SUPPORTED (Triggered internally at ../aten/src/ATen/native/cudnn/Conv_v8.cpp:919.)
  return Variable._execution_engine.run_backward(  # Calls into the C++ engine to run the backward pass
epoch:0, train_loss:14.02347, val_loss:11.58447
epoch:1, train_loss:8.04565, val_loss:10.64995
epoch:2, train_loss:7.65762, val_loss:9.87953
epoch:3, train_loss:7.35506, val_loss:10.28458
EarlyStopping counter: 1 out of 7 with 3
epoch:4, train_loss:7.20579, val_loss:10.41512
EarlyStopping counter: 2 out of 7 with 4
epoch:5, train_loss:6.96220, val_loss:9.77954
epoch:6, train_loss:6.92951, val_loss:10.61607
EarlyStopping counter: 1 out of 7 with 6
epoch:7, train_loss:6.92474, val_loss:10.32474
EarlyStopping counter: 2 out of 7 with 7
epoch:8, train_loss:6.89640, val_loss:10.22246
EarlyStopping counter: 3 out of 7 with 8
epoch:9, train_loss:6.78563, val_loss:9.96507
EarlyStopping counter: 4 out of 7 with 9
epoch:10, train_loss:6.59494, val_loss:11.03436
EarlyStopping counter: 5 out of 7 with 10
epoch:11, train_loss:6.63423, val_loss:9.75559
epoch:12, train_loss:6.93994, val_loss:10.40452
EarlyStopping counter: 1 out of 7 with 12
epoch:13, train_loss:6.78202, val_loss:10.18724
EarlyStopping counter: 2 out of 7 with 13
epoch:14, train_loss:6.69022, val_loss:10.70259
EarlyStopping counter: 3 out of 7 with 14
epoch:15, train_loss:6.60639, val_loss:10.45649
EarlyStopping counter: 4 out of 7 with 15
epoch:16, train_loss:7.52113, val_loss:10.85337
EarlyStopping counter: 5 out of 7 with 16
epoch:17, train_loss:7.23960, val_loss:10.40809
EarlyStopping counter: 6 out of 7 with 17
epoch:18, train_loss:7.13431, val_loss:11.35132
EarlyStopping counter: 7 out of 7 with 18
Early stopping with best_score:9.755586624145508
================================================================================
DATA=ETTh1  MODEL=Autoformer  NORM=dishts  SEED=2025  seq_len=96  label_len=84  pred_len=168  batch_size=128  lr=0.001  alpha=0.5
  MSE=12.970140  MAE=2.109650  RMSE=3.601410  MAPE=876585.937500  MSPE=431515263565824.000000
================================================================================
 data      model   norm  seed  seq_len  label_len  pred_len  batch_size  alpha      MSE     MAE    RMSE        MAPE         MSPE
ETTh1 Autoformer dishts  2025       96         84       168         128    0.5 12.97014 2.10965 3.60141 876585.9375 4.315153e+14
