/root/miniconda3/lib/python3.12/site-packages/torch/autograd/graph.py:744: UserWarning: Plan failed with a cudnnException: CUDNN_BACKEND_EXECUTION_PLAN_DESCRIPTOR: cudnnFinalize Descriptor Failed cudnn_status: CUDNN_STATUS_NOT_SUPPORTED (Triggered internally at ../aten/src/ATen/native/cudnn/Conv_v8.cpp:919.)
  return Variable._execution_engine.run_backward(  # Calls into the C++ engine to run the backward pass
epoch:0, train_loss:13.03159, val_loss:16.26588
epoch:1, train_loss:12.34978, val_loss:16.30429
EarlyStopping counter: 1 out of 7 with 1
epoch:2, train_loss:11.67198, val_loss:15.17207
epoch:3, train_loss:9.61255, val_loss:11.56045
epoch:4, train_loss:8.99595, val_loss:12.85122
EarlyStopping counter: 1 out of 7 with 4
epoch:5, train_loss:8.46803, val_loss:11.67630
EarlyStopping counter: 2 out of 7 with 5
epoch:6, train_loss:7.89676, val_loss:11.71715
EarlyStopping counter: 3 out of 7 with 6
epoch:7, train_loss:7.89559, val_loss:11.63548
EarlyStopping counter: 4 out of 7 with 7
epoch:8, train_loss:8.31929, val_loss:12.00840
EarlyStopping counter: 5 out of 7 with 8
epoch:9, train_loss:7.95949, val_loss:11.25933
epoch:10, train_loss:7.77816, val_loss:11.55371
EarlyStopping counter: 1 out of 7 with 10
epoch:11, train_loss:7.60204, val_loss:11.90787
EarlyStopping counter: 2 out of 7 with 11
epoch:12, train_loss:7.43337, val_loss:11.41578
EarlyStopping counter: 3 out of 7 with 12
epoch:13, train_loss:7.27407, val_loss:11.93155
EarlyStopping counter: 4 out of 7 with 13
epoch:14, train_loss:7.16896, val_loss:12.20327
EarlyStopping counter: 5 out of 7 with 14
epoch:15, train_loss:6.96703, val_loss:12.40801
EarlyStopping counter: 6 out of 7 with 15
epoch:16, train_loss:6.92502, val_loss:12.64645
EarlyStopping counter: 7 out of 7 with 16
Early stopping with best_score:11.259325981140137
================================================================================
DATA=ETTh1  MODEL=Autoformer  NORM=revin  SEED=2023  seq_len=96  label_len=96  pred_len=336  batch_size=64  lr=0.001  alpha=0.5
  MSE=13.861790  MAE=2.216980  RMSE=3.723140  MAPE=1044096.750000  MSPE=563033436848128.000000
================================================================================
Traceback (most recent call last):
  File "/root/miniconda3/lib/python3.12/site-packages/pandas/core/internals/construction.py", line 911, in _finalize_columns_and_data
    columns = _validate_or_indexify_columns(contents, columns)
              ^^^^^^^^^^^^^^^^^^^^^^^^^^^^^^^^^^^^^^^^^^^^^^^^
  File "/root/miniconda3/lib/python3.12/site-packages/pandas/core/internals/construction.py", line 958, in _validate_or_indexify_columns
    raise AssertionError(
AssertionError: 14 columns passed, passed data had 13 columns

The above exception was the direct cause of the following exception:

Traceback (most recent call last):
  File "/root/autodl-tmp/Dish-TS-Reproduction/train.py", line 241, in <module>
    df = pd.DataFrame([[DATA, MODEL, args.norm, args.seq_len, args.label_len,
         ^^^^^^^^^^^^^^^^^^^^^^^^^^^^^^^^^^^^^^^^^^^^^^^^^^^^^^^^^^^^^^^^^^^^
  File "/root/miniconda3/lib/python3.12/site-packages/pandas/core/frame.py", line 837, in __init__
    arrays, columns, index = nested_data_to_arrays(
                             ^^^^^^^^^^^^^^^^^^^^^^
  File "/root/miniconda3/lib/python3.12/site-packages/pandas/core/internals/construction.py", line 477, in nested_data_to_arrays
    arrays, columns = to_arrays(data, columns, dtype=dtype)
                      ^^^^^^^^^^^^^^^^^^^^^^^^^^^^^^^^^^^^^
  File "/root/miniconda3/lib/python3.12/site-packages/pandas/core/internals/construction.py", line 812, in to_arrays
    content, columns = _finalize_columns_and_data(arr, columns, dtype)
                       ^^^^^^^^^^^^^^^^^^^^^^^^^^^^^^^^^^^^^^^^^^^^^^^
  File "/root/miniconda3/lib/python3.12/site-packages/pandas/core/internals/construction.py", line 914, in _finalize_columns_and_data
    raise ValueError(err) from err
ValueError: 14 columns passed, passed data had 13 columns
