/root/miniconda3/lib/python3.12/site-packages/torch/autograd/graph.py:744: UserWarning: Plan failed with a cudnnException: CUDNN_BACKEND_EXECUTION_PLAN_DESCRIPTOR: cudnnFinalize Descriptor Failed cudnn_status: CUDNN_STATUS_NOT_SUPPORTED (Triggered internally at ../aten/src/ATen/native/cudnn/Conv_v8.cpp:919.)
  return Variable._execution_engine.run_backward(  # Calls into the C++ engine to run the backward pass
epoch:0, train_loss:0.53116, val_loss:1.47436
epoch:1, train_loss:0.49124, val_loss:1.82078
EarlyStopping counter: 1 out of 15 with 1
epoch:2, train_loss:0.47479, val_loss:1.44435
epoch:3, train_loss:0.47107, val_loss:1.67174
EarlyStopping counter: 1 out of 15 with 3
epoch:4, train_loss:0.46051, val_loss:1.55126
EarlyStopping counter: 2 out of 15 with 4
epoch:5, train_loss:0.45666, val_loss:1.56650
EarlyStopping counter: 3 out of 15 with 5
epoch:6, train_loss:0.45595, val_loss:1.37684
epoch:7, train_loss:0.45492, val_loss:1.51970
EarlyStopping counter: 1 out of 15 with 7
epoch:8, train_loss:0.44746, val_loss:1.49535
EarlyStopping counter: 2 out of 15 with 8
epoch:9, train_loss:0.45462, val_loss:1.76100
EarlyStopping counter: 3 out of 15 with 9
epoch:10, train_loss:2.02594, val_loss:1.42295
EarlyStopping counter: 4 out of 15 with 10
epoch:11, train_loss:0.62826, val_loss:1.50001
EarlyStopping counter: 5 out of 15 with 11
epoch:12, train_loss:0.57583, val_loss:1.80170
EarlyStopping counter: 6 out of 15 with 12
epoch:13, train_loss:0.55192, val_loss:1.67835
EarlyStopping counter: 7 out of 15 with 13
epoch:14, train_loss:0.53542, val_loss:1.92226
EarlyStopping counter: 8 out of 15 with 14
epoch:15, train_loss:0.52099, val_loss:2.10055
EarlyStopping counter: 9 out of 15 with 15
epoch:16, train_loss:0.51123, val_loss:1.91031
EarlyStopping counter: 10 out of 15 with 16
epoch:17, train_loss:0.50368, val_loss:2.20882
EarlyStopping counter: 11 out of 15 with 17
epoch:18, train_loss:0.49648, val_loss:1.99795
EarlyStopping counter: 12 out of 15 with 18
epoch:19, train_loss:0.49247, val_loss:2.13401
EarlyStopping counter: 13 out of 15 with 19
epoch:20, train_loss:0.49001, val_loss:2.13695
EarlyStopping counter: 14 out of 15 with 20
epoch:21, train_loss:0.48559, val_loss:2.05575
EarlyStopping counter: 15 out of 15 with 21
Early stopping with best_score:1.3768385648727417
[train] per-column MSE: 0.734 0.786 0.139 0.727 0.939 0.011 0.399
================================================================================
DATA=ETTm2  MODEL=Autoformer  NORM=dishts  SEED=2025  seq_len=96  label_len=96  pred_len=336  batch_size=64  lr=0.001  alpha=0.5
  MSE=0.536330  MAE=0.533370  RMSE=0.732340  MAPE=1.575390  MSPE=283.654114
================================================================================
 data      model   norm  seed  seq_len  label_len  pred_len  batch_size  alpha     MSE     MAE    RMSE    MAPE       MSPE
ETTm2 Autoformer dishts  2025       96         96       336          64    0.5 0.53633 0.53337 0.73234 1.57539 283.654114
[train] appended 1 row to /root/autodl-tmp/Dish-TS-Reproduction/results/figure3_runs.csv
[train] wrote figure4 sample to /root/autodl-tmp/Dish-TS-Reproduction/results/figures/figure4_ETTm2_Autoformer_dishts_sq96_pd336_alpha0.5_seed2025.csv
