/root/miniconda3/lib/python3.12/site-packages/torch/autograd/graph.py:744: UserWarning: Plan failed with a cudnnException: CUDNN_BACKEND_EXECUTION_PLAN_DESCRIPTOR: cudnnFinalize Descriptor Failed cudnn_status: CUDNN_STATUS_NOT_SUPPORTED (Triggered internally at ../aten/src/ATen/native/cudnn/Conv_v8.cpp:919.)
  return Variable._execution_engine.run_backward(  # Calls into the C++ engine to run the backward pass
epoch:0, train_loss:0.44432, val_loss:0.95040
epoch:1, train_loss:0.40358, val_loss:0.89188
epoch:2, train_loss:0.39280, val_loss:0.86095
epoch:3, train_loss:0.40072, val_loss:1.08358
EarlyStopping counter: 1 out of 15 with 3
epoch:4, train_loss:0.38483, val_loss:0.99846
EarlyStopping counter: 2 out of 15 with 4
epoch:5, train_loss:5.59459, val_loss:0.80995
epoch:6, train_loss:0.50047, val_loss:0.76855
epoch:7, train_loss:0.48928, val_loss:0.81199
EarlyStopping counter: 1 out of 15 with 7
epoch:8, train_loss:0.47545, val_loss:0.71078
epoch:9, train_loss:0.46574, val_loss:1.08777
EarlyStopping counter: 1 out of 15 with 9
epoch:10, train_loss:0.46207, val_loss:0.80191
EarlyStopping counter: 2 out of 15 with 10
epoch:11, train_loss:0.45945, val_loss:0.73672
EarlyStopping counter: 3 out of 15 with 11
epoch:12, train_loss:0.47392, val_loss:0.84645
EarlyStopping counter: 4 out of 15 with 12
epoch:13, train_loss:0.47064, val_loss:0.81465
EarlyStopping counter: 5 out of 15 with 13
epoch:14, train_loss:0.46741, val_loss:0.95313
EarlyStopping counter: 6 out of 15 with 14
epoch:15, train_loss:0.46579, val_loss:0.77781
EarlyStopping counter: 7 out of 15 with 15
epoch:16, train_loss:0.46310, val_loss:1.02301
EarlyStopping counter: 8 out of 15 with 16
epoch:17, train_loss:0.45954, val_loss:1.16902
EarlyStopping counter: 9 out of 15 with 17
epoch:18, train_loss:0.44255, val_loss:1.21989
EarlyStopping counter: 10 out of 15 with 18
epoch:19, train_loss:0.42777, val_loss:1.03588
EarlyStopping counter: 11 out of 15 with 19
epoch:20, train_loss:0.41736, val_loss:1.43948
EarlyStopping counter: 12 out of 15 with 20
epoch:21, train_loss:0.41038, val_loss:1.29491
EarlyStopping counter: 13 out of 15 with 21
epoch:22, train_loss:0.40011, val_loss:1.14329
EarlyStopping counter: 14 out of 15 with 22
epoch:23, train_loss:0.39185, val_loss:1.22999
EarlyStopping counter: 15 out of 15 with 23
Early stopping with best_score:0.7107842564582825
[train] per-column MSE: 0.660 0.664 0.130 0.541 0.165 0.014 0.353
================================================================================
DATA=ETTm2  MODEL=Autoformer  NORM=dishts  SEED=2024  seq_len=96  label_len=96  pred_len=336  batch_size=64  lr=0.001  alpha=0.1
  MSE=0.364110  MAE=0.418840  RMSE=0.603420  MAPE=2.029710  MSPE=671.029541
================================================================================
 data      model   norm  seed  seq_len  label_len  pred_len  batch_size  alpha     MSE     MAE    RMSE    MAPE       MSPE
ETTm2 Autoformer dishts  2024       96         96       336          64    0.1 0.36411 0.41884 0.60342 2.02971 671.029541
[train] appended 1 row to /root/autodl-tmp/Dish-TS-Reproduction/results/figure3_runs.csv
[train] wrote figure4 sample to /root/autodl-tmp/Dish-TS-Reproduction/results/figures/figure4_ETTm2_Autoformer_dishts_sq96_pd336_alpha0.1_seed2024.csv
