epoch:0, train_loss:0.22655, val_loss:0.15825
epoch:1, train_loss:0.15916, val_loss:0.14857
epoch:2, train_loss:0.15379, val_loss:0.12649
epoch:3, train_loss:0.13059, val_loss:0.13340
EarlyStopping counter: 1 out of 15 with 3
epoch:4, train_loss:0.13028, val_loss:0.12652
EarlyStopping counter: 2 out of 15 with 4
epoch:5, train_loss:0.12146, val_loss:0.12066
epoch:6, train_loss:0.11349, val_loss:0.11867
epoch:7, train_loss:0.12117, val_loss:0.13060
EarlyStopping counter: 1 out of 15 with 7
epoch:8, train_loss:140190.10938, val_loss:3563.11328
EarlyStopping counter: 2 out of 15 with 8
epoch:9, train_loss:849.91638, val_loss:270.16550
EarlyStopping counter: 3 out of 15 with 9
epoch:10, train_loss:329.07541, val_loss:123.71513
EarlyStopping counter: 4 out of 15 with 10
epoch:11, train_loss:226.68063, val_loss:77.99865
EarlyStopping counter: 5 out of 15 with 11
epoch:12, train_loss:171.53297, val_loss:55.13631
EarlyStopping counter: 6 out of 15 with 12
epoch:13, train_loss:132.99791, val_loss:40.07436
EarlyStopping counter: 7 out of 15 with 13
epoch:14, train_loss:109.91418, val_loss:28.69805
EarlyStopping counter: 8 out of 15 with 14
epoch:15, train_loss:91.87110, val_loss:19.32778
EarlyStopping counter: 9 out of 15 with 15
epoch:16, train_loss:74.70133, val_loss:26.96592
EarlyStopping counter: 10 out of 15 with 16
epoch:17, train_loss:62.76800, val_loss:11.76123
EarlyStopping counter: 11 out of 15 with 17
epoch:18, train_loss:52.18830, val_loss:13.08690
EarlyStopping counter: 12 out of 15 with 18
epoch:19, train_loss:43.59011, val_loss:10.54167
EarlyStopping counter: 13 out of 15 with 19
epoch:20, train_loss:36.76504, val_loss:8.26482
EarlyStopping counter: 14 out of 15 with 20
epoch:21, train_loss:30.94570, val_loss:5.34819
EarlyStopping counter: 15 out of 15 with 21
Early stopping with best_score:0.11867090314626694
[train] per-column MSE: 0.160 0.220 0.060 0.243 0.046 0.009 0.048
================================================================================
DATA=ETTm2  MODEL=Autoformer  NORM=none  SEED=2025  seq_len=96  label_len=24  pred_len=24  batch_size=128  lr=0.001  alpha=0.5
  MSE=0.112250  MAE=0.222830  RMSE=0.335040  MAPE=1.397390  MSPE=441.949310
================================================================================
 data      model norm  seed  seq_len  label_len  pred_len  batch_size  alpha     MSE     MAE    RMSE    MAPE      MSPE
ETTm2 Autoformer none  2025       96         24        24         128    0.5 0.11225 0.22283 0.33504 1.39739 441.94931
[train] appended 1 row to /root/autodl-tmp/Dish-TS-Reproduction/results/figure3_runs.csv
[train] wrote figure4 sample to /root/autodl-tmp/Dish-TS-Reproduction/results/figures/figure4_ETTm2_Autoformer_none_sq96_pd24_alpha0.5_seed2025.csv
# data=ETTm2 norm=none pred_len=24 seed=2025
# /root/miniconda3/bin/python3 /root/autodl-tmp/Dish-TS-Reproduction/train.py --data ETTm2 --model Autoformer --norm none --seq_len 96 --pred_len 24 --alpha 0.5 --batch_size 128 --patience 15 --seed 2025 --gpu 0

