/root/miniconda3/lib/python3.12/site-packages/torch/autograd/graph.py:744: UserWarning: Plan failed with a cudnnException: CUDNN_BACKEND_EXECUTION_PLAN_DESCRIPTOR: cudnnFinalize Descriptor Failed cudnn_status: CUDNN_STATUS_NOT_SUPPORTED (Triggered internally at ../aten/src/ATen/native/cudnn/Conv_v8.cpp:919.)
  return Variable._execution_engine.run_backward(  # Calls into the C++ engine to run the backward pass
epoch:0, train_loss:0.55598, val_loss:2.14496
epoch:1, train_loss:0.51468, val_loss:1.67494
epoch:2, train_loss:0.50559, val_loss:2.28077
EarlyStopping counter: 1 out of 15 with 2
epoch:3, train_loss:0.49979, val_loss:1.80303
EarlyStopping counter: 2 out of 15 with 3
epoch:4, train_loss:0.50580, val_loss:2.00479
EarlyStopping counter: 3 out of 15 with 4
epoch:5, train_loss:0.59752, val_loss:1.85880
EarlyStopping counter: 4 out of 15 with 5
epoch:6, train_loss:0.58111, val_loss:1.78012
EarlyStopping counter: 5 out of 15 with 6
epoch:7, train_loss:0.55018, val_loss:1.60947
epoch:8, train_loss:0.52001, val_loss:1.69888
EarlyStopping counter: 1 out of 15 with 8
epoch:9, train_loss:0.51056, val_loss:1.82544
EarlyStopping counter: 2 out of 15 with 9
epoch:10, train_loss:1.81481, val_loss:1.72141
EarlyStopping counter: 3 out of 15 with 10
epoch:11, train_loss:0.63882, val_loss:1.76928
EarlyStopping counter: 4 out of 15 with 11
epoch:12, train_loss:0.60665, val_loss:1.97835
EarlyStopping counter: 5 out of 15 with 12
epoch:13, train_loss:0.58416, val_loss:2.27371
EarlyStopping counter: 6 out of 15 with 13
epoch:14, train_loss:0.56575, val_loss:2.05505
EarlyStopping counter: 7 out of 15 with 14
epoch:15, train_loss:0.55082, val_loss:2.21164
EarlyStopping counter: 8 out of 15 with 15
epoch:16, train_loss:0.54076, val_loss:2.15353
EarlyStopping counter: 9 out of 15 with 16
epoch:17, train_loss:0.53479, val_loss:2.53665
EarlyStopping counter: 10 out of 15 with 17
epoch:18, train_loss:0.53324, val_loss:2.16426
EarlyStopping counter: 11 out of 15 with 18
epoch:19, train_loss:0.52876, val_loss:2.31435
EarlyStopping counter: 12 out of 15 with 19
epoch:20, train_loss:0.52433, val_loss:2.67866
EarlyStopping counter: 13 out of 15 with 20
epoch:21, train_loss:0.52643, val_loss:2.27430
EarlyStopping counter: 14 out of 15 with 21
epoch:22, train_loss:0.52232, val_loss:2.51167
EarlyStopping counter: 15 out of 15 with 22
Early stopping with best_score:1.6094657182693481
[train] per-column MSE: 0.678 0.920 0.145 0.793 0.950 0.014 0.423
================================================================================
DATA=ETTm2  MODEL=Autoformer  NORM=dishts  SEED=2023  seq_len=96  label_len=96  pred_len=336  batch_size=64  lr=0.001  alpha=0.75
  MSE=0.563440  MAE=0.545870  RMSE=0.750630  MAPE=1.546540  MSPE=226.495728
================================================================================
 data      model   norm  seed  seq_len  label_len  pred_len  batch_size  alpha     MSE     MAE    RMSE    MAPE       MSPE
ETTm2 Autoformer dishts  2023       96         96       336          64   0.75 0.56344 0.54587 0.75063 1.54654 226.495728
[train] appended 1 row to /root/autodl-tmp/Dish-TS-Reproduction/results/figure3_runs.csv
[train] wrote figure4 sample to /root/autodl-tmp/Dish-TS-Reproduction/results/figures/figure4_ETTm2_Autoformer_dishts_sq96_pd336_alpha0.75_seed2023.csv
