/root/miniconda3/lib/python3.12/site-packages/torch/autograd/graph.py:744: UserWarning: Plan failed with a cudnnException: CUDNN_BACKEND_EXECUTION_PLAN_DESCRIPTOR: cudnnFinalize Descriptor Failed cudnn_status: CUDNN_STATUS_NOT_SUPPORTED (Triggered internally at ../aten/src/ATen/native/cudnn/Conv_v8.cpp:919.)
  return Variable._execution_engine.run_backward(  # Calls into the C++ engine to run the backward pass
epoch:0, train_loss:0.33047, val_loss:0.47172
epoch:1, train_loss:0.29769, val_loss:0.37793
epoch:2, train_loss:0.28662, val_loss:0.66025
EarlyStopping counter: 1 out of 15 with 2
epoch:3, train_loss:0.27423, val_loss:0.44901
EarlyStopping counter: 2 out of 15 with 3
epoch:4, train_loss:0.26856, val_loss:0.39789
EarlyStopping counter: 3 out of 15 with 4
epoch:5, train_loss:0.26160, val_loss:0.42053
EarlyStopping counter: 4 out of 15 with 5
epoch:6, train_loss:0.25256, val_loss:0.64730
EarlyStopping counter: 5 out of 15 with 6
epoch:7, train_loss:0.24633, val_loss:0.54839
EarlyStopping counter: 6 out of 15 with 7
epoch:8, train_loss:0.24868, val_loss:0.91580
EarlyStopping counter: 7 out of 15 with 8
epoch:9, train_loss:0.23941, val_loss:0.79245
EarlyStopping counter: 8 out of 15 with 9
epoch:10, train_loss:0.23440, val_loss:0.66479
EarlyStopping counter: 9 out of 15 with 10
epoch:11, train_loss:0.22939, val_loss:0.90103
EarlyStopping counter: 10 out of 15 with 11
epoch:12, train_loss:0.22510, val_loss:0.93702
EarlyStopping counter: 11 out of 15 with 12
epoch:13, train_loss:0.22418, val_loss:0.64217
EarlyStopping counter: 12 out of 15 with 13
epoch:14, train_loss:0.21961, val_loss:0.64302
EarlyStopping counter: 13 out of 15 with 14
epoch:15, train_loss:0.21610, val_loss:0.86132
EarlyStopping counter: 14 out of 15 with 15
epoch:16, train_loss:0.28722, val_loss:0.60271
EarlyStopping counter: 15 out of 15 with 16
Early stopping with best_score:0.377930223941803
[train] per-column MSE: 0.382 0.450 0.106 0.433 0.100 0.013 0.214
================================================================================
DATA=ETTm2  MODEL=Autoformer  NORM=dishts  SEED=2024  seq_len=96  label_len=84  pred_len=168  batch_size=128  lr=0.001  alpha=0.0
  MSE=0.243060  MAE=0.335440  RMSE=0.493010  MAPE=1.803490  MSPE=645.115967
================================================================================
 data      model   norm  seed  seq_len  label_len  pred_len  batch_size  alpha     MSE     MAE    RMSE    MAPE       MSPE
ETTm2 Autoformer dishts  2024       96         84       168         128    0.0 0.24306 0.33544 0.49301 1.80349 645.115967
[train] appended 1 row to /root/autodl-tmp/Dish-TS-Reproduction/results/figure3_runs.csv
[train] wrote figure4 sample to /root/autodl-tmp/Dish-TS-Reproduction/results/figures/figure4_ETTm2_Autoformer_dishts_sq96_pd168_alpha0.0_seed2024.csv
