/root/miniconda3/lib/python3.12/site-packages/torch/autograd/graph.py:744: UserWarning: Plan failed with a cudnnException: CUDNN_BACKEND_EXECUTION_PLAN_DESCRIPTOR: cudnnFinalize Descriptor Failed cudnn_status: CUDNN_STATUS_NOT_SUPPORTED (Triggered internally at ../aten/src/ATen/native/cudnn/Conv_v8.cpp:919.)
  return Variable._execution_engine.run_backward(  # Calls into the C++ engine to run the backward pass
epoch:0, train_loss:0.43881, val_loss:1.28612
epoch:1, train_loss:0.40420, val_loss:0.77467
epoch:2, train_loss:0.39073, val_loss:1.12988
EarlyStopping counter: 1 out of 15 with 2
epoch:3, train_loss:0.37738, val_loss:1.26231
EarlyStopping counter: 2 out of 15 with 3
epoch:4, train_loss:0.37135, val_loss:1.45782
EarlyStopping counter: 3 out of 15 with 4
epoch:5, train_loss:0.36125, val_loss:1.24670
EarlyStopping counter: 4 out of 15 with 5
epoch:6, train_loss:0.35469, val_loss:1.19281
EarlyStopping counter: 5 out of 15 with 6
epoch:7, train_loss:0.35223, val_loss:1.03104
EarlyStopping counter: 6 out of 15 with 7
epoch:8, train_loss:0.34561, val_loss:1.44433
EarlyStopping counter: 7 out of 15 with 8
epoch:9, train_loss:0.34416, val_loss:1.20659
EarlyStopping counter: 8 out of 15 with 9
epoch:10, train_loss:0.33490, val_loss:0.97054
EarlyStopping counter: 9 out of 15 with 10
epoch:11, train_loss:0.34178, val_loss:1.27352
EarlyStopping counter: 10 out of 15 with 11
epoch:12, train_loss:0.33566, val_loss:1.25009
EarlyStopping counter: 11 out of 15 with 12
epoch:13, train_loss:1.56337, val_loss:1.48363
EarlyStopping counter: 12 out of 15 with 13
epoch:14, train_loss:0.46701, val_loss:1.01289
EarlyStopping counter: 13 out of 15 with 14
epoch:15, train_loss:0.43403, val_loss:1.33504
EarlyStopping counter: 14 out of 15 with 15
epoch:16, train_loss:0.41534, val_loss:1.25699
EarlyStopping counter: 15 out of 15 with 16
Early stopping with best_score:0.7746726870536804
[train] per-column MSE: 0.522 0.622 0.125 0.619 0.204 0.011 0.279
================================================================================
DATA=ETTm2  MODEL=Autoformer  NORM=dishts  SEED=2023  seq_len=96  label_len=96  pred_len=336  batch_size=64  lr=0.001  alpha=0.1
  MSE=0.343560  MAE=0.399620  RMSE=0.586140  MAPE=1.643650  MSPE=388.691071
================================================================================
 data      model   norm  seed  seq_len  label_len  pred_len  batch_size  alpha     MSE     MAE    RMSE    MAPE       MSPE
ETTm2 Autoformer dishts  2023       96         96       336          64    0.1 0.34356 0.39962 0.58614 1.64365 388.691071
[train] appended 1 row to /root/autodl-tmp/Dish-TS-Reproduction/results/figure3_runs.csv
[train] wrote figure4 sample to /root/autodl-tmp/Dish-TS-Reproduction/results/figures/figure4_ETTm2_Autoformer_dishts_sq96_pd336_alpha0.1_seed2023.csv
