/root/miniconda3/lib/python3.12/site-packages/torch/autograd/graph.py:744: UserWarning: Plan failed with a cudnnException: CUDNN_BACKEND_EXECUTION_PLAN_DESCRIPTOR: cudnnFinalize Descriptor Failed cudnn_status: CUDNN_STATUS_NOT_SUPPORTED (Triggered internally at ../aten/src/ATen/native/cudnn/Conv_v8.cpp:919.)
  return Variable._execution_engine.run_backward(  # Calls into the C++ engine to run the backward pass
epoch:0, train_loss:25.95963, val_loss:16.36894
epoch:1, train_loss:19.45396, val_loss:15.97154
epoch:2, train_loss:18.48538, val_loss:15.76608
epoch:3, train_loss:17.78810, val_loss:17.31155
EarlyStopping counter: 1 out of 15 with 3
epoch:4, train_loss:17.40366, val_loss:18.29232
EarlyStopping counter: 2 out of 15 with 4
epoch:5, train_loss:17.19495, val_loss:16.65878
EarlyStopping counter: 3 out of 15 with 5
epoch:6, train_loss:16.84150, val_loss:17.33019
EarlyStopping counter: 4 out of 15 with 6
epoch:7, train_loss:16.43489, val_loss:18.03222
EarlyStopping counter: 5 out of 15 with 7
epoch:8, train_loss:16.22774, val_loss:18.79234
EarlyStopping counter: 6 out of 15 with 8
epoch:9, train_loss:15.90642, val_loss:19.51293
EarlyStopping counter: 7 out of 15 with 9
epoch:10, train_loss:15.63269, val_loss:19.80315
EarlyStopping counter: 8 out of 15 with 10
epoch:11, train_loss:15.49046, val_loss:21.05438
EarlyStopping counter: 9 out of 15 with 11
epoch:12, train_loss:15.33457, val_loss:22.81925
EarlyStopping counter: 10 out of 15 with 12
epoch:13, train_loss:15.17628, val_loss:23.08040
EarlyStopping counter: 11 out of 15 with 13
epoch:14, train_loss:14.84694, val_loss:21.21097
EarlyStopping counter: 12 out of 15 with 14
epoch:15, train_loss:14.61762, val_loss:24.12073
EarlyStopping counter: 13 out of 15 with 15
epoch:16, train_loss:14.41812, val_loss:20.46916
EarlyStopping counter: 14 out of 15 with 16
epoch:17, train_loss:14.14833, val_loss:24.14069
EarlyStopping counter: 15 out of 15 with 17
Early stopping with best_score:15.76607894897461
[train] per-column MSE: 26.885 6.544 25.461 3.577 2.784 0.499 28.915
================================================================================
DATA=ETTm2  MODEL=Autoformer  NORM=dishts  SEED=2023  seq_len=96  label_len=84  pred_len=168  batch_size=128  lr=0.001  alpha=0.0
  MSE=13.557690  MAE=2.341210  RMSE=3.682080  MAPE=10672709.000000  MSPE=5361815697489920.000000
================================================================================
 data      model   norm  seed  seq_len  label_len  pred_len  batch_size  alpha      MSE     MAE    RMSE       MAPE         MSPE
ETTm2 Autoformer dishts  2023       96         84       168         128    0.0 13.55769 2.34121 3.68208 10672709.0 5.361816e+15
[train] appended 1 row to /root/autodl-tmp/Dish-TS-Reproduction/results/figure3_runs.csv
[train] wrote figure4 sample to /root/autodl-tmp/Dish-TS-Reproduction/results/figures/figure4_ETTm2_Autoformer_dishts_sq96_pd168_alpha0.0_seed2023.csv
