/root/miniconda3/lib/python3.12/site-packages/torch/autograd/graph.py:744: UserWarning: Plan failed with a cudnnException: CUDNN_BACKEND_EXECUTION_PLAN_DESCRIPTOR: cudnnFinalize Descriptor Failed cudnn_status: CUDNN_STATUS_NOT_SUPPORTED (Triggered internally at ../aten/src/ATen/native/cudnn/Conv_v8.cpp:919.)
  return Variable._execution_engine.run_backward(  # Calls into the C++ engine to run the backward pass
epoch:0, train_loss:0.56072, val_loss:1.70842
epoch:1, train_loss:0.51697, val_loss:1.81629
EarlyStopping counter: 1 out of 15 with 1
epoch:2, train_loss:0.50696, val_loss:1.90112
EarlyStopping counter: 2 out of 15 with 2
epoch:3, train_loss:0.50447, val_loss:1.86206
EarlyStopping counter: 3 out of 15 with 3
epoch:4, train_loss:0.50186, val_loss:1.88874
EarlyStopping counter: 4 out of 15 with 4
epoch:5, train_loss:0.49864, val_loss:2.17715
EarlyStopping counter: 5 out of 15 with 5
epoch:6, train_loss:0.50141, val_loss:1.99771
EarlyStopping counter: 6 out of 15 with 6
epoch:7, train_loss:0.50115, val_loss:2.92037
EarlyStopping counter: 7 out of 15 with 7
epoch:8, train_loss:0.49570, val_loss:3.06786
EarlyStopping counter: 8 out of 15 with 8
epoch:9, train_loss:0.48991, val_loss:3.09801
EarlyStopping counter: 9 out of 15 with 9
epoch:10, train_loss:0.48571, val_loss:2.22572
EarlyStopping counter: 10 out of 15 with 10
epoch:11, train_loss:0.47778, val_loss:2.14967
EarlyStopping counter: 11 out of 15 with 11
epoch:12, train_loss:0.47405, val_loss:1.97148
EarlyStopping counter: 12 out of 15 with 12
epoch:13, train_loss:2.83715, val_loss:1.79117
EarlyStopping counter: 13 out of 15 with 13
epoch:14, train_loss:0.59468, val_loss:1.86018
EarlyStopping counter: 14 out of 15 with 14
epoch:15, train_loss:0.57911, val_loss:1.76019
EarlyStopping counter: 15 out of 15 with 15
Early stopping with best_score:1.7084197998046875
[train] per-column MSE: 0.643 1.029 0.136 0.902 0.708 0.013 0.342
================================================================================
DATA=ETTm2  MODEL=Autoformer  NORM=dishts  SEED=2024  seq_len=96  label_len=96  pred_len=336  batch_size=64  lr=0.001  alpha=0.75
  MSE=0.543390  MAE=0.522910  RMSE=0.737150  MAPE=1.641620  MSPE=318.251770
================================================================================
 data      model   norm  seed  seq_len  label_len  pred_len  batch_size  alpha     MSE     MAE    RMSE    MAPE      MSPE
ETTm2 Autoformer dishts  2024       96         96       336          64   0.75 0.54339 0.52291 0.73715 1.64162 318.25177
[train] appended 1 row to /root/autodl-tmp/Dish-TS-Reproduction/results/figure3_runs.csv
[train] wrote figure4 sample to /root/autodl-tmp/Dish-TS-Reproduction/results/figures/figure4_ETTm2_Autoformer_dishts_sq96_pd336_alpha0.75_seed2024.csv
