/root/miniconda3/lib/python3.12/site-packages/torch/autograd/graph.py:744: UserWarning: Plan failed with a cudnnException: CUDNN_BACKEND_EXECUTION_PLAN_DESCRIPTOR: cudnnFinalize Descriptor Failed cudnn_status: CUDNN_STATUS_NOT_SUPPORTED (Triggered internally at ../aten/src/ATen/native/cudnn/Conv_v8.cpp:919.)
  return Variable._execution_engine.run_backward(  # Calls into the C++ engine to run the backward pass
epoch:0, train_loss:0.41496, val_loss:0.79179
epoch:1, train_loss:0.38398, val_loss:0.78088
epoch:2, train_loss:0.36732, val_loss:0.90952
EarlyStopping counter: 1 out of 15 with 2
epoch:3, train_loss:0.35332, val_loss:0.77203
epoch:4, train_loss:0.34313, val_loss:0.73421
epoch:5, train_loss:0.33439, val_loss:1.26026
EarlyStopping counter: 1 out of 15 with 5
epoch:6, train_loss:0.34157, val_loss:1.18023
EarlyStopping counter: 2 out of 15 with 6
epoch:7, train_loss:0.33212, val_loss:1.02138
EarlyStopping counter: 3 out of 15 with 7
epoch:8, train_loss:0.32811, val_loss:0.72729
epoch:9, train_loss:0.33987, val_loss:3.03896
EarlyStopping counter: 1 out of 15 with 9
epoch:10, train_loss:0.32996, val_loss:1.74413
EarlyStopping counter: 2 out of 15 with 10
epoch:11, train_loss:0.32093, val_loss:1.23063
EarlyStopping counter: 3 out of 15 with 11
epoch:12, train_loss:0.31119, val_loss:2.95508
EarlyStopping counter: 4 out of 15 with 12
epoch:13, train_loss:0.44417, val_loss:1.71965
EarlyStopping counter: 5 out of 15 with 13
epoch:14, train_loss:0.33751, val_loss:2.85101
EarlyStopping counter: 6 out of 15 with 14
epoch:15, train_loss:0.31162, val_loss:4.90696
EarlyStopping counter: 7 out of 15 with 15
epoch:16, train_loss:0.30317, val_loss:3.31181
EarlyStopping counter: 8 out of 15 with 16
epoch:17, train_loss:0.29822, val_loss:2.68163
EarlyStopping counter: 9 out of 15 with 17
epoch:18, train_loss:0.29508, val_loss:2.33203
EarlyStopping counter: 10 out of 15 with 18
epoch:19, train_loss:0.29612, val_loss:2.18882
EarlyStopping counter: 11 out of 15 with 19
epoch:20, train_loss:0.29277, val_loss:3.06357
EarlyStopping counter: 12 out of 15 with 20
epoch:21, train_loss:0.29461, val_loss:3.43716
EarlyStopping counter: 13 out of 15 with 21
epoch:22, train_loss:0.37884, val_loss:3.52702
EarlyStopping counter: 14 out of 15 with 22
epoch:23, train_loss:0.28602, val_loss:3.81474
EarlyStopping counter: 15 out of 15 with 23
Early stopping with best_score:0.7272850871086121
[train] per-column MSE: 0.634 0.709 0.132 0.729 0.169 0.013 0.311
================================================================================
DATA=ETTm2  MODEL=Autoformer  NORM=dishts  SEED=2024  seq_len=96  label_len=96  pred_len=336  batch_size=64  lr=0.001  alpha=0.0
  MSE=0.388910  MAE=0.416280  RMSE=0.623630  MAPE=1.960340  MSPE=627.604492
================================================================================
 data      model   norm  seed  seq_len  label_len  pred_len  batch_size  alpha     MSE     MAE    RMSE    MAPE       MSPE
ETTm2 Autoformer dishts  2024       96         96       336          64    0.0 0.38891 0.41628 0.62363 1.96034 627.604492
[train] appended 1 row to /root/autodl-tmp/Dish-TS-Reproduction/results/figure3_runs.csv
[train] wrote figure4 sample to /root/autodl-tmp/Dish-TS-Reproduction/results/figures/figure4_ETTm2_Autoformer_dishts_sq96_pd336_alpha0.0_seed2024.csv
