/root/miniconda3/lib/python3.12/site-packages/torch/autograd/graph.py:744: UserWarning: Plan failed with a cudnnException: CUDNN_BACKEND_EXECUTION_PLAN_DESCRIPTOR: cudnnFinalize Descriptor Failed cudnn_status: CUDNN_STATUS_NOT_SUPPORTED (Triggered internally at ../aten/src/ATen/native/cudnn/Conv_v8.cpp:919.)
  return Variable._execution_engine.run_backward(  # Calls into the C++ engine to run the backward pass
epoch:0, train_loss:0.53564, val_loss:1.82950
epoch:1, train_loss:0.48862, val_loss:1.72213
epoch:2, train_loss:0.47591, val_loss:1.83366
EarlyStopping counter: 1 out of 15 with 2
epoch:3, train_loss:0.46674, val_loss:1.77870
EarlyStopping counter: 2 out of 15 with 3
epoch:4, train_loss:0.46283, val_loss:1.89716
EarlyStopping counter: 3 out of 15 with 4
epoch:5, train_loss:0.45549, val_loss:1.89103
EarlyStopping counter: 4 out of 15 with 5
epoch:6, train_loss:0.45083, val_loss:1.87926
EarlyStopping counter: 5 out of 15 with 6
epoch:7, train_loss:0.44816, val_loss:1.84255
EarlyStopping counter: 6 out of 15 with 7
epoch:8, train_loss:0.44857, val_loss:2.32515
EarlyStopping counter: 7 out of 15 with 8
epoch:9, train_loss:0.44592, val_loss:2.32162
EarlyStopping counter: 8 out of 15 with 9
epoch:10, train_loss:0.44245, val_loss:2.19801
EarlyStopping counter: 9 out of 15 with 10
epoch:11, train_loss:0.43995, val_loss:2.55999
EarlyStopping counter: 10 out of 15 with 11
epoch:12, train_loss:0.44447, val_loss:2.51271
EarlyStopping counter: 11 out of 15 with 12
epoch:13, train_loss:0.44345, val_loss:2.34329
EarlyStopping counter: 12 out of 15 with 13
epoch:14, train_loss:0.45077, val_loss:3.04351
EarlyStopping counter: 13 out of 15 with 14
epoch:15, train_loss:0.44466, val_loss:2.24040
EarlyStopping counter: 14 out of 15 with 15
epoch:16, train_loss:0.44273, val_loss:2.58658
EarlyStopping counter: 15 out of 15 with 16
Early stopping with best_score:1.7221311330795288
[train] per-column MSE: 0.553 1.011 0.129 0.675 1.068 0.008 0.315
================================================================================
DATA=ETTm2  MODEL=Autoformer  NORM=dishts  SEED=2024  seq_len=96  label_len=84  pred_len=168  batch_size=128  lr=0.001  alpha=1.0
  MSE=0.538430  MAE=0.532050  RMSE=0.733780  MAPE=1.479660  MSPE=231.909286
================================================================================
 data      model   norm  seed  seq_len  label_len  pred_len  batch_size  alpha     MSE     MAE    RMSE    MAPE       MSPE
ETTm2 Autoformer dishts  2024       96         84       168         128    1.0 0.53843 0.53205 0.73378 1.47966 231.909286
[train] appended 1 row to /root/autodl-tmp/Dish-TS-Reproduction/results/figure3_runs.csv
[train] wrote figure4 sample to /root/autodl-tmp/Dish-TS-Reproduction/results/figures/figure4_ETTm2_Autoformer_dishts_sq96_pd168_alpha1.0_seed2024.csv
