epoch:0, train_loss:0.47179, val_loss:2.98150
epoch:1, train_loss:0.41871, val_loss:1.61601
epoch:2, train_loss:0.39903, val_loss:1.77539
EarlyStopping counter: 1 out of 15 with 2
epoch:3, train_loss:0.39144, val_loss:1.53907
epoch:4, train_loss:0.38496, val_loss:2.16858
EarlyStopping counter: 1 out of 15 with 4
epoch:5, train_loss:0.38506, val_loss:2.58089
EarlyStopping counter: 2 out of 15 with 5
epoch:6, train_loss:0.37741, val_loss:1.69105
EarlyStopping counter: 3 out of 15 with 6
epoch:7, train_loss:0.37187, val_loss:1.86279
EarlyStopping counter: 4 out of 15 with 7
epoch:8, train_loss:0.37325, val_loss:1.74206
EarlyStopping counter: 5 out of 15 with 8
epoch:9, train_loss:0.35612, val_loss:1.80197
EarlyStopping counter: 6 out of 15 with 9
epoch:10, train_loss:0.35394, val_loss:1.77304
EarlyStopping counter: 7 out of 15 with 10
epoch:11, train_loss:0.34311, val_loss:1.77485
EarlyStopping counter: 8 out of 15 with 11
epoch:12, train_loss:0.34318, val_loss:1.86596
EarlyStopping counter: 9 out of 15 with 12
epoch:13, train_loss:0.33598, val_loss:2.80241
EarlyStopping counter: 10 out of 15 with 13
epoch:14, train_loss:0.32481, val_loss:2.43825
EarlyStopping counter: 11 out of 15 with 14
epoch:15, train_loss:0.32923, val_loss:2.41586
EarlyStopping counter: 12 out of 15 with 15
epoch:16, train_loss:0.33070, val_loss:2.55893
EarlyStopping counter: 13 out of 15 with 16
epoch:17, train_loss:0.32790, val_loss:2.15934
EarlyStopping counter: 14 out of 15 with 17
epoch:18, train_loss:0.32360, val_loss:2.26033
EarlyStopping counter: 15 out of 15 with 18
Early stopping with best_score:1.5390665531158447
[train] per-column MSE: 0.957 1.038 0.140 0.676 1.175 0.008 0.245
================================================================================
DATA=ETTm2  MODEL=Autoformer  NORM=dishts  SEED=2025  seq_len=96  label_len=48  pred_len=96  batch_size=128  lr=0.001  alpha=0.75
  MSE=0.605980  MAE=0.570520  RMSE=0.778450  MAPE=1.461180  MSPE=241.271606
================================================================================
 data      model   norm  seed  seq_len  label_len  pred_len  batch_size  alpha     MSE     MAE    RMSE    MAPE       MSPE
ETTm2 Autoformer dishts  2025       96         48        96         128   0.75 0.60598 0.57052 0.77845 1.46118 241.271606
[train] appended 1 row to /root/autodl-tmp/Dish-TS-Reproduction/results/figure3_runs.csv
[train] wrote figure4 sample to /root/autodl-tmp/Dish-TS-Reproduction/results/figures/figure4_ETTm2_Autoformer_dishts_sq96_pd96_alpha0.75_seed2025.csv
