epoch:0, train_loss:0.36821, val_loss:0.94206
epoch:1, train_loss:0.32171, val_loss:0.97464
EarlyStopping counter: 1 out of 15 with 1
epoch:2, train_loss:0.31874, val_loss:0.87947
epoch:3, train_loss:0.30987, val_loss:0.88618
EarlyStopping counter: 1 out of 15 with 3
epoch:4, train_loss:0.29765, val_loss:1.09462
EarlyStopping counter: 2 out of 15 with 4
epoch:5, train_loss:0.29186, val_loss:1.11873
EarlyStopping counter: 3 out of 15 with 5
epoch:6, train_loss:0.29257, val_loss:1.01356
EarlyStopping counter: 4 out of 15 with 6
epoch:7, train_loss:0.31431, val_loss:0.95605
EarlyStopping counter: 5 out of 15 with 7
epoch:8, train_loss:0.34924, val_loss:0.88242
EarlyStopping counter: 6 out of 15 with 8
epoch:9, train_loss:0.33956, val_loss:0.81434
epoch:10, train_loss:0.34058, val_loss:0.82125
EarlyStopping counter: 1 out of 15 with 10
epoch:11, train_loss:213.57210, val_loss:3.42628
EarlyStopping counter: 2 out of 15 with 11
epoch:12, train_loss:1.01031, val_loss:1.45291
EarlyStopping counter: 3 out of 15 with 12
epoch:13, train_loss:0.73560, val_loss:1.25180
EarlyStopping counter: 4 out of 15 with 13
epoch:14, train_loss:0.64067, val_loss:1.09545
EarlyStopping counter: 5 out of 15 with 14
epoch:15, train_loss:0.57209, val_loss:1.16735
EarlyStopping counter: 6 out of 15 with 15
epoch:16, train_loss:0.53378, val_loss:1.19758
EarlyStopping counter: 7 out of 15 with 16
epoch:17, train_loss:0.52054, val_loss:1.00565
EarlyStopping counter: 8 out of 15 with 17
epoch:18, train_loss:0.49797, val_loss:1.34631
EarlyStopping counter: 9 out of 15 with 18
epoch:19, train_loss:0.48677, val_loss:0.90701
EarlyStopping counter: 10 out of 15 with 19
epoch:20, train_loss:0.48194, val_loss:0.88482
EarlyStopping counter: 11 out of 15 with 20
epoch:21, train_loss:0.46744, val_loss:0.86241
EarlyStopping counter: 12 out of 15 with 21
epoch:22, train_loss:0.45824, val_loss:0.89390
EarlyStopping counter: 13 out of 15 with 22
epoch:23, train_loss:0.45695, val_loss:0.93243
EarlyStopping counter: 14 out of 15 with 23
epoch:24, train_loss:0.44994, val_loss:0.86410
EarlyStopping counter: 15 out of 15 with 24
Early stopping with best_score:0.814339816570282
[train] per-column MSE: 0.370 0.462 0.111 0.490 0.208 0.009 0.231
================================================================================
DATA=ETTm2  MODEL=Autoformer  NORM=dishts  SEED=2025  seq_len=96  label_len=48  pred_len=96  batch_size=128  lr=0.001  alpha=0.25
  MSE=0.269140  MAE=0.364100  RMSE=0.518790  MAPE=1.712330  MSPE=529.523560
================================================================================
 data      model   norm  seed  seq_len  label_len  pred_len  batch_size  alpha     MSE    MAE    RMSE    MAPE      MSPE
ETTm2 Autoformer dishts  2025       96         48        96         128   0.25 0.26914 0.3641 0.51879 1.71233 529.52356
[train] appended 1 row to /root/autodl-tmp/Dish-TS-Reproduction/results/figure3_runs.csv
[train] wrote figure4 sample to /root/autodl-tmp/Dish-TS-Reproduction/results/figures/figure4_ETTm2_Autoformer_dishts_sq96_pd96_alpha0.25_seed2025.csv
