epoch:0, train_loss:0.45287, val_loss:1.69893
epoch:1, train_loss:0.38104, val_loss:1.65882
epoch:2, train_loss:0.38045, val_loss:1.64317
epoch:3, train_loss:0.38700, val_loss:1.74202
EarlyStopping counter: 1 out of 15 with 3
epoch:4, train_loss:0.38080, val_loss:1.70518
EarlyStopping counter: 2 out of 15 with 4
epoch:5, train_loss:0.38139, val_loss:1.67445
EarlyStopping counter: 3 out of 15 with 5
epoch:6, train_loss:0.37973, val_loss:1.70664
EarlyStopping counter: 4 out of 15 with 6
epoch:7, train_loss:0.37892, val_loss:1.68803
EarlyStopping counter: 5 out of 15 with 7
epoch:8, train_loss:0.37054, val_loss:1.75279
EarlyStopping counter: 6 out of 15 with 8
epoch:9, train_loss:0.36894, val_loss:1.69953
EarlyStopping counter: 7 out of 15 with 9
epoch:10, train_loss:0.36661, val_loss:1.91473
EarlyStopping counter: 8 out of 15 with 10
epoch:11, train_loss:0.36711, val_loss:1.70238
EarlyStopping counter: 9 out of 15 with 11
epoch:12, train_loss:0.36687, val_loss:1.87077
EarlyStopping counter: 10 out of 15 with 12
epoch:13, train_loss:0.36154, val_loss:1.76554
EarlyStopping counter: 11 out of 15 with 13
epoch:14, train_loss:0.36139, val_loss:1.80017
EarlyStopping counter: 12 out of 15 with 14
epoch:15, train_loss:0.36136, val_loss:1.76580
EarlyStopping counter: 13 out of 15 with 15
epoch:16, train_loss:0.36009, val_loss:1.90871
EarlyStopping counter: 14 out of 15 with 16
epoch:17, train_loss:0.36076, val_loss:1.68865
EarlyStopping counter: 15 out of 15 with 17
Early stopping with best_score:1.6431732177734375
[train] per-column MSE: 0.619 0.809 0.105 0.730 1.112 0.007 0.240
================================================================================
DATA=ETTm2  MODEL=Autoformer  NORM=dishts  SEED=2025  seq_len=96  label_len=24  pred_len=24  batch_size=128  lr=0.001  alpha=1.0
  MSE=0.517630  MAE=0.519430  RMSE=0.719460  MAPE=1.367880  MSPE=292.453979
================================================================================
 data      model   norm  seed  seq_len  label_len  pred_len  batch_size  alpha     MSE     MAE    RMSE    MAPE       MSPE
ETTm2 Autoformer dishts  2025       96         24        24         128    1.0 0.51763 0.51943 0.71946 1.36788 292.453979
[train] appended 1 row to /root/autodl-tmp/Dish-TS-Reproduction/results/figure3_runs.csv
[train] wrote figure4 sample to /root/autodl-tmp/Dish-TS-Reproduction/results/figures/figure4_ETTm2_Autoformer_dishts_sq96_pd24_alpha1.0_seed2025.csv
