/root/miniconda3/lib/python3.12/site-packages/torch/autograd/graph.py:744: UserWarning: Plan failed with a cudnnException: CUDNN_BACKEND_EXECUTION_PLAN_DESCRIPTOR: cudnnFinalize Descriptor Failed cudnn_status: CUDNN_STATUS_NOT_SUPPORTED (Triggered internally at ../aten/src/ATen/native/cudnn/Conv_v8.cpp:919.)
  return Variable._execution_engine.run_backward(  # Calls into the C++ engine to run the backward pass
epoch:0, train_loss:0.40303, val_loss:0.88500
epoch:1, train_loss:0.36534, val_loss:1.05070
EarlyStopping counter: 1 out of 15 with 1
epoch:2, train_loss:0.36071, val_loss:0.98326
EarlyStopping counter: 2 out of 15 with 2
epoch:3, train_loss:0.35059, val_loss:1.05890
EarlyStopping counter: 3 out of 15 with 3
epoch:4, train_loss:0.33907, val_loss:1.03627
EarlyStopping counter: 4 out of 15 with 4
epoch:5, train_loss:0.33462, val_loss:0.96710
EarlyStopping counter: 5 out of 15 with 5
epoch:6, train_loss:0.33488, val_loss:1.12422
EarlyStopping counter: 6 out of 15 with 6
epoch:7, train_loss:0.33526, val_loss:1.05647
EarlyStopping counter: 7 out of 15 with 7
epoch:8, train_loss:0.32632, val_loss:1.00852
EarlyStopping counter: 8 out of 15 with 8
epoch:9, train_loss:0.31978, val_loss:1.09876
EarlyStopping counter: 9 out of 15 with 9
epoch:10, train_loss:0.31787, val_loss:1.05908
EarlyStopping counter: 10 out of 15 with 10
epoch:11, train_loss:0.30966, val_loss:1.11660
EarlyStopping counter: 11 out of 15 with 11
epoch:12, train_loss:0.30726, val_loss:1.13819
EarlyStopping counter: 12 out of 15 with 12
epoch:13, train_loss:0.30186, val_loss:1.12587
EarlyStopping counter: 13 out of 15 with 13
epoch:14, train_loss:0.31642, val_loss:1.14299
EarlyStopping counter: 14 out of 15 with 14
epoch:15, train_loss:0.31589, val_loss:1.09206
EarlyStopping counter: 15 out of 15 with 15
Early stopping with best_score:0.8849964737892151
[train] per-column MSE: 0.349 0.537 0.104 0.538 0.247 0.008 0.220
================================================================================
DATA=ETTm2  MODEL=Autoformer  NORM=dishts  SEED=2023  seq_len=96  label_len=84  pred_len=168  batch_size=128  lr=0.001  alpha=0.25
  MSE=0.287000  MAE=0.371410  RMSE=0.535720  MAPE=1.657600  MSPE=593.588867
================================================================================
 data      model   norm  seed  seq_len  label_len  pred_len  batch_size  alpha   MSE     MAE    RMSE   MAPE       MSPE
ETTm2 Autoformer dishts  2023       96         84       168         128   0.25 0.287 0.37141 0.53572 1.6576 593.588867
[train] appended 1 row to /root/autodl-tmp/Dish-TS-Reproduction/results/figure3_runs.csv
[train] wrote figure4 sample to /root/autodl-tmp/Dish-TS-Reproduction/results/figures/figure4_ETTm2_Autoformer_dishts_sq96_pd168_alpha0.25_seed2023.csv
