/root/miniconda3/lib/python3.12/site-packages/torch/autograd/graph.py:744: UserWarning: Plan failed with a cudnnException: CUDNN_BACKEND_EXECUTION_PLAN_DESCRIPTOR: cudnnFinalize Descriptor Failed cudnn_status: CUDNN_STATUS_NOT_SUPPORTED (Triggered internally at ../aten/src/ATen/native/cudnn/Conv_v8.cpp:919.)
  return Variable._execution_engine.run_backward(  # Calls into the C++ engine to run the backward pass
epoch:0, train_loss:0.52169, val_loss:1.97684
epoch:1, train_loss:0.48391, val_loss:1.51850
epoch:2, train_loss:0.47454, val_loss:2.27136
EarlyStopping counter: 1 out of 15 with 2
epoch:3, train_loss:0.46603, val_loss:1.62299
EarlyStopping counter: 2 out of 15 with 3
epoch:4, train_loss:0.46104, val_loss:1.90230
EarlyStopping counter: 3 out of 15 with 4
epoch:5, train_loss:0.45693, val_loss:1.81641
EarlyStopping counter: 4 out of 15 with 5
epoch:6, train_loss:0.45030, val_loss:1.62885
EarlyStopping counter: 5 out of 15 with 6
epoch:7, train_loss:0.44843, val_loss:1.83757
EarlyStopping counter: 6 out of 15 with 7
epoch:8, train_loss:0.44507, val_loss:1.93122
EarlyStopping counter: 7 out of 15 with 8
epoch:9, train_loss:0.45184, val_loss:1.78036
EarlyStopping counter: 8 out of 15 with 9
epoch:10, train_loss:0.44023, val_loss:1.75674
EarlyStopping counter: 9 out of 15 with 10
epoch:11, train_loss:0.47378, val_loss:3.43965
EarlyStopping counter: 10 out of 15 with 11
epoch:12, train_loss:0.45678, val_loss:2.13247
EarlyStopping counter: 11 out of 15 with 12
epoch:13, train_loss:0.46312, val_loss:1.94532
EarlyStopping counter: 12 out of 15 with 13
epoch:14, train_loss:0.45429, val_loss:1.71823
EarlyStopping counter: 13 out of 15 with 14
epoch:15, train_loss:0.45237, val_loss:2.03947
EarlyStopping counter: 14 out of 15 with 15
epoch:16, train_loss:0.45237, val_loss:3.03487
EarlyStopping counter: 15 out of 15 with 16
Early stopping with best_score:1.5184974670410156
[train] per-column MSE: 0.565 1.076 0.129 0.786 0.551 0.009 0.312
================================================================================
DATA=ETTm2  MODEL=Autoformer  NORM=dishts  SEED=2023  seq_len=96  label_len=96  pred_len=336  batch_size=64  lr=0.001  alpha=0.5
  MSE=0.494450  MAE=0.491420  RMSE=0.703170  MAPE=1.525620  MSPE=292.731995
================================================================================
 data      model   norm  seed  seq_len  label_len  pred_len  batch_size  alpha     MSE     MAE    RMSE    MAPE       MSPE
ETTm2 Autoformer dishts  2023       96         96       336          64    0.5 0.49445 0.49142 0.70317 1.52562 292.731995
[train] appended 1 row to /root/autodl-tmp/Dish-TS-Reproduction/results/figure3_runs.csv
[train] wrote figure4 sample to /root/autodl-tmp/Dish-TS-Reproduction/results/figures/figure4_ETTm2_Autoformer_dishts_sq96_pd336_alpha0.5_seed2023.csv
