/root/miniconda3/lib/python3.12/site-packages/torch/autograd/graph.py:744: UserWarning: Plan failed with a cudnnException: CUDNN_BACKEND_EXECUTION_PLAN_DESCRIPTOR: cudnnFinalize Descriptor Failed cudnn_status: CUDNN_STATUS_NOT_SUPPORTED (Triggered internally at ../aten/src/ATen/native/cudnn/Conv_v8.cpp:919.)
  return Variable._execution_engine.run_backward(  # Calls into the C++ engine to run the backward pass
epoch:0, train_loss:0.32588, val_loss:0.59615
epoch:1, train_loss:0.29183, val_loss:0.55551
epoch:2, train_loss:0.27659, val_loss:0.63053
EarlyStopping counter: 1 out of 15 with 2
epoch:3, train_loss:0.26975, val_loss:0.43393
epoch:4, train_loss:0.26049, val_loss:0.53000
EarlyStopping counter: 1 out of 15 with 4
epoch:5, train_loss:0.25659, val_loss:0.61621
EarlyStopping counter: 2 out of 15 with 5
epoch:6, train_loss:0.25048, val_loss:0.76930
EarlyStopping counter: 3 out of 15 with 6
epoch:7, train_loss:0.27651, val_loss:0.59567
EarlyStopping counter: 4 out of 15 with 7
epoch:8, train_loss:0.26957, val_loss:0.55310
EarlyStopping counter: 5 out of 15 with 8
epoch:9, train_loss:0.25429, val_loss:0.53935
EarlyStopping counter: 6 out of 15 with 9
epoch:10, train_loss:0.26751, val_loss:0.48331
EarlyStopping counter: 7 out of 15 with 10
epoch:11, train_loss:0.41305, val_loss:0.55458
EarlyStopping counter: 8 out of 15 with 11
epoch:12, train_loss:0.27644, val_loss:0.75894
EarlyStopping counter: 9 out of 15 with 12
epoch:13, train_loss:0.26297, val_loss:0.55660
EarlyStopping counter: 10 out of 15 with 13
epoch:14, train_loss:0.24804, val_loss:0.56419
EarlyStopping counter: 11 out of 15 with 14
epoch:15, train_loss:0.26288, val_loss:0.62484
EarlyStopping counter: 12 out of 15 with 15
epoch:16, train_loss:0.24922, val_loss:0.66887
EarlyStopping counter: 13 out of 15 with 16
epoch:17, train_loss:0.24356, val_loss:0.62575
EarlyStopping counter: 14 out of 15 with 17
epoch:18, train_loss:0.24149, val_loss:0.58074
EarlyStopping counter: 15 out of 15 with 18
Early stopping with best_score:0.43392911553382874
[train] per-column MSE: 0.336 0.424 0.108 0.518 0.113 0.012 0.209
================================================================================
DATA=ETTm2  MODEL=Autoformer  NORM=dishts  SEED=2025  seq_len=96  label_len=84  pred_len=168  batch_size=128  lr=0.001  alpha=0.0
  MSE=0.246260  MAE=0.337430  RMSE=0.496250  MAPE=1.664780  MSPE=451.365173
================================================================================
 data      model   norm  seed  seq_len  label_len  pred_len  batch_size  alpha     MSE     MAE    RMSE    MAPE       MSPE
ETTm2 Autoformer dishts  2025       96         84       168         128    0.0 0.24626 0.33743 0.49625 1.66478 451.365173
[train] appended 1 row to /root/autodl-tmp/Dish-TS-Reproduction/results/figure3_runs.csv
[train] wrote figure4 sample to /root/autodl-tmp/Dish-TS-Reproduction/results/figures/figure4_ETTm2_Autoformer_dishts_sq96_pd168_alpha0.0_seed2025.csv
