/root/miniconda3/lib/python3.12/site-packages/torch/autograd/graph.py:744: UserWarning: Plan failed with a cudnnException: CUDNN_BACKEND_EXECUTION_PLAN_DESCRIPTOR: cudnnFinalize Descriptor Failed cudnn_status: CUDNN_STATUS_NOT_SUPPORTED (Triggered internally at ../aten/src/ATen/native/cudnn/Conv_v8.cpp:919.)
  return Variable._execution_engine.run_backward(  # Calls into the C++ engine to run the backward pass
epoch:0, train_loss:0.47976, val_loss:1.40821
epoch:1, train_loss:0.44621, val_loss:1.03234
epoch:2, train_loss:0.42690, val_loss:1.46622
EarlyStopping counter: 1 out of 15 with 2
epoch:3, train_loss:0.41616, val_loss:1.25563
EarlyStopping counter: 2 out of 15 with 3
epoch:4, train_loss:0.41522, val_loss:1.45413
EarlyStopping counter: 3 out of 15 with 4
epoch:5, train_loss:0.40898, val_loss:1.76693
EarlyStopping counter: 4 out of 15 with 5
epoch:6, train_loss:0.40602, val_loss:1.38870
EarlyStopping counter: 5 out of 15 with 6
epoch:7, train_loss:0.39803, val_loss:1.39656
EarlyStopping counter: 6 out of 15 with 7
epoch:8, train_loss:0.39606, val_loss:1.80370
EarlyStopping counter: 7 out of 15 with 8
epoch:9, train_loss:0.39466, val_loss:1.38100
EarlyStopping counter: 8 out of 15 with 9
epoch:10, train_loss:0.40661, val_loss:1.05431
EarlyStopping counter: 9 out of 15 with 10
epoch:11, train_loss:0.39726, val_loss:1.41210
EarlyStopping counter: 10 out of 15 with 11
epoch:12, train_loss:0.42307, val_loss:2.04788
EarlyStopping counter: 11 out of 15 with 12
epoch:13, train_loss:0.41217, val_loss:2.44067
EarlyStopping counter: 12 out of 15 with 13
epoch:14, train_loss:0.40958, val_loss:2.33670
EarlyStopping counter: 13 out of 15 with 14
epoch:15, train_loss:0.39974, val_loss:2.40465
EarlyStopping counter: 14 out of 15 with 15
epoch:16, train_loss:4.61565, val_loss:1.73644
EarlyStopping counter: 15 out of 15 with 16
Early stopping with best_score:1.0323370695114136
[train] per-column MSE: 0.562 0.668 0.129 0.678 0.399 0.009 0.286
================================================================================
DATA=ETTm2  MODEL=Autoformer  NORM=dishts  SEED=2023  seq_len=96  label_len=96  pred_len=336  batch_size=64  lr=0.001  alpha=0.25
  MSE=0.393490  MAE=0.437640  RMSE=0.627290  MAPE=1.565940  MSPE=335.061920
================================================================================
 data      model   norm  seed  seq_len  label_len  pred_len  batch_size  alpha     MSE     MAE    RMSE    MAPE      MSPE
ETTm2 Autoformer dishts  2023       96         96       336          64   0.25 0.39349 0.43764 0.62729 1.56594 335.06192
[train] appended 1 row to /root/autodl-tmp/Dish-TS-Reproduction/results/figure3_runs.csv
[train] wrote figure4 sample to /root/autodl-tmp/Dish-TS-Reproduction/results/figures/figure4_ETTm2_Autoformer_dishts_sq96_pd336_alpha0.25_seed2023.csv
