epoch:0, train_loss:0.30864, val_loss:0.20463
epoch:1, train_loss:0.27203, val_loss:0.21668
EarlyStopping counter: 1 out of 15 with 1
epoch:2, train_loss:0.27100, val_loss:0.21132
EarlyStopping counter: 2 out of 15 with 2
epoch:3, train_loss:0.26674, val_loss:0.21005
EarlyStopping counter: 3 out of 15 with 3
epoch:4, train_loss:0.26012, val_loss:0.34236
EarlyStopping counter: 4 out of 15 with 4
epoch:5, train_loss:0.25863, val_loss:0.26293
EarlyStopping counter: 5 out of 15 with 5
epoch:6, train_loss:0.25446, val_loss:0.30316
EarlyStopping counter: 6 out of 15 with 6
epoch:7, train_loss:0.25475, val_loss:0.24972
EarlyStopping counter: 7 out of 15 with 7
epoch:8, train_loss:0.25249, val_loss:0.21801
EarlyStopping counter: 8 out of 15 with 8
epoch:9, train_loss:0.25424, val_loss:0.33840
EarlyStopping counter: 9 out of 15 with 9
epoch:10, train_loss:0.25030, val_loss:0.22876
EarlyStopping counter: 10 out of 15 with 10
epoch:11, train_loss:0.24838, val_loss:0.23333
EarlyStopping counter: 11 out of 15 with 11
epoch:12, train_loss:0.24356, val_loss:0.33590
EarlyStopping counter: 12 out of 15 with 12
epoch:13, train_loss:0.24066, val_loss:0.74308
EarlyStopping counter: 13 out of 15 with 13
epoch:14, train_loss:0.23671, val_loss:0.25294
EarlyStopping counter: 14 out of 15 with 14
epoch:15, train_loss:0.23072, val_loss:0.33470
EarlyStopping counter: 15 out of 15 with 15
Early stopping with best_score:0.20463235676288605
[train] per-column MSE: 0.272 0.349 0.109 0.428 0.065 0.010 0.170
================================================================================
DATA=ETTm2  MODEL=Autoformer  NORM=none  SEED=2024  seq_len=96  label_len=48  pred_len=96  batch_size=128  lr=0.001  alpha=0.5
  MSE=0.200630  MAE=0.305710  RMSE=0.447910  MAPE=1.811720  MSPE=650.205688
================================================================================
 data      model norm  seed  seq_len  label_len  pred_len  batch_size  alpha     MSE     MAE    RMSE    MAPE       MSPE
ETTm2 Autoformer none  2024       96         48        96         128    0.5 0.20063 0.30571 0.44791 1.81172 650.205688
[train] appended 1 row to /root/autodl-tmp/Dish-TS-Reproduction/results/figure3_runs.csv
[train] wrote figure4 sample to /root/autodl-tmp/Dish-TS-Reproduction/results/figures/figure4_ETTm2_Autoformer_none_sq96_pd96_alpha0.5_seed2024.csv
# data=ETTm2 norm=none pred_len=96 seed=2024
# /root/miniconda3/bin/python3 /root/autodl-tmp/Dish-TS-Reproduction/train.py --data ETTm2 --model Autoformer --norm none --seq_len 96 --pred_len 96 --alpha 0.5 --batch_size 128 --patience 15 --seed 2024 --gpu 0

