epoch:0, train_loss:0.31889, val_loss:0.20390
epoch:1, train_loss:0.26330, val_loss:0.23350
EarlyStopping counter: 1 out of 15 with 1
epoch:2, train_loss:0.25185, val_loss:0.20551
EarlyStopping counter: 2 out of 15 with 2
epoch:3, train_loss:0.23885, val_loss:0.20680
EarlyStopping counter: 3 out of 15 with 3
epoch:4, train_loss:0.22855, val_loss:0.22399
EarlyStopping counter: 4 out of 15 with 4
epoch:5, train_loss:0.22527, val_loss:0.23154
EarlyStopping counter: 5 out of 15 with 5
epoch:6, train_loss:0.22314, val_loss:0.25920
EarlyStopping counter: 6 out of 15 with 6
epoch:7, train_loss:0.21734, val_loss:0.21825
EarlyStopping counter: 7 out of 15 with 7
epoch:8, train_loss:0.22634, val_loss:0.20168
epoch:9, train_loss:0.25595, val_loss:0.27308
EarlyStopping counter: 1 out of 15 with 9
epoch:10, train_loss:0.25907, val_loss:0.21292
EarlyStopping counter: 2 out of 15 with 10
epoch:11, train_loss:0.25547, val_loss:0.21665
EarlyStopping counter: 3 out of 15 with 11
epoch:12, train_loss:0.24317, val_loss:0.23920
EarlyStopping counter: 4 out of 15 with 12
epoch:13, train_loss:0.24067, val_loss:0.26955
EarlyStopping counter: 5 out of 15 with 13
epoch:14, train_loss:0.23737, val_loss:0.29164
EarlyStopping counter: 6 out of 15 with 14
epoch:15, train_loss:0.23488, val_loss:0.25663
EarlyStopping counter: 7 out of 15 with 15
epoch:16, train_loss:0.23490, val_loss:0.24729
EarlyStopping counter: 8 out of 15 with 16
epoch:17, train_loss:0.23911, val_loss:0.26972
EarlyStopping counter: 9 out of 15 with 17
epoch:18, train_loss:0.23502, val_loss:0.22603
EarlyStopping counter: 10 out of 15 with 18
epoch:19, train_loss:0.23329, val_loss:0.24203
EarlyStopping counter: 11 out of 15 with 19
epoch:20, train_loss:0.22591, val_loss:0.26731
EarlyStopping counter: 12 out of 15 with 20
epoch:21, train_loss:0.22255, val_loss:0.24098
EarlyStopping counter: 13 out of 15 with 21
epoch:22, train_loss:0.21758, val_loss:0.23375
EarlyStopping counter: 14 out of 15 with 22
epoch:23, train_loss:0.21774, val_loss:0.24692
EarlyStopping counter: 15 out of 15 with 23
Early stopping with best_score:0.2016761749982834
[train] per-column MSE: 0.298 0.359 0.099 0.418 0.062 0.011 0.163
================================================================================
DATA=ETTm2  MODEL=Autoformer  NORM=none  SEED=2025  seq_len=96  label_len=48  pred_len=96  batch_size=128  lr=0.001  alpha=0.5
  MSE=0.201750  MAE=0.303260  RMSE=0.449170  MAPE=1.971500  MSPE=896.062744
================================================================================
 data      model norm  seed  seq_len  label_len  pred_len  batch_size  alpha     MSE     MAE    RMSE   MAPE       MSPE
ETTm2 Autoformer none  2025       96         48        96         128    0.5 0.20175 0.30326 0.44917 1.9715 896.062744
[train] appended 1 row to /root/autodl-tmp/Dish-TS-Reproduction/results/figure3_runs.csv
[train] wrote figure4 sample to /root/autodl-tmp/Dish-TS-Reproduction/results/figures/figure4_ETTm2_Autoformer_none_sq96_pd96_alpha0.5_seed2025.csv
# data=ETTm2 norm=none pred_len=96 seed=2025
# /root/miniconda3/bin/python3 /root/autodl-tmp/Dish-TS-Reproduction/train.py --data ETTm2 --model Autoformer --norm none --seq_len 96 --pred_len 96 --alpha 0.5 --batch_size 128 --patience 15 --seed 2025 --gpu 0

