epoch:0, train_loss:27.71260, val_loss:19.03939
epoch:1, train_loss:18.33649, val_loss:16.89209
epoch:2, train_loss:17.13706, val_loss:18.46995
EarlyStopping counter: 1 out of 7 with 2
epoch:3, train_loss:16.86499, val_loss:16.87543
epoch:4, train_loss:16.44239, val_loss:17.66934
EarlyStopping counter: 1 out of 7 with 4
epoch:5, train_loss:16.07790, val_loss:17.40458
EarlyStopping counter: 2 out of 7 with 5
epoch:6, train_loss:15.91438, val_loss:18.11199
EarlyStopping counter: 3 out of 7 with 6
epoch:7, train_loss:15.98186, val_loss:18.95178
EarlyStopping counter: 4 out of 7 with 7
epoch:8, train_loss:15.73460, val_loss:17.59522
EarlyStopping counter: 5 out of 7 with 8
epoch:9, train_loss:15.56822, val_loss:17.99417
EarlyStopping counter: 6 out of 7 with 9
epoch:10, train_loss:15.47149, val_loss:18.05888
EarlyStopping counter: 7 out of 7 with 10
Early stopping with best_score:16.87543296813965
================================================================================
DATA=ETTm2  MODEL=Autoformer  NORM=dishts  SEED=2023  seq_len=96  label_len=48  pred_len=96  batch_size=128  lr=0.001  alpha=0.5
  MSE=13.725390  MAE=2.601270  RMSE=3.704780  MAPE=9608875.000000  MSPE=4228146194808832.000000
================================================================================
 data      model   norm  seed  seq_len  label_len  pred_len  batch_size  alpha      MSE     MAE    RMSE      MAPE         MSPE
ETTm2 Autoformer dishts  2023       96         48        96         128    0.5 13.72539 2.60127 3.70478 9608875.0 4.228146e+15
