epoch:0, train_loss:0.36788, val_loss:0.26051
epoch:1, train_loss:0.33133, val_loss:0.29311
EarlyStopping counter: 1 out of 15 with 1
epoch:2, train_loss:0.32507, val_loss:0.29257
EarlyStopping counter: 2 out of 15 with 2
epoch:3, train_loss:0.32031, val_loss:0.34254
EarlyStopping counter: 3 out of 15 with 3
epoch:4, train_loss:0.31340, val_loss:0.29478
EarlyStopping counter: 4 out of 15 with 4
epoch:5, train_loss:0.30655, val_loss:0.32874
EarlyStopping counter: 5 out of 15 with 5
epoch:6, train_loss:0.28711, val_loss:0.36722
EarlyStopping counter: 6 out of 15 with 6
epoch:7, train_loss:0.28505, val_loss:0.35750
EarlyStopping counter: 7 out of 15 with 7
epoch:8, train_loss:0.27506, val_loss:0.40881
EarlyStopping counter: 8 out of 15 with 8
epoch:9, train_loss:0.26455, val_loss:0.35547
EarlyStopping counter: 9 out of 15 with 9
epoch:10, train_loss:0.25626, val_loss:0.36587
EarlyStopping counter: 10 out of 15 with 10
epoch:11, train_loss:0.25193, val_loss:0.43621
EarlyStopping counter: 11 out of 15 with 11
epoch:12, train_loss:0.24515, val_loss:0.37528
EarlyStopping counter: 12 out of 15 with 12
epoch:13, train_loss:0.23541, val_loss:0.46339
EarlyStopping counter: 13 out of 15 with 13
epoch:14, train_loss:0.24039, val_loss:0.44359
EarlyStopping counter: 14 out of 15 with 14
epoch:15, train_loss:0.22874, val_loss:0.41706
EarlyStopping counter: 15 out of 15 with 15
Early stopping with best_score:0.26050758361816406
[train] per-column MSE: 0.319 0.355 0.114 0.435 0.073 0.011 0.250
================================================================================
DATA=ETTm2  MODEL=Autoformer  NORM=none  SEED=2024  seq_len=96  label_len=84  pred_len=168  batch_size=128  lr=0.001  alpha=0.5
  MSE=0.222980  MAE=0.330260  RMSE=0.472210  MAPE=2.257410  MSPE=1107.507446
================================================================================
 data      model norm  seed  seq_len  label_len  pred_len  batch_size  alpha     MSE     MAE    RMSE    MAPE        MSPE
ETTm2 Autoformer none  2024       96         84       168         128    0.5 0.22298 0.33026 0.47221 2.25741 1107.507446
[train] appended 1 row to /root/autodl-tmp/Dish-TS-Reproduction/results/figure3_runs.csv
[train] wrote figure4 sample to /root/autodl-tmp/Dish-TS-Reproduction/results/figures/figure4_ETTm2_Autoformer_none_sq96_pd168_alpha0.5_seed2024.csv
# data=ETTm2 norm=none pred_len=168 seed=2024
# /root/miniconda3/bin/python3 /root/autodl-tmp/Dish-TS-Reproduction/train.py --data ETTm2 --model Autoformer --norm none --seq_len 96 --pred_len 168 --alpha 0.5 --batch_size 128 --patience 15 --seed 2024 --gpu 0

