/root/miniconda3/lib/python3.12/site-packages/torch/autograd/graph.py:744: UserWarning: Plan failed with a cudnnException: CUDNN_BACKEND_EXECUTION_PLAN_DESCRIPTOR: cudnnFinalize Descriptor Failed cudnn_status: CUDNN_STATUS_NOT_SUPPORTED (Triggered internally at ../aten/src/ATen/native/cudnn/Conv_v8.cpp:919.)
  return Variable._execution_engine.run_backward(  # Calls into the C++ engine to run the backward pass
epoch:0, train_loss:0.52933, val_loss:1.82621
epoch:1, train_loss:0.48411, val_loss:1.82303
epoch:2, train_loss:0.47034, val_loss:1.81386
epoch:3, train_loss:0.46409, val_loss:1.78204
epoch:4, train_loss:0.45934, val_loss:1.80624
EarlyStopping counter: 1 out of 15 with 4
epoch:5, train_loss:0.45237, val_loss:1.77828
epoch:6, train_loss:0.44841, val_loss:1.86785
EarlyStopping counter: 1 out of 15 with 6
epoch:7, train_loss:0.44434, val_loss:2.08513
EarlyStopping counter: 2 out of 15 with 7
epoch:8, train_loss:0.44094, val_loss:1.88609
EarlyStopping counter: 3 out of 15 with 8
epoch:9, train_loss:0.43982, val_loss:1.89616
EarlyStopping counter: 4 out of 15 with 9
epoch:10, train_loss:0.43623, val_loss:1.97635
EarlyStopping counter: 5 out of 15 with 10
epoch:11, train_loss:0.43634, val_loss:1.90857
EarlyStopping counter: 6 out of 15 with 11
epoch:12, train_loss:0.43181, val_loss:1.91933
EarlyStopping counter: 7 out of 15 with 12
epoch:13, train_loss:0.43166, val_loss:2.21121
EarlyStopping counter: 8 out of 15 with 13
epoch:14, train_loss:0.43010, val_loss:1.91565
EarlyStopping counter: 9 out of 15 with 14
epoch:15, train_loss:0.42788, val_loss:1.85588
EarlyStopping counter: 10 out of 15 with 15
epoch:16, train_loss:0.42751, val_loss:2.04151
EarlyStopping counter: 11 out of 15 with 16
epoch:17, train_loss:0.42435, val_loss:2.03137
EarlyStopping counter: 12 out of 15 with 17
epoch:18, train_loss:0.42360, val_loss:2.09077
EarlyStopping counter: 13 out of 15 with 18
epoch:19, train_loss:1.17883, val_loss:1.72083
epoch:20, train_loss:0.51187, val_loss:1.77431
EarlyStopping counter: 1 out of 15 with 20
epoch:21, train_loss:0.50094, val_loss:1.87086
EarlyStopping counter: 2 out of 15 with 21
epoch:22, train_loss:0.49299, val_loss:1.89740
EarlyStopping counter: 3 out of 15 with 22
epoch:23, train_loss:0.48577, val_loss:1.96711
EarlyStopping counter: 4 out of 15 with 23
epoch:24, train_loss:0.47916, val_loss:2.05493
EarlyStopping counter: 5 out of 15 with 24
epoch:25, train_loss:0.47429, val_loss:1.93514
EarlyStopping counter: 6 out of 15 with 25
epoch:26, train_loss:0.47032, val_loss:1.94956
EarlyStopping counter: 7 out of 15 with 26
epoch:27, train_loss:0.46376, val_loss:1.88169
EarlyStopping counter: 8 out of 15 with 27
epoch:28, train_loss:0.45647, val_loss:1.92405
EarlyStopping counter: 9 out of 15 with 28
epoch:29, train_loss:0.45184, val_loss:1.94378
EarlyStopping counter: 10 out of 15 with 29
epoch:30, train_loss:0.44780, val_loss:1.97085
EarlyStopping counter: 11 out of 15 with 30
epoch:31, train_loss:0.44633, val_loss:1.91469
EarlyStopping counter: 12 out of 15 with 31
epoch:32, train_loss:0.44164, val_loss:1.97520
EarlyStopping counter: 13 out of 15 with 32
epoch:33, train_loss:0.44245, val_loss:1.92394
EarlyStopping counter: 14 out of 15 with 33
epoch:34, train_loss:0.43950, val_loss:2.03724
EarlyStopping counter: 15 out of 15 with 34
Early stopping with best_score:1.7208327054977417
[train] per-column MSE: 0.966 1.139 0.148 0.921 1.355 0.013 0.394
================================================================================
DATA=ETTm2  MODEL=Autoformer  NORM=dishts  SEED=2025  seq_len=96  label_len=84  pred_len=168  batch_size=128  lr=0.001  alpha=1.0
  MSE=0.706700  MAE=0.624480  RMSE=0.840660  MAPE=1.529890  MSPE=199.095093
================================================================================
 data      model   norm  seed  seq_len  label_len  pred_len  batch_size  alpha    MSE     MAE    RMSE    MAPE       MSPE
ETTm2 Autoformer dishts  2025       96         84       168         128    1.0 0.7067 0.62448 0.84066 1.52989 199.095093
[train] appended 1 row to /root/autodl-tmp/Dish-TS-Reproduction/results/figure3_runs.csv
[train] wrote figure4 sample to /root/autodl-tmp/Dish-TS-Reproduction/results/figures/figure4_ETTm2_Autoformer_dishts_sq96_pd168_alpha1.0_seed2025.csv
