epoch:0, train_loss:0.46950, val_loss:1.49256
epoch:1, train_loss:0.42634, val_loss:1.46197
epoch:2, train_loss:0.41361, val_loss:1.52403
EarlyStopping counter: 1 out of 15 with 2
epoch:3, train_loss:0.40761, val_loss:1.85526
EarlyStopping counter: 2 out of 15 with 3
epoch:4, train_loss:0.41062, val_loss:1.96541
EarlyStopping counter: 3 out of 15 with 4
epoch:5, train_loss:0.40061, val_loss:1.94797
EarlyStopping counter: 4 out of 15 with 5
epoch:6, train_loss:0.39311, val_loss:1.54764
EarlyStopping counter: 5 out of 15 with 6
epoch:7, train_loss:0.39909, val_loss:1.53250
EarlyStopping counter: 6 out of 15 with 7
epoch:8, train_loss:0.44343, val_loss:1.70329
EarlyStopping counter: 7 out of 15 with 8
epoch:9, train_loss:0.43033, val_loss:2.17700
EarlyStopping counter: 8 out of 15 with 9
epoch:10, train_loss:0.42408, val_loss:1.68629
EarlyStopping counter: 9 out of 15 with 10
epoch:11, train_loss:0.41999, val_loss:1.78861
EarlyStopping counter: 10 out of 15 with 11
epoch:12, train_loss:0.41490, val_loss:1.89013
EarlyStopping counter: 11 out of 15 with 12
epoch:13, train_loss:0.41724, val_loss:1.79358
EarlyStopping counter: 12 out of 15 with 13
epoch:14, train_loss:0.40848, val_loss:2.43048
EarlyStopping counter: 13 out of 15 with 14
epoch:15, train_loss:263.77307, val_loss:2.58941
EarlyStopping counter: 14 out of 15 with 15
epoch:16, train_loss:1.01525, val_loss:2.05043
EarlyStopping counter: 15 out of 15 with 16
Early stopping with best_score:1.4619710445404053
[train] per-column MSE: 0.488 0.779 0.119 0.547 0.915 0.008 0.223
================================================================================
DATA=ETTm2  MODEL=Autoformer  NORM=dishts  SEED=2024  seq_len=96  label_len=48  pred_len=96  batch_size=128  lr=0.001  alpha=0.75
  MSE=0.440430  MAE=0.479690  RMSE=0.663650  MAPE=1.490040  MSPE=298.921692
================================================================================
 data      model   norm  seed  seq_len  label_len  pred_len  batch_size  alpha     MSE     MAE    RMSE    MAPE       MSPE
ETTm2 Autoformer dishts  2024       96         48        96         128   0.75 0.44043 0.47969 0.66365 1.49004 298.921692
[train] appended 1 row to /root/autodl-tmp/Dish-TS-Reproduction/results/figure3_runs.csv
[train] wrote figure4 sample to /root/autodl-tmp/Dish-TS-Reproduction/results/figures/figure4_ETTm2_Autoformer_dishts_sq96_pd96_alpha0.75_seed2024.csv
