/root/miniconda3/lib/python3.12/site-packages/torch/autograd/graph.py:744: UserWarning: Plan failed with a cudnnException: CUDNN_BACKEND_EXECUTION_PLAN_DESCRIPTOR: cudnnFinalize Descriptor Failed cudnn_status: CUDNN_STATUS_NOT_SUPPORTED (Triggered internally at ../aten/src/ATen/native/cudnn/Conv_v8.cpp:919.)
  return Variable._execution_engine.run_backward(  # Calls into the C++ engine to run the backward pass
epoch:0, train_loss:0.35701, val_loss:0.25315
epoch:1, train_loss:0.33853, val_loss:0.24827
epoch:2, train_loss:0.33051, val_loss:0.25003
EarlyStopping counter: 1 out of 15 with 2
epoch:3, train_loss:0.31808, val_loss:0.27211
EarlyStopping counter: 2 out of 15 with 3
epoch:4, train_loss:0.29918, val_loss:0.31496
EarlyStopping counter: 3 out of 15 with 4
epoch:5, train_loss:0.28778, val_loss:0.33542
EarlyStopping counter: 4 out of 15 with 5
epoch:6, train_loss:0.26593, val_loss:0.36596
EarlyStopping counter: 5 out of 15 with 6
epoch:7, train_loss:0.25150, val_loss:0.38452
EarlyStopping counter: 6 out of 15 with 7
epoch:8, train_loss:0.24409, val_loss:0.36283
EarlyStopping counter: 7 out of 15 with 8
epoch:9, train_loss:0.23406, val_loss:0.34912
EarlyStopping counter: 8 out of 15 with 9
epoch:10, train_loss:0.23188, val_loss:0.35973
EarlyStopping counter: 9 out of 15 with 10
epoch:11, train_loss:0.22299, val_loss:0.38700
EarlyStopping counter: 10 out of 15 with 11
epoch:12, train_loss:0.22021, val_loss:0.36514
EarlyStopping counter: 11 out of 15 with 12
epoch:13, train_loss:0.21496, val_loss:0.36025
EarlyStopping counter: 12 out of 15 with 13
epoch:14, train_loss:0.21292, val_loss:0.39073
EarlyStopping counter: 13 out of 15 with 14
epoch:15, train_loss:0.21153, val_loss:0.42886
EarlyStopping counter: 14 out of 15 with 15
epoch:16, train_loss:0.21138, val_loss:0.41831
EarlyStopping counter: 15 out of 15 with 16
Early stopping with best_score:0.2482689768075943
[train] per-column MSE: 0.294 0.334 0.112 0.406 0.071 0.010 0.249
================================================================================
DATA=ETTm2  MODEL=Autoformer  NORM=revin  SEED=2025  seq_len=96  label_len=84  pred_len=168  batch_size=128  lr=0.001  alpha=0.5
  MSE=0.211490  MAE=0.315050  RMSE=0.459880  MAPE=2.008690  MSPE=892.517456
================================================================================
 data      model  norm  seed  seq_len  label_len  pred_len  batch_size  alpha     MSE     MAE    RMSE    MAPE       MSPE
ETTm2 Autoformer revin  2025       96         84       168         128    0.5 0.21149 0.31505 0.45988 2.00869 892.517456
[train] appended 1 row to /root/autodl-tmp/Dish-TS-Reproduction/results/figure3_runs.csv
[train] wrote figure4 sample to /root/autodl-tmp/Dish-TS-Reproduction/results/figures/figure4_ETTm2_Autoformer_revin_sq96_pd168_alpha0.5_seed2025.csv
# data=ETTm2 norm=revin pred_len=168 seed=2025
# /root/miniconda3/bin/python3 /root/autodl-tmp/Dish-TS-Reproduction/train.py --data ETTm2 --model Autoformer --norm revin --seq_len 96 --pred_len 168 --alpha 0.5 --batch_size 128 --patience 15 --seed 2025 --gpu 0

