/root/miniconda3/lib/python3.12/site-packages/torch/autograd/graph.py:744: UserWarning: Plan failed with a cudnnException: CUDNN_BACKEND_EXECUTION_PLAN_DESCRIPTOR: cudnnFinalize Descriptor Failed cudnn_status: CUDNN_STATUS_NOT_SUPPORTED (Triggered internally at ../aten/src/ATen/native/cudnn/Conv_v8.cpp:919.)
  return Variable._execution_engine.run_backward(  # Calls into the C++ engine to run the backward pass
epoch:0, train_loss:0.49657, val_loss:1.51850
epoch:1, train_loss:0.45432, val_loss:1.75594
EarlyStopping counter: 1 out of 15 with 1
epoch:2, train_loss:0.44532, val_loss:1.56369
EarlyStopping counter: 2 out of 15 with 2
epoch:3, train_loss:0.43587, val_loss:1.65065
EarlyStopping counter: 3 out of 15 with 3
epoch:4, train_loss:0.43024, val_loss:1.71060
EarlyStopping counter: 4 out of 15 with 4
epoch:5, train_loss:0.43035, val_loss:1.63317
EarlyStopping counter: 5 out of 15 with 5
epoch:6, train_loss:0.42167, val_loss:1.64816
EarlyStopping counter: 6 out of 15 with 6
epoch:7, train_loss:0.43147, val_loss:1.80508
EarlyStopping counter: 7 out of 15 with 7
epoch:8, train_loss:0.48361, val_loss:1.71777
EarlyStopping counter: 8 out of 15 with 8
epoch:9, train_loss:0.46689, val_loss:1.87988
EarlyStopping counter: 9 out of 15 with 9
epoch:10, train_loss:0.43762, val_loss:1.80205
EarlyStopping counter: 10 out of 15 with 10
epoch:11, train_loss:0.42927, val_loss:1.72413
EarlyStopping counter: 11 out of 15 with 11
epoch:12, train_loss:0.44134, val_loss:1.69909
EarlyStopping counter: 12 out of 15 with 12
epoch:13, train_loss:0.42752, val_loss:1.68653
EarlyStopping counter: 13 out of 15 with 13
epoch:14, train_loss:0.42113, val_loss:1.74844
EarlyStopping counter: 14 out of 15 with 14
epoch:15, train_loss:0.41984, val_loss:1.77529
EarlyStopping counter: 15 out of 15 with 15
Early stopping with best_score:1.5184978246688843
[train] per-column MSE: 0.541 0.718 0.129 0.631 0.733 0.009 0.304
================================================================================
DATA=ETTm2  MODEL=Autoformer  NORM=dishts  SEED=2023  seq_len=96  label_len=84  pred_len=168  batch_size=128  lr=0.001  alpha=0.75
  MSE=0.438930  MAE=0.481800  RMSE=0.662520  MAPE=1.568180  MSPE=317.122467
================================================================================
 data      model   norm  seed  seq_len  label_len  pred_len  batch_size  alpha     MSE    MAE    RMSE    MAPE       MSPE
ETTm2 Autoformer dishts  2023       96         84       168         128   0.75 0.43893 0.4818 0.66252 1.56818 317.122467
[train] appended 1 row to /root/autodl-tmp/Dish-TS-Reproduction/results/figure3_runs.csv
[train] wrote figure4 sample to /root/autodl-tmp/Dish-TS-Reproduction/results/figures/figure4_ETTm2_Autoformer_dishts_sq96_pd168_alpha0.75_seed2023.csv
