/root/miniconda3/lib/python3.12/site-packages/torch/autograd/graph.py:744: UserWarning: Plan failed with a cudnnException: CUDNN_BACKEND_EXECUTION_PLAN_DESCRIPTOR: cudnnFinalize Descriptor Failed cudnn_status: CUDNN_STATUS_NOT_SUPPORTED (Triggered internally at ../aten/src/ATen/native/cudnn/Conv_v8.cpp:919.)
  return Variable._execution_engine.run_backward(  # Calls into the C++ engine to run the backward pass
epoch:0, train_loss:0.52984, val_loss:1.70687
epoch:1, train_loss:0.47916, val_loss:1.79877
EarlyStopping counter: 1 out of 15 with 1
epoch:2, train_loss:0.46975, val_loss:1.73626
EarlyStopping counter: 2 out of 15 with 2
epoch:3, train_loss:0.46085, val_loss:1.87045
EarlyStopping counter: 3 out of 15 with 3
epoch:4, train_loss:0.45518, val_loss:1.88173
EarlyStopping counter: 4 out of 15 with 4
epoch:5, train_loss:0.45193, val_loss:1.89545
EarlyStopping counter: 5 out of 15 with 5
epoch:6, train_loss:0.44707, val_loss:1.89790
EarlyStopping counter: 6 out of 15 with 6
epoch:7, train_loss:0.44474, val_loss:1.95786
EarlyStopping counter: 7 out of 15 with 7
epoch:8, train_loss:0.44049, val_loss:1.96012
EarlyStopping counter: 8 out of 15 with 8
epoch:9, train_loss:0.43935, val_loss:2.10860
EarlyStopping counter: 9 out of 15 with 9
epoch:10, train_loss:0.43512, val_loss:1.92102
EarlyStopping counter: 10 out of 15 with 10
epoch:11, train_loss:0.43392, val_loss:2.05460
EarlyStopping counter: 11 out of 15 with 11
epoch:12, train_loss:0.43252, val_loss:1.96443
EarlyStopping counter: 12 out of 15 with 12
epoch:13, train_loss:0.42887, val_loss:1.97526
EarlyStopping counter: 13 out of 15 with 13
epoch:14, train_loss:0.42818, val_loss:2.01743
EarlyStopping counter: 14 out of 15 with 14
epoch:15, train_loss:0.42625, val_loss:1.94497
EarlyStopping counter: 15 out of 15 with 15
Early stopping with best_score:1.7068737745285034
[train] per-column MSE: 0.630 0.959 0.142 0.784 0.899 0.009 0.338
================================================================================
DATA=ETTm2  MODEL=Autoformer  NORM=dishts  SEED=2023  seq_len=96  label_len=84  pred_len=168  batch_size=128  lr=0.001  alpha=1.0
  MSE=0.538660  MAE=0.534110  RMSE=0.733930  MAPE=1.524160  MSPE=244.927063
================================================================================
 data      model   norm  seed  seq_len  label_len  pred_len  batch_size  alpha     MSE     MAE    RMSE    MAPE       MSPE
ETTm2 Autoformer dishts  2023       96         84       168         128    1.0 0.53866 0.53411 0.73393 1.52416 244.927063
[train] appended 1 row to /root/autodl-tmp/Dish-TS-Reproduction/results/figure3_runs.csv
[train] wrote figure4 sample to /root/autodl-tmp/Dish-TS-Reproduction/results/figures/figure4_ETTm2_Autoformer_dishts_sq96_pd168_alpha1.0_seed2023.csv
