/root/miniconda3/lib/python3.12/site-packages/torch/autograd/graph.py:744: UserWarning: Plan failed with a cudnnException: CUDNN_BACKEND_EXECUTION_PLAN_DESCRIPTOR: cudnnFinalize Descriptor Failed cudnn_status: CUDNN_STATUS_NOT_SUPPORTED (Triggered internally at ../aten/src/ATen/native/cudnn/Conv_v8.cpp:919.)
  return Variable._execution_engine.run_backward(  # Calls into the C++ engine to run the backward pass
epoch:0, train_loss:0.41457, val_loss:0.69374
epoch:1, train_loss:0.37831, val_loss:1.15803
EarlyStopping counter: 1 out of 15 with 1
epoch:2, train_loss:0.36988, val_loss:0.64309
epoch:3, train_loss:0.37161, val_loss:1.05252
EarlyStopping counter: 1 out of 15 with 3
epoch:4, train_loss:0.41310, val_loss:0.82275
EarlyStopping counter: 2 out of 15 with 4
epoch:5, train_loss:0.35928, val_loss:0.77811
EarlyStopping counter: 3 out of 15 with 5
epoch:6, train_loss:0.34698, val_loss:0.82736
EarlyStopping counter: 4 out of 15 with 6
epoch:7, train_loss:0.33558, val_loss:1.06482
EarlyStopping counter: 5 out of 15 with 7
epoch:8, train_loss:0.33130, val_loss:2.73308
EarlyStopping counter: 6 out of 15 with 8
epoch:9, train_loss:0.34134, val_loss:1.34505
EarlyStopping counter: 7 out of 15 with 9
epoch:10, train_loss:0.32818, val_loss:0.89406
EarlyStopping counter: 8 out of 15 with 10
epoch:11, train_loss:0.33137, val_loss:1.01598
EarlyStopping counter: 9 out of 15 with 11
epoch:12, train_loss:0.33055, val_loss:1.11458
EarlyStopping counter: 10 out of 15 with 12
epoch:13, train_loss:0.32044, val_loss:0.91698
EarlyStopping counter: 11 out of 15 with 13
epoch:14, train_loss:0.31911, val_loss:1.15810
EarlyStopping counter: 12 out of 15 with 14
epoch:15, train_loss:0.31854, val_loss:1.17602
EarlyStopping counter: 13 out of 15 with 15
epoch:16, train_loss:0.32149, val_loss:1.45195
EarlyStopping counter: 14 out of 15 with 16
epoch:17, train_loss:0.31595, val_loss:1.07697
EarlyStopping counter: 15 out of 15 with 17
Early stopping with best_score:0.6430860757827759
[train] per-column MSE: 0.488 0.573 0.130 0.600 0.101 0.014 0.284
================================================================================
DATA=ETTm2  MODEL=Autoformer  NORM=dishts  SEED=2025  seq_len=96  label_len=96  pred_len=336  batch_size=64  lr=0.001  alpha=0.0
  MSE=0.315920  MAE=0.372100  RMSE=0.562060  MAPE=1.771210  MSPE=424.484375
================================================================================
 data      model   norm  seed  seq_len  label_len  pred_len  batch_size  alpha     MSE    MAE    RMSE    MAPE       MSPE
ETTm2 Autoformer dishts  2025       96         96       336          64    0.0 0.31592 0.3721 0.56206 1.77121 424.484375
[train] appended 1 row to /root/autodl-tmp/Dish-TS-Reproduction/results/figure3_runs.csv
[train] wrote figure4 sample to /root/autodl-tmp/Dish-TS-Reproduction/results/figures/figure4_ETTm2_Autoformer_dishts_sq96_pd336_alpha0.0_seed2025.csv
