epoch:0, train_loss:0.42295, val_loss:1.46049
epoch:1, train_loss:0.37419, val_loss:3.23391
EarlyStopping counter: 1 out of 15 with 1
epoch:2, train_loss:0.36422, val_loss:2.74458
EarlyStopping counter: 2 out of 15 with 2
epoch:3, train_loss:0.35751, val_loss:1.75538
EarlyStopping counter: 3 out of 15 with 3
epoch:4, train_loss:0.34721, val_loss:1.43442
epoch:5, train_loss:0.34087, val_loss:1.47483
EarlyStopping counter: 1 out of 15 with 5
epoch:6, train_loss:0.33902, val_loss:1.37906
epoch:7, train_loss:0.33562, val_loss:1.48584
EarlyStopping counter: 1 out of 15 with 7
epoch:8, train_loss:0.33135, val_loss:1.55905
EarlyStopping counter: 2 out of 15 with 8
epoch:9, train_loss:0.32383, val_loss:2.08795
EarlyStopping counter: 3 out of 15 with 9
epoch:10, train_loss:0.31530, val_loss:2.09059
EarlyStopping counter: 4 out of 15 with 10
epoch:11, train_loss:0.35515, val_loss:1.45638
EarlyStopping counter: 5 out of 15 with 11
epoch:12, train_loss:0.34160, val_loss:1.66404
EarlyStopping counter: 6 out of 15 with 12
epoch:13, train_loss:0.31869, val_loss:1.50047
EarlyStopping counter: 7 out of 15 with 13
epoch:14, train_loss:0.31282, val_loss:1.55122
EarlyStopping counter: 8 out of 15 with 14
epoch:15, train_loss:9.31910, val_loss:1.38263
EarlyStopping counter: 9 out of 15 with 15
epoch:16, train_loss:0.50890, val_loss:1.31375
epoch:17, train_loss:0.46852, val_loss:1.22102
epoch:18, train_loss:0.45896, val_loss:1.21744
epoch:19, train_loss:0.45540, val_loss:1.23631
EarlyStopping counter: 1 out of 15 with 19
epoch:20, train_loss:0.45023, val_loss:1.26070
EarlyStopping counter: 2 out of 15 with 20
epoch:21, train_loss:0.44896, val_loss:1.35830
EarlyStopping counter: 3 out of 15 with 21
epoch:22, train_loss:0.44579, val_loss:1.29811
EarlyStopping counter: 4 out of 15 with 22
epoch:23, train_loss:0.44505, val_loss:1.45421
EarlyStopping counter: 5 out of 15 with 23
epoch:24, train_loss:0.43944, val_loss:1.40512
EarlyStopping counter: 6 out of 15 with 24
epoch:25, train_loss:0.43578, val_loss:1.33994
EarlyStopping counter: 7 out of 15 with 25
epoch:26, train_loss:0.43244, val_loss:1.44103
EarlyStopping counter: 8 out of 15 with 26
epoch:27, train_loss:0.42966, val_loss:1.37280
EarlyStopping counter: 9 out of 15 with 27
epoch:28, train_loss:0.44314, val_loss:1.47949
EarlyStopping counter: 10 out of 15 with 28
epoch:29, train_loss:0.44447, val_loss:1.40563
EarlyStopping counter: 11 out of 15 with 29
epoch:30, train_loss:0.43802, val_loss:1.41554
EarlyStopping counter: 12 out of 15 with 30
epoch:31, train_loss:0.42931, val_loss:1.37566
EarlyStopping counter: 13 out of 15 with 31
epoch:32, train_loss:0.41618, val_loss:1.52464
EarlyStopping counter: 14 out of 15 with 32
epoch:33, train_loss:0.41573, val_loss:1.53494
EarlyStopping counter: 15 out of 15 with 33
Early stopping with best_score:1.2174359560012817
[train] per-column MSE: 0.782 0.732 0.109 0.532 0.447 0.008 0.279
================================================================================
DATA=ETTm2  MODEL=Autoformer  NORM=dishts  SEED=2024  seq_len=96  label_len=48  pred_len=96  batch_size=128  lr=0.001  alpha=0.5
  MSE=0.413220  MAE=0.463580  RMSE=0.642820  MAPE=1.860990  MSPE=745.103271
================================================================================
 data      model   norm  seed  seq_len  label_len  pred_len  batch_size  alpha     MSE     MAE    RMSE    MAPE       MSPE
ETTm2 Autoformer dishts  2024       96         48        96         128    0.5 0.41322 0.46358 0.64282 1.86099 745.103271
[train] appended 1 row to /root/autodl-tmp/Dish-TS-Reproduction/results/figure3_runs.csv
[train] wrote figure4 sample to /root/autodl-tmp/Dish-TS-Reproduction/results/figures/figure4_ETTm2_Autoformer_dishts_sq96_pd96_alpha0.5_seed2024.csv
# data=ETTm2 norm=dishts pred_len=96 seed=2024
# /root/miniconda3/bin/python3 /root/autodl-tmp/Dish-TS-Reproduction/train.py --data ETTm2 --model Autoformer --norm dishts --seq_len 96 --pred_len 96 --alpha 0.5 --batch_size 128 --patience 15 --seed 2024 --gpu 0

