/root/miniconda3/lib/python3.12/site-packages/torch/autograd/graph.py:744: UserWarning: Plan failed with a cudnnException: CUDNN_BACKEND_EXECUTION_PLAN_DESCRIPTOR: cudnnFinalize Descriptor Failed cudnn_status: CUDNN_STATUS_NOT_SUPPORTED (Triggered internally at ../aten/src/ATen/native/cudnn/Conv_v8.cpp:919.)
  return Variable._execution_engine.run_backward(  # Calls into the C++ engine to run the backward pass
epoch:0, train_loss:0.45835, val_loss:1.50350
epoch:1, train_loss:0.41833, val_loss:1.40027
epoch:2, train_loss:0.40645, val_loss:1.43809
EarlyStopping counter: 1 out of 15 with 2
epoch:3, train_loss:0.39837, val_loss:1.35704
epoch:4, train_loss:0.39148, val_loss:1.43202
EarlyStopping counter: 1 out of 15 with 4
epoch:5, train_loss:0.38613, val_loss:1.35415
epoch:6, train_loss:0.38200, val_loss:1.52357
EarlyStopping counter: 1 out of 15 with 6
epoch:7, train_loss:0.37721, val_loss:1.59396
EarlyStopping counter: 2 out of 15 with 7
epoch:8, train_loss:0.37602, val_loss:1.47831
EarlyStopping counter: 3 out of 15 with 8
epoch:9, train_loss:0.37119, val_loss:1.54032
EarlyStopping counter: 4 out of 15 with 9
epoch:10, train_loss:0.37779, val_loss:1.49591
EarlyStopping counter: 5 out of 15 with 10
epoch:11, train_loss:0.36481, val_loss:1.44454
EarlyStopping counter: 6 out of 15 with 11
epoch:12, train_loss:0.36379, val_loss:1.62157
EarlyStopping counter: 7 out of 15 with 12
epoch:13, train_loss:0.38485, val_loss:1.65893
EarlyStopping counter: 8 out of 15 with 13
epoch:14, train_loss:0.38146, val_loss:1.69528
EarlyStopping counter: 9 out of 15 with 14
epoch:15, train_loss:0.37631, val_loss:1.61481
EarlyStopping counter: 10 out of 15 with 15
epoch:16, train_loss:0.36989, val_loss:1.43455
EarlyStopping counter: 11 out of 15 with 16
epoch:17, train_loss:0.36763, val_loss:1.55496
EarlyStopping counter: 12 out of 15 with 17
epoch:18, train_loss:1.32909, val_loss:1.38410
EarlyStopping counter: 13 out of 15 with 18
epoch:19, train_loss:0.51050, val_loss:1.42889
EarlyStopping counter: 14 out of 15 with 19
epoch:20, train_loss:0.46362, val_loss:1.45881
EarlyStopping counter: 15 out of 15 with 20
Early stopping with best_score:1.3541544675827026
[train] per-column MSE: 0.460 0.853 0.119 0.779 0.528 0.008 0.275
================================================================================
DATA=ETTm2  MODEL=Autoformer  NORM=dishts  SEED=2025  seq_len=96  label_len=84  pred_len=168  batch_size=128  lr=0.001  alpha=0.5
  MSE=0.432820  MAE=0.464850  RMSE=0.657890  MAPE=1.574150  MSPE=334.217987
================================================================================
 data      model   norm  seed  seq_len  label_len  pred_len  batch_size  alpha     MSE     MAE    RMSE    MAPE       MSPE
ETTm2 Autoformer dishts  2025       96         84       168         128    0.5 0.43282 0.46485 0.65789 1.57415 334.217987
[train] appended 1 row to /root/autodl-tmp/Dish-TS-Reproduction/results/figure3_runs.csv
[train] wrote figure4 sample to /root/autodl-tmp/Dish-TS-Reproduction/results/figures/figure4_ETTm2_Autoformer_dishts_sq96_pd168_alpha0.5_seed2025.csv
# data=ETTm2 norm=dishts pred_len=168 seed=2025
# /root/miniconda3/bin/python3 /root/autodl-tmp/Dish-TS-Reproduction/train.py --data ETTm2 --model Autoformer --norm dishts --seq_len 96 --pred_len 168 --alpha 0.5 --batch_size 128 --patience 15 --seed 2025 --gpu 0

