/root/miniconda3/lib/python3.12/site-packages/torch/autograd/graph.py:744: UserWarning: Plan failed with a cudnnException: CUDNN_BACKEND_EXECUTION_PLAN_DESCRIPTOR: cudnnFinalize Descriptor Failed cudnn_status: CUDNN_STATUS_NOT_SUPPORTED (Triggered internally at ../aten/src/ATen/native/cudnn/Conv_v8.cpp:919.)
  return Variable._execution_engine.run_backward(  # Calls into the C++ engine to run the backward pass
epoch:0, train_loss:0.50616, val_loss:1.52697
epoch:1, train_loss:0.46048, val_loss:1.53875
EarlyStopping counter: 1 out of 15 with 1
epoch:2, train_loss:0.44563, val_loss:1.51832
epoch:3, train_loss:0.43571, val_loss:1.59731
EarlyStopping counter: 1 out of 15 with 3
epoch:4, train_loss:0.43050, val_loss:1.69707
EarlyStopping counter: 2 out of 15 with 4
epoch:5, train_loss:0.42539, val_loss:1.67992
EarlyStopping counter: 3 out of 15 with 5
epoch:6, train_loss:0.42215, val_loss:1.66651
EarlyStopping counter: 4 out of 15 with 6
epoch:7, train_loss:0.41681, val_loss:1.62797
EarlyStopping counter: 5 out of 15 with 7
epoch:8, train_loss:0.41213, val_loss:1.63954
EarlyStopping counter: 6 out of 15 with 8
epoch:9, train_loss:0.40924, val_loss:1.65458
EarlyStopping counter: 7 out of 15 with 9
epoch:10, train_loss:0.40470, val_loss:1.71073
EarlyStopping counter: 8 out of 15 with 10
epoch:11, train_loss:0.40191, val_loss:1.71046
EarlyStopping counter: 9 out of 15 with 11
epoch:12, train_loss:0.40327, val_loss:1.80736
EarlyStopping counter: 10 out of 15 with 12
epoch:13, train_loss:0.39647, val_loss:1.88477
EarlyStopping counter: 11 out of 15 with 13
epoch:14, train_loss:0.40604, val_loss:2.08099
EarlyStopping counter: 12 out of 15 with 14
epoch:15, train_loss:0.40136, val_loss:1.71633
EarlyStopping counter: 13 out of 15 with 15
epoch:16, train_loss:0.39811, val_loss:1.78585
EarlyStopping counter: 14 out of 15 with 16
epoch:17, train_loss:0.39917, val_loss:1.73775
EarlyStopping counter: 15 out of 15 with 17
Early stopping with best_score:1.518315076828003
[train] per-column MSE: 0.726 0.918 0.125 0.595 0.843 0.008 0.324
================================================================================
DATA=ETTm2  MODEL=Autoformer  NORM=dishts  SEED=2024  seq_len=96  label_len=84  pred_len=168  batch_size=128  lr=0.001  alpha=0.75
  MSE=0.506520  MAE=0.520790  RMSE=0.711700  MAPE=1.512950  MSPE=259.856079
================================================================================
 data      model   norm  seed  seq_len  label_len  pred_len  batch_size  alpha     MSE     MAE   RMSE    MAPE       MSPE
ETTm2 Autoformer dishts  2024       96         84       168         128   0.75 0.50652 0.52079 0.7117 1.51295 259.856079
[train] appended 1 row to /root/autodl-tmp/Dish-TS-Reproduction/results/figure3_runs.csv
[train] wrote figure4 sample to /root/autodl-tmp/Dish-TS-Reproduction/results/figures/figure4_ETTm2_Autoformer_dishts_sq96_pd168_alpha0.75_seed2024.csv
