epoch:0, train_loss:0.28855, val_loss:1.02949
epoch:1, train_loss:0.23427, val_loss:0.86348
epoch:2, train_loss:0.22821, val_loss:0.85389
epoch:3, train_loss:0.22365, val_loss:0.84632
epoch:4, train_loss:0.22299, val_loss:0.79793
epoch:5, train_loss:0.22216, val_loss:0.81291
EarlyStopping counter: 1 out of 15 with 5
epoch:6, train_loss:0.21919, val_loss:0.87527
EarlyStopping counter: 2 out of 15 with 6
epoch:7, train_loss:0.22229, val_loss:0.87579
EarlyStopping counter: 3 out of 15 with 7
epoch:8, train_loss:0.22377, val_loss:0.82501
EarlyStopping counter: 4 out of 15 with 8
epoch:9, train_loss:0.22112, val_loss:0.75593
epoch:10, train_loss:0.22057, val_loss:0.80620
EarlyStopping counter: 1 out of 15 with 10
epoch:11, train_loss:0.21868, val_loss:0.79713
EarlyStopping counter: 2 out of 15 with 11
epoch:12, train_loss:0.21922, val_loss:0.77191
EarlyStopping counter: 3 out of 15 with 12
epoch:13, train_loss:0.21918, val_loss:0.82819
EarlyStopping counter: 4 out of 15 with 13
epoch:14, train_loss:0.22296, val_loss:0.77034
EarlyStopping counter: 5 out of 15 with 14
epoch:15, train_loss:0.21229, val_loss:0.79193
EarlyStopping counter: 6 out of 15 with 15
epoch:16, train_loss:0.21156, val_loss:0.87921
EarlyStopping counter: 7 out of 15 with 16
epoch:17, train_loss:0.21676, val_loss:0.88298
EarlyStopping counter: 8 out of 15 with 17
epoch:18, train_loss:0.21143, val_loss:0.83295
EarlyStopping counter: 9 out of 15 with 18
epoch:19, train_loss:0.21088, val_loss:0.81474
EarlyStopping counter: 10 out of 15 with 19
epoch:20, train_loss:342.52249, val_loss:17.92901
EarlyStopping counter: 11 out of 15 with 20
epoch:21, train_loss:2.19616, val_loss:15.60825
EarlyStopping counter: 12 out of 15 with 21
epoch:22, train_loss:1.69334, val_loss:11.60669
EarlyStopping counter: 13 out of 15 with 22
epoch:23, train_loss:1.45543, val_loss:9.92158
EarlyStopping counter: 14 out of 15 with 23
epoch:24, train_loss:1.32293, val_loss:8.01252
EarlyStopping counter: 15 out of 15 with 24
Early stopping with best_score:0.7559322714805603
[train] per-column MSE: 0.274 0.337 0.071 0.389 0.293 0.007 0.089
================================================================================
DATA=ETTm2  MODEL=Autoformer  NORM=dishts  SEED=2025  seq_len=96  label_len=24  pred_len=24  batch_size=128  lr=0.001  alpha=0.25
  MSE=0.208680  MAE=0.320740  RMSE=0.456820  MAPE=1.617730  MSPE=622.013550
================================================================================
 data      model   norm  seed  seq_len  label_len  pred_len  batch_size  alpha     MSE     MAE    RMSE    MAPE      MSPE
ETTm2 Autoformer dishts  2025       96         24        24         128   0.25 0.20868 0.32074 0.45682 1.61773 622.01355
[train] appended 1 row to /root/autodl-tmp/Dish-TS-Reproduction/results/figure3_runs.csv
[train] wrote figure4 sample to /root/autodl-tmp/Dish-TS-Reproduction/results/figures/figure4_ETTm2_Autoformer_dishts_sq96_pd24_alpha0.25_seed2025.csv
