epoch:0, train_loss:18.75750, val_loss:9.58939
epoch:1, train_loss:7.13216, val_loss:8.94259
epoch:2, train_loss:6.09852, val_loss:8.37328
epoch:3, train_loss:5.69701, val_loss:8.20327
epoch:4, train_loss:5.40365, val_loss:8.81567
EarlyStopping counter: 1 out of 15 with 4
epoch:5, train_loss:5.78081, val_loss:8.67729
EarlyStopping counter: 2 out of 15 with 5
epoch:6, train_loss:5.43899, val_loss:8.76143
EarlyStopping counter: 3 out of 15 with 6
epoch:7, train_loss:5.20594, val_loss:8.24509
EarlyStopping counter: 4 out of 15 with 7
epoch:8, train_loss:5.12348, val_loss:9.04874
EarlyStopping counter: 5 out of 15 with 8
epoch:9, train_loss:5.02137, val_loss:8.85867
EarlyStopping counter: 6 out of 15 with 9
epoch:10, train_loss:4.91648, val_loss:9.31615
EarlyStopping counter: 7 out of 15 with 10
epoch:11, train_loss:5.08076, val_loss:7.82167
epoch:12, train_loss:7.44039, val_loss:9.33447
EarlyStopping counter: 1 out of 15 with 12
epoch:13, train_loss:6.66795, val_loss:8.40340
EarlyStopping counter: 2 out of 15 with 13
epoch:14, train_loss:6.24326, val_loss:7.44401
epoch:15, train_loss:6.14232, val_loss:8.66746
EarlyStopping counter: 1 out of 15 with 15
epoch:16, train_loss:5.85471, val_loss:7.84248
EarlyStopping counter: 2 out of 15 with 16
epoch:17, train_loss:5.67123, val_loss:7.30011
epoch:18, train_loss:5.59589, val_loss:8.08440
EarlyStopping counter: 1 out of 15 with 18
epoch:19, train_loss:5.56097, val_loss:7.72007
EarlyStopping counter: 2 out of 15 with 19
epoch:20, train_loss:5.51053, val_loss:8.07457
EarlyStopping counter: 3 out of 15 with 20
epoch:21, train_loss:5.42687, val_loss:7.99387
EarlyStopping counter: 4 out of 15 with 21
epoch:22, train_loss:5.40494, val_loss:7.78432
EarlyStopping counter: 5 out of 15 with 22
epoch:23, train_loss:5.59372, val_loss:8.56439
EarlyStopping counter: 6 out of 15 with 23
epoch:24, train_loss:5.35048, val_loss:8.36647
EarlyStopping counter: 7 out of 15 with 24
epoch:25, train_loss:5.34802, val_loss:8.39043
EarlyStopping counter: 8 out of 15 with 25
epoch:26, train_loss:5.46368, val_loss:9.80587
EarlyStopping counter: 9 out of 15 with 26
epoch:27, train_loss:5.33456, val_loss:8.31958
EarlyStopping counter: 10 out of 15 with 27
epoch:28, train_loss:5.24217, val_loss:7.99084
EarlyStopping counter: 11 out of 15 with 28
epoch:29, train_loss:5.29585, val_loss:8.92742
EarlyStopping counter: 12 out of 15 with 29
epoch:30, train_loss:5.19726, val_loss:8.14985
EarlyStopping counter: 13 out of 15 with 30
epoch:31, train_loss:5.21123, val_loss:8.20866
EarlyStopping counter: 14 out of 15 with 31
epoch:32, train_loss:5.08103, val_loss:8.88696
EarlyStopping counter: 15 out of 15 with 32
Early stopping with best_score:7.300107002258301
[train] per-column MSE: 15.099 4.582 12.991 1.968 1.600 0.379 7.220
================================================================================
DATA=ETTm2  MODEL=Autoformer  NORM=dishts  SEED=2023  seq_len=96  label_len=24  pred_len=24  batch_size=128  lr=0.001  alpha=0.0
  MSE=6.263810  MAE=1.610090  RMSE=2.502760  MAPE=8112306.500000  MSPE=3270431301697536.000000
================================================================================
 data      model   norm  seed  seq_len  label_len  pred_len  batch_size  alpha     MSE     MAE    RMSE      MAPE         MSPE
ETTm2 Autoformer dishts  2023       96         24        24         128    0.0 6.26381 1.61009 2.50276 8112306.5 3.270431e+15
[train] appended 1 row to /root/autodl-tmp/Dish-TS-Reproduction/results/figure3_runs.csv
[train] wrote figure4 sample to /root/autodl-tmp/Dish-TS-Reproduction/results/figures/figure4_ETTm2_Autoformer_dishts_sq96_pd24_alpha0.0_seed2023.csv
