/root/miniconda3/lib/python3.12/site-packages/torch/autograd/graph.py:744: UserWarning: Plan failed with a cudnnException: CUDNN_BACKEND_EXECUTION_PLAN_DESCRIPTOR: cudnnFinalize Descriptor Failed cudnn_status: CUDNN_STATUS_NOT_SUPPORTED (Triggered internally at ../aten/src/ATen/native/cudnn/Conv_v8.cpp:919.)
  return Variable._execution_engine.run_backward(  # Calls into the C++ engine to run the backward pass
epoch:0, train_loss:0.52527, val_loss:1.54147
epoch:1, train_loss:0.48571, val_loss:1.72138
EarlyStopping counter: 1 out of 15 with 1
epoch:2, train_loss:0.47280, val_loss:1.76337
EarlyStopping counter: 2 out of 15 with 2
epoch:3, train_loss:0.47941, val_loss:2.31971
EarlyStopping counter: 3 out of 15 with 3
epoch:4, train_loss:0.48184, val_loss:2.20141
EarlyStopping counter: 4 out of 15 with 4
epoch:5, train_loss:0.47632, val_loss:3.23015
EarlyStopping counter: 5 out of 15 with 5
epoch:6, train_loss:0.47035, val_loss:2.41347
EarlyStopping counter: 6 out of 15 with 6
epoch:7, train_loss:0.46247, val_loss:2.55244
EarlyStopping counter: 7 out of 15 with 7
epoch:8, train_loss:0.45572, val_loss:3.08169
EarlyStopping counter: 8 out of 15 with 8
epoch:9, train_loss:0.44902, val_loss:3.19443
EarlyStopping counter: 9 out of 15 with 9
epoch:10, train_loss:4.78219, val_loss:1.72684
EarlyStopping counter: 10 out of 15 with 10
epoch:11, train_loss:0.66103, val_loss:1.60824
EarlyStopping counter: 11 out of 15 with 11
epoch:12, train_loss:0.59847, val_loss:1.64103
EarlyStopping counter: 12 out of 15 with 12
epoch:13, train_loss:0.58528, val_loss:1.64146
EarlyStopping counter: 13 out of 15 with 13
epoch:14, train_loss:0.58073, val_loss:1.75568
EarlyStopping counter: 14 out of 15 with 14
epoch:15, train_loss:0.57740, val_loss:1.60722
EarlyStopping counter: 15 out of 15 with 15
Early stopping with best_score:1.541472315788269
[train] per-column MSE: 0.560 0.923 0.129 0.826 0.530 0.009 0.303
================================================================================
DATA=ETTm2  MODEL=Autoformer  NORM=dishts  SEED=2024  seq_len=96  label_len=96  pred_len=336  batch_size=64  lr=0.001  alpha=0.5
  MSE=0.472120  MAE=0.477790  RMSE=0.687110  MAPE=1.590030  MSPE=359.980469
================================================================================
 data      model   norm  seed  seq_len  label_len  pred_len  batch_size  alpha     MSE     MAE    RMSE    MAPE       MSPE
ETTm2 Autoformer dishts  2024       96         96       336          64    0.5 0.47212 0.47779 0.68711 1.59003 359.980469
[train] appended 1 row to /root/autodl-tmp/Dish-TS-Reproduction/results/figure3_runs.csv
[train] wrote figure4 sample to /root/autodl-tmp/Dish-TS-Reproduction/results/figures/figure4_ETTm2_Autoformer_dishts_sq96_pd336_alpha0.5_seed2024.csv
