/root/miniconda3/lib/python3.12/site-packages/torch/autograd/graph.py:744: UserWarning: Plan failed with a cudnnException: CUDNN_BACKEND_EXECUTION_PLAN_DESCRIPTOR: cudnnFinalize Descriptor Failed cudnn_status: CUDNN_STATUS_NOT_SUPPORTED (Triggered internally at ../aten/src/ATen/native/cudnn/Conv_v8.cpp:919.)
  return Variable._execution_engine.run_backward(  # Calls into the C++ engine to run the backward pass
epoch:0, train_loss:0.49691, val_loss:1.70980
epoch:1, train_loss:0.45273, val_loss:1.65977
epoch:2, train_loss:0.44441, val_loss:1.80953
EarlyStopping counter: 1 out of 15 with 2
epoch:3, train_loss:0.43961, val_loss:1.61717
epoch:4, train_loss:0.42699, val_loss:1.65658
EarlyStopping counter: 1 out of 15 with 4
epoch:5, train_loss:0.42987, val_loss:1.58828
epoch:6, train_loss:0.41905, val_loss:1.63750
EarlyStopping counter: 1 out of 15 with 6
epoch:7, train_loss:0.41739, val_loss:1.70148
EarlyStopping counter: 2 out of 15 with 7
epoch:8, train_loss:0.41459, val_loss:1.64923
EarlyStopping counter: 3 out of 15 with 8
epoch:9, train_loss:0.42816, val_loss:1.59836
EarlyStopping counter: 4 out of 15 with 9
epoch:10, train_loss:0.42198, val_loss:1.62503
EarlyStopping counter: 5 out of 15 with 10
epoch:11, train_loss:0.42932, val_loss:1.68179
EarlyStopping counter: 6 out of 15 with 11
epoch:12, train_loss:0.40660, val_loss:1.85995
EarlyStopping counter: 7 out of 15 with 12
epoch:13, train_loss:0.41720, val_loss:1.65230
EarlyStopping counter: 8 out of 15 with 13
epoch:14, train_loss:0.40500, val_loss:1.68145
EarlyStopping counter: 9 out of 15 with 14
epoch:15, train_loss:0.40633, val_loss:1.67552
EarlyStopping counter: 10 out of 15 with 15
epoch:16, train_loss:0.94346, val_loss:1.50071
epoch:17, train_loss:0.48236, val_loss:1.55716
EarlyStopping counter: 1 out of 15 with 17
epoch:18, train_loss:0.46819, val_loss:1.66932
EarlyStopping counter: 2 out of 15 with 18
epoch:19, train_loss:0.45733, val_loss:1.86114
EarlyStopping counter: 3 out of 15 with 19
epoch:20, train_loss:0.44916, val_loss:1.95763
EarlyStopping counter: 4 out of 15 with 20
epoch:21, train_loss:0.44842, val_loss:2.17111
EarlyStopping counter: 5 out of 15 with 21
epoch:22, train_loss:0.43969, val_loss:2.16403
EarlyStopping counter: 6 out of 15 with 22
epoch:23, train_loss:0.43491, val_loss:2.34998
EarlyStopping counter: 7 out of 15 with 23
epoch:24, train_loss:0.43245, val_loss:3.17618
EarlyStopping counter: 8 out of 15 with 24
epoch:25, train_loss:0.42568, val_loss:3.32945
EarlyStopping counter: 9 out of 15 with 25
epoch:26, train_loss:0.42174, val_loss:2.36534
EarlyStopping counter: 10 out of 15 with 26
epoch:27, train_loss:0.42796, val_loss:3.47647
EarlyStopping counter: 11 out of 15 with 27
epoch:28, train_loss:0.41676, val_loss:2.66700
EarlyStopping counter: 12 out of 15 with 28
epoch:29, train_loss:0.42916, val_loss:2.46832
EarlyStopping counter: 13 out of 15 with 29
epoch:30, train_loss:0.42918, val_loss:2.49245
EarlyStopping counter: 14 out of 15 with 30
epoch:31, train_loss:0.42557, val_loss:2.23864
EarlyStopping counter: 15 out of 15 with 31
Early stopping with best_score:1.5007139444351196
[train] per-column MSE: 0.930 1.157 0.156 0.813 0.837 0.013 0.343
================================================================================
DATA=ETTm2  MODEL=Autoformer  NORM=dishts  SEED=2025  seq_len=96  label_len=84  pred_len=168  batch_size=128  lr=0.001  alpha=0.75
  MSE=0.608510  MAE=0.581170  RMSE=0.780070  MAPE=1.658970  MSPE=301.712463
================================================================================
 data      model   norm  seed  seq_len  label_len  pred_len  batch_size  alpha     MSE     MAE    RMSE    MAPE       MSPE
ETTm2 Autoformer dishts  2025       96         84       168         128   0.75 0.60851 0.58117 0.78007 1.65897 301.712463
[train] appended 1 row to /root/autodl-tmp/Dish-TS-Reproduction/results/figure3_runs.csv
[train] wrote figure4 sample to /root/autodl-tmp/Dish-TS-Reproduction/results/figures/figure4_ETTm2_Autoformer_dishts_sq96_pd168_alpha0.75_seed2025.csv
