epoch:0, train_loss:0.23815, val_loss:0.50821
epoch:1, train_loss:0.19107, val_loss:0.47068
epoch:2, train_loss:0.17795, val_loss:0.56740
EarlyStopping counter: 1 out of 15 with 2
epoch:3, train_loss:0.18408, val_loss:0.53419
EarlyStopping counter: 2 out of 15 with 3
epoch:4, train_loss:0.17666, val_loss:0.50793
EarlyStopping counter: 3 out of 15 with 4
epoch:5, train_loss:0.17337, val_loss:0.50047
EarlyStopping counter: 4 out of 15 with 5
epoch:6, train_loss:0.17095, val_loss:0.47064
epoch:7, train_loss:0.16950, val_loss:0.48524
EarlyStopping counter: 1 out of 15 with 7
epoch:8, train_loss:0.16962, val_loss:0.46633
epoch:9, train_loss:0.16960, val_loss:0.65246
EarlyStopping counter: 1 out of 15 with 9
epoch:10, train_loss:0.16913, val_loss:0.48984
EarlyStopping counter: 2 out of 15 with 10
epoch:11, train_loss:0.16267, val_loss:0.67340
EarlyStopping counter: 3 out of 15 with 11
epoch:12, train_loss:0.16605, val_loss:0.48296
EarlyStopping counter: 4 out of 15 with 12
epoch:13, train_loss:0.16442, val_loss:0.51063
EarlyStopping counter: 5 out of 15 with 13
Traceback (most recent call last):
  File "/root/autodl-tmp/Dish-TS-Reproduction/train.py", line 203, in <module>
    forecast = unify_model(batch_x, dec_inp)
               ^^^^^^^^^^^^^^^^^^^^^^^^^^^^^
  File "/root/miniconda3/lib/python3.12/site-packages/torch/nn/modules/module.py", line 1532, in _wrapped_call_impl
    return self._call_impl(*args, **kwargs)
           ^^^^^^^^^^^^^^^^^^^^^^^^^^^^^^^^
  File "/root/miniconda3/lib/python3.12/site-packages/torch/nn/modules/module.py", line 1541, in _call_impl
    return forward_call(*args, **kwargs)
           ^^^^^^^^^^^^^^^^^^^^^^^^^^^^^
  File "/root/autodl-tmp/Dish-TS-Reproduction/Model.py", line 17, in forward
    forecast = self.fm(batch_x, None, dec_inp, None)
               ^^^^^^^^^^^^^^^^^^^^^^^^^^^^^^^^^^^^^
  File "/root/miniconda3/lib/python3.12/site-packages/torch/nn/modules/module.py", line 1532, in _wrapped_call_impl
    return self._call_impl(*args, **kwargs)
           ^^^^^^^^^^^^^^^^^^^^^^^^^^^^^^^^
  File "/root/miniconda3/lib/python3.12/site-packages/torch/nn/modules/module.py", line 1541, in _call_impl
    return forward_call(*args, **kwargs)
           ^^^^^^^^^^^^^^^^^^^^^^^^^^^^^
  File "/root/autodl-tmp/Dish-TS-Reproduction/backbones/Autoformer.py", line 110, in forward
    enc_out, attns = self.encoder(enc_out, attn_mask=enc_self_mask)
                     ^^^^^^^^^^^^^^^^^^^^^^^^^^^^^^^^^^^^^^^^^^^^^^
  File "/root/miniconda3/lib/python3.12/site-packages/torch/nn/modules/module.py", line 1532, in _wrapped_call_impl
    return self._call_impl(*args, **kwargs)
           ^^^^^^^^^^^^^^^^^^^^^^^^^^^^^^^^
  File "/root/miniconda3/lib/python3.12/site-packages/torch/nn/modules/module.py", line 1541, in _call_impl
    return forward_call(*args, **kwargs)
           ^^^^^^^^^^^^^^^^^^^^^^^^^^^^^
  File "/root/autodl-tmp/Dish-TS-Reproduction/backbones/layers/Autoformer_EncDec.py", line 103, in forward
    x, attn = attn_layer(x, attn_mask=attn_mask)
              ^^^^^^^^^^^^^^^^^^^^^^^^^^^^^^^^^^
  File "/root/miniconda3/lib/python3.12/site-packages/torch/nn/modules/module.py", line 1532, in _wrapped_call_impl
    return self._call_impl(*args, **kwargs)
           ^^^^^^^^^^^^^^^^^^^^^^^^^^^^^^^^
  File "/root/miniconda3/lib/python3.12/site-packages/torch/nn/modules/module.py", line 1541, in _call_impl
    return forward_call(*args, **kwargs)
           ^^^^^^^^^^^^^^^^^^^^^^^^^^^^^
  File "/root/autodl-tmp/Dish-TS-Reproduction/backbones/layers/Autoformer_EncDec.py", line 69, in forward
    new_x, attn = self.attention(
                  ^^^^^^^^^^^^^^^
  File "/root/miniconda3/lib/python3.12/site-packages/torch/nn/modules/module.py", line 1532, in _wrapped_call_impl
    return self._call_impl(*args, **kwargs)
           ^^^^^^^^^^^^^^^^^^^^^^^^^^^^^^^^
  File "/root/miniconda3/lib/python3.12/site-packages/torch/nn/modules/module.py", line 1541, in _call_impl
    return forward_call(*args, **kwargs)
           ^^^^^^^^^^^^^^^^^^^^^^^^^^^^^
  File "/root/autodl-tmp/Dish-TS-Reproduction/backbones/layers/AutoCorrelation.py", line 156, in forward
    out, attn = self.inner_correlation(
                ^^^^^^^^^^^^^^^^^^^^^^^
  File "/root/miniconda3/lib/python3.12/site-packages/torch/nn/modules/module.py", line 1532, in _wrapped_call_impl
    return self._call_impl(*args, **kwargs)
           ^^^^^^^^^^^^^^^^^^^^^^^^^^^^^^^^
  File "/root/miniconda3/lib/python3.12/site-packages/torch/nn/modules/module.py", line 1541, in _call_impl
    return forward_call(*args, **kwargs)
           ^^^^^^^^^^^^^^^^^^^^^^^^^^^^^
  File "/root/autodl-tmp/Dish-TS-Reproduction/backbones/layers/AutoCorrelation.py", line 122, in forward
    V = self.time_delay_agg_training(values.permute(0, 2, 3, 1).contiguous(), corr).permute(0, 3, 1, 2)
        ^^^^^^^^^^^^^^^^^^^^^^^^^^^^^^^^^^^^^^^^^^^^^^^^^^^^^^^^^^^^^^^^^^^^^^^^^^^
  File "/root/autodl-tmp/Dish-TS-Reproduction/backbones/layers/AutoCorrelation.py", line 38, in time_delay_agg_training
    weights = torch.stack([mean_value[:, index[i]] for i in range(top_k)], dim=-1)
                           ~~~~~~~~~~^^^^^^^^^^^^^
KeyboardInterrupt
