epoch:0, train_loss:0.21489, val_loss:0.15379
epoch:1, train_loss:0.19323, val_loss:0.16834
EarlyStopping counter: 1 out of 15 with 1
epoch:2, train_loss:0.18742, val_loss:0.15770
EarlyStopping counter: 2 out of 15 with 2
epoch:3, train_loss:0.18824, val_loss:0.15138
epoch:4, train_loss:0.18394, val_loss:0.15738
EarlyStopping counter: 1 out of 15 with 4
epoch:5, train_loss:0.17985, val_loss:0.16175
EarlyStopping counter: 2 out of 15 with 5
epoch:6, train_loss:0.17453, val_loss:0.16134
EarlyStopping counter: 3 out of 15 with 6
epoch:7, train_loss:0.17457, val_loss:0.17325
EarlyStopping counter: 4 out of 15 with 7
epoch:8, train_loss:0.16887, val_loss:0.16470
EarlyStopping counter: 5 out of 15 with 8
epoch:9, train_loss:0.16578, val_loss:0.15225
EarlyStopping counter: 6 out of 15 with 9
epoch:10, train_loss:0.16485, val_loss:0.17963
EarlyStopping counter: 7 out of 15 with 10
epoch:11, train_loss:0.16561, val_loss:0.19246
EarlyStopping counter: 8 out of 15 with 11
epoch:12, train_loss:0.16753, val_loss:0.17194
EarlyStopping counter: 9 out of 15 with 12
epoch:13, train_loss:0.16120, val_loss:0.17503
EarlyStopping counter: 10 out of 15 with 13
epoch:14, train_loss:0.16314, val_loss:0.16252
EarlyStopping counter: 11 out of 15 with 14
epoch:15, train_loss:0.15655, val_loss:0.18377
EarlyStopping counter: 12 out of 15 with 15
epoch:16, train_loss:0.15393, val_loss:0.18839
EarlyStopping counter: 13 out of 15 with 16
epoch:17, train_loss:0.15591, val_loss:0.16621
EarlyStopping counter: 14 out of 15 with 17
epoch:18, train_loss:0.15293, val_loss:0.16710
EarlyStopping counter: 15 out of 15 with 18
Early stopping with best_score:0.15137910842895508
[train] per-column MSE: 0.197 0.267 0.080 0.295 0.051 0.007 0.101
================================================================================
DATA=ETTm2  MODEL=Autoformer  NORM=revin  SEED=2023  seq_len=96  label_len=24  pred_len=24  batch_size=128  lr=0.001  alpha=0.5
  MSE=0.142580  MAE=0.254270  RMSE=0.377600  MAPE=1.902160  MSPE=899.470154
================================================================================
 data      model  norm  seed  seq_len  label_len  pred_len  batch_size  alpha     MSE     MAE   RMSE    MAPE       MSPE
ETTm2 Autoformer revin  2023       96         24        24         128    0.5 0.14258 0.25427 0.3776 1.90216 899.470154
[train] appended 1 row to /root/autodl-tmp/Dish-TS-Reproduction/results/figure3_runs.csv
[train] wrote figure4 sample to /root/autodl-tmp/Dish-TS-Reproduction/results/figures/figure4_ETTm2_Autoformer_revin_sq96_pd24_alpha0.5_seed2023.csv
# data=ETTm2 norm=revin pred_len=24 seed=2023
# /root/miniconda3/bin/python3 /root/autodl-tmp/Dish-TS-Reproduction/train.py --data ETTm2 --model Autoformer --norm revin --seq_len 96 --pred_len 24 --alpha 0.5 --batch_size 128 --patience 15 --seed 2023 --gpu 0

