epoch:0, train_loss:0.20932, val_loss:0.27123
epoch:1, train_loss:0.15870, val_loss:0.27871
EarlyStopping counter: 1 out of 15 with 1
epoch:2, train_loss:0.15153, val_loss:0.27396
EarlyStopping counter: 2 out of 15 with 2
epoch:3, train_loss:0.14754, val_loss:0.16782
epoch:4, train_loss:0.14830, val_loss:0.20561
EarlyStopping counter: 1 out of 15 with 4
epoch:5, train_loss:0.14491, val_loss:0.21861
EarlyStopping counter: 2 out of 15 with 5
epoch:6, train_loss:0.14241, val_loss:0.16576
epoch:7, train_loss:0.14183, val_loss:0.16619
EarlyStopping counter: 1 out of 15 with 7
epoch:8, train_loss:0.13855, val_loss:0.18853
EarlyStopping counter: 2 out of 15 with 8
epoch:9, train_loss:0.13624, val_loss:0.19549
EarlyStopping counter: 3 out of 15 with 9
epoch:10, train_loss:0.13442, val_loss:0.18341
EarlyStopping counter: 4 out of 15 with 10
epoch:11, train_loss:0.13228, val_loss:0.20683
EarlyStopping counter: 5 out of 15 with 11
epoch:12, train_loss:0.13564, val_loss:0.18791
EarlyStopping counter: 6 out of 15 with 12
epoch:13, train_loss:0.13111, val_loss:0.17330
EarlyStopping counter: 7 out of 15 with 13
epoch:14, train_loss:0.12990, val_loss:0.17616
EarlyStopping counter: 8 out of 15 with 14
epoch:15, train_loss:0.12998, val_loss:0.20186
EarlyStopping counter: 9 out of 15 with 15
epoch:16, train_loss:0.12838, val_loss:0.19851
EarlyStopping counter: 10 out of 15 with 16
epoch:17, train_loss:0.13000, val_loss:0.17953
EarlyStopping counter: 11 out of 15 with 17
epoch:18, train_loss:0.12738, val_loss:0.19042
EarlyStopping counter: 12 out of 15 with 18
epoch:19, train_loss:0.12746, val_loss:0.17073
EarlyStopping counter: 13 out of 15 with 19
epoch:20, train_loss:0.12956, val_loss:0.20378
EarlyStopping counter: 14 out of 15 with 20
epoch:21, train_loss:0.12457, val_loss:0.20493
EarlyStopping counter: 15 out of 15 with 21
Early stopping with best_score:0.16575878858566284
[train] per-column MSE: 0.187 0.268 0.070 0.283 0.055 0.010 0.067
================================================================================
DATA=ETTm2  MODEL=Autoformer  NORM=dishts  SEED=2024  seq_len=96  label_len=24  pred_len=24  batch_size=128  lr=0.001  alpha=0.0
  MSE=0.134430  MAE=0.246460  RMSE=0.366650  MAPE=1.753160  MSPE=848.094055
================================================================================
 data      model   norm  seed  seq_len  label_len  pred_len  batch_size  alpha     MSE     MAE    RMSE    MAPE       MSPE
ETTm2 Autoformer dishts  2024       96         24        24         128    0.0 0.13443 0.24646 0.36665 1.75316 848.094055
[train] appended 1 row to /root/autodl-tmp/Dish-TS-Reproduction/results/figure3_runs.csv
[train] wrote figure4 sample to /root/autodl-tmp/Dish-TS-Reproduction/results/figures/figure4_ETTm2_Autoformer_dishts_sq96_pd24_alpha0.0_seed2024.csv
