/root/miniconda3/lib/python3.12/site-packages/torch/autograd/graph.py:744: UserWarning: Plan failed with a cudnnException: CUDNN_BACKEND_EXECUTION_PLAN_DESCRIPTOR: cudnnFinalize Descriptor Failed cudnn_status: CUDNN_STATUS_NOT_SUPPORTED (Triggered internally at ../aten/src/ATen/native/cudnn/Conv_v8.cpp:919.)
  return Variable._execution_engine.run_backward(  # Calls into the C++ engine to run the backward pass
epoch:0, train_loss:20.89803, val_loss:16.21070
epoch:1, train_loss:19.02337, val_loss:17.12548
EarlyStopping counter: 1 out of 7 with 1
epoch:2, train_loss:18.04802, val_loss:16.55923
EarlyStopping counter: 2 out of 7 with 2
epoch:3, train_loss:16.93836, val_loss:17.14210
EarlyStopping counter: 3 out of 7 with 3
epoch:4, train_loss:16.08690, val_loss:18.83732
EarlyStopping counter: 4 out of 7 with 4
epoch:5, train_loss:15.24833, val_loss:20.28096
EarlyStopping counter: 5 out of 7 with 5
epoch:6, train_loss:14.66720, val_loss:20.63528
EarlyStopping counter: 6 out of 7 with 6
epoch:7, train_loss:14.28771, val_loss:21.46268
EarlyStopping counter: 7 out of 7 with 7
Early stopping with best_score:16.210702896118164
================================================================================
DATA=ETTm2  MODEL=Autoformer  NORM=revin  SEED=2024  seq_len=96  label_len=84  pred_len=168  batch_size=128  lr=0.001  alpha=0.5
  MSE=13.710030  MAE=2.334240  RMSE=3.702710  MAPE=9688153.000000  MSPE=4457457719967744.000000
================================================================================
 data      model  norm  seed  seq_len  label_len  pred_len  batch_size  alpha      MSE     MAE    RMSE      MAPE         MSPE
ETTm2 Autoformer revin  2024       96         84       168         128    0.5 13.71003 2.33424 3.70271 9688153.0 4.457458e+15
