/root/miniconda3/lib/python3.12/site-packages/torch/autograd/graph.py:744: UserWarning: Plan failed with a cudnnException: CUDNN_BACKEND_EXECUTION_PLAN_DESCRIPTOR: cudnnFinalize Descriptor Failed cudnn_status: CUDNN_STATUS_NOT_SUPPORTED (Triggered internally at ../aten/src/ATen/native/cudnn/Conv_v8.cpp:919.)
  return Variable._execution_engine.run_backward(  # Calls into the C++ engine to run the backward pass
epoch:0, train_loss:0.40112, val_loss:0.90827
epoch:1, train_loss:0.36755, val_loss:0.87615
epoch:2, train_loss:0.36746, val_loss:0.98063
EarlyStopping counter: 1 out of 15 with 2
epoch:3, train_loss:0.35490, val_loss:1.00704
EarlyStopping counter: 2 out of 15 with 3
epoch:4, train_loss:0.34283, val_loss:0.92159
EarlyStopping counter: 3 out of 15 with 4
epoch:5, train_loss:0.33266, val_loss:0.97663
EarlyStopping counter: 4 out of 15 with 5
epoch:6, train_loss:0.32669, val_loss:1.09963
EarlyStopping counter: 5 out of 15 with 6
epoch:7, train_loss:0.32144, val_loss:1.04787
EarlyStopping counter: 6 out of 15 with 7
epoch:8, train_loss:0.31659, val_loss:1.16564
EarlyStopping counter: 7 out of 15 with 8
epoch:9, train_loss:0.31521, val_loss:1.05126
EarlyStopping counter: 8 out of 15 with 9
epoch:10, train_loss:0.30991, val_loss:1.14776
EarlyStopping counter: 9 out of 15 with 10
epoch:11, train_loss:0.30663, val_loss:1.17988
EarlyStopping counter: 10 out of 15 with 11
epoch:12, train_loss:0.30648, val_loss:1.06144
EarlyStopping counter: 11 out of 15 with 12
epoch:13, train_loss:0.30379, val_loss:1.17673
EarlyStopping counter: 12 out of 15 with 13
epoch:14, train_loss:0.30064, val_loss:1.00133
EarlyStopping counter: 13 out of 15 with 14
epoch:15, train_loss:0.29656, val_loss:1.10507
EarlyStopping counter: 14 out of 15 with 15
epoch:16, train_loss:0.29330, val_loss:1.04476
EarlyStopping counter: 15 out of 15 with 16
Early stopping with best_score:0.8761535882949829
[train] per-column MSE: 0.395 0.549 0.101 0.457 0.230 0.009 0.207
================================================================================
DATA=ETTm2  MODEL=Autoformer  NORM=dishts  SEED=2024  seq_len=96  label_len=84  pred_len=168  batch_size=128  lr=0.001  alpha=0.25
  MSE=0.279210  MAE=0.368670  RMSE=0.528410  MAPE=1.628950  MSPE=507.684052
================================================================================
 data      model   norm  seed  seq_len  label_len  pred_len  batch_size  alpha     MSE     MAE    RMSE    MAPE       MSPE
ETTm2 Autoformer dishts  2024       96         84       168         128   0.25 0.27921 0.36867 0.52841 1.62895 507.684052
[train] appended 1 row to /root/autodl-tmp/Dish-TS-Reproduction/results/figure3_runs.csv
[train] wrote figure4 sample to /root/autodl-tmp/Dish-TS-Reproduction/results/figures/figure4_ETTm2_Autoformer_dishts_sq96_pd168_alpha0.25_seed2024.csv
