epoch:0, train_loss:17.34354, val_loss:13.80388
epoch:1, train_loss:15.55421, val_loss:13.45043
epoch:2, train_loss:15.08696, val_loss:13.30520
epoch:3, train_loss:14.80645, val_loss:13.54710
EarlyStopping counter: 1 out of 7 with 3
epoch:4, train_loss:14.49905, val_loss:13.83145
EarlyStopping counter: 2 out of 7 with 4
epoch:5, train_loss:14.12618, val_loss:14.23119
EarlyStopping counter: 3 out of 7 with 5
epoch:6, train_loss:14.04289, val_loss:15.26791
EarlyStopping counter: 4 out of 7 with 6
epoch:7, train_loss:13.54461, val_loss:14.31881
EarlyStopping counter: 5 out of 7 with 7
epoch:8, train_loss:13.11032, val_loss:18.49093
EarlyStopping counter: 6 out of 7 with 8
epoch:9, train_loss:12.83155, val_loss:16.62713
EarlyStopping counter: 7 out of 7 with 9
Early stopping with best_score:13.305201530456543
================================================================================
DATA=ETTm2  MODEL=Autoformer  NORM=revin  SEED=2023  seq_len=96  label_len=48  pred_len=96  batch_size=128  lr=0.001  alpha=0.5
  MSE=12.051750  MAE=2.208160  RMSE=3.471560  MAPE=9225078.000000  MSPE=4192931221078016.000000
================================================================================
 data      model  norm  seed  seq_len  label_len  pred_len  batch_size  alpha      MSE     MAE    RMSE      MAPE         MSPE
ETTm2 Autoformer revin  2023       96         48        96         128    0.5 12.05175 2.20816 3.47156 9225078.0 4.192931e+15
