epoch:0, train_loss:0.29807, val_loss:0.89427
epoch:1, train_loss:0.24569, val_loss:0.79231
epoch:2, train_loss:0.23781, val_loss:0.78877
epoch:3, train_loss:0.23656, val_loss:0.82351
EarlyStopping counter: 1 out of 15 with 3
epoch:4, train_loss:0.23478, val_loss:0.75203
epoch:5, train_loss:0.23002, val_loss:0.80071
EarlyStopping counter: 1 out of 15 with 5
epoch:6, train_loss:0.22917, val_loss:0.79400
EarlyStopping counter: 2 out of 15 with 6
epoch:7, train_loss:0.22512, val_loss:0.73625
epoch:8, train_loss:0.22920, val_loss:0.76162
EarlyStopping counter: 1 out of 15 with 8
epoch:9, train_loss:0.22776, val_loss:0.78103
EarlyStopping counter: 2 out of 15 with 9
epoch:10, train_loss:0.22264, val_loss:0.77608
EarlyStopping counter: 3 out of 15 with 10
epoch:11, train_loss:0.22599, val_loss:0.95707
EarlyStopping counter: 4 out of 15 with 11
epoch:12, train_loss:0.22550, val_loss:0.82795
EarlyStopping counter: 5 out of 15 with 12
epoch:13, train_loss:0.22246, val_loss:0.80106
EarlyStopping counter: 6 out of 15 with 13
epoch:14, train_loss:0.21966, val_loss:0.76496
EarlyStopping counter: 7 out of 15 with 14
epoch:15, train_loss:0.21836, val_loss:0.76835
EarlyStopping counter: 8 out of 15 with 15
epoch:16, train_loss:0.21606, val_loss:0.80420
EarlyStopping counter: 9 out of 15 with 16
epoch:17, train_loss:0.21679, val_loss:0.82179
EarlyStopping counter: 10 out of 15 with 17
epoch:18, train_loss:0.21665, val_loss:0.83510
EarlyStopping counter: 11 out of 15 with 18
epoch:19, train_loss:0.21703, val_loss:0.79952
EarlyStopping counter: 12 out of 15 with 19
epoch:20, train_loss:0.21316, val_loss:0.80693
EarlyStopping counter: 13 out of 15 with 20
epoch:21, train_loss:0.21469, val_loss:0.90523
EarlyStopping counter: 14 out of 15 with 21
epoch:22, train_loss:0.21383, val_loss:0.82660
EarlyStopping counter: 15 out of 15 with 22
Early stopping with best_score:0.7362471222877502
[train] per-column MSE: 0.292 0.329 0.074 0.352 0.328 0.007 0.103
================================================================================
DATA=ETTm2  MODEL=Autoformer  NORM=dishts  SEED=2024  seq_len=96  label_len=24  pred_len=24  batch_size=128  lr=0.001  alpha=0.25
  MSE=0.212290  MAE=0.325770  RMSE=0.460740  MAPE=1.523680  MSPE=445.463837
================================================================================
 data      model   norm  seed  seq_len  label_len  pred_len  batch_size  alpha     MSE     MAE    RMSE    MAPE       MSPE
ETTm2 Autoformer dishts  2024       96         24        24         128   0.25 0.21229 0.32577 0.46074 1.52368 445.463837
[train] appended 1 row to /root/autodl-tmp/Dish-TS-Reproduction/results/figure3_runs.csv
[train] wrote figure4 sample to /root/autodl-tmp/Dish-TS-Reproduction/results/figures/figure4_ETTm2_Autoformer_dishts_sq96_pd24_alpha0.25_seed2024.csv
