/root/miniconda3/lib/python3.12/site-packages/torch/autograd/graph.py:744: UserWarning: Plan failed with a cudnnException: CUDNN_BACKEND_EXECUTION_PLAN_DESCRIPTOR: cudnnFinalize Descriptor Failed cudnn_status: CUDNN_STATUS_NOT_SUPPORTED (Triggered internally at ../aten/src/ATen/native/cudnn/Conv_v8.cpp:919.)
  return Variable._execution_engine.run_backward(  # Calls into the C++ engine to run the backward pass
epoch:0, train_loss:0.36059, val_loss:0.60326
epoch:1, train_loss:0.32375, val_loss:0.69480
EarlyStopping counter: 1 out of 15 with 1
epoch:2, train_loss:0.31603, val_loss:0.64187
EarlyStopping counter: 2 out of 15 with 2
epoch:3, train_loss:0.30550, val_loss:0.68950
EarlyStopping counter: 3 out of 15 with 3
epoch:4, train_loss:0.29872, val_loss:0.69416
EarlyStopping counter: 4 out of 15 with 4
epoch:5, train_loss:0.29320, val_loss:0.75965
EarlyStopping counter: 5 out of 15 with 5
epoch:6, train_loss:0.28575, val_loss:0.76805
EarlyStopping counter: 6 out of 15 with 6
epoch:7, train_loss:0.27957, val_loss:0.79167
EarlyStopping counter: 7 out of 15 with 7
epoch:8, train_loss:0.27780, val_loss:0.77415
EarlyStopping counter: 8 out of 15 with 8
epoch:9, train_loss:0.27001, val_loss:0.85890
EarlyStopping counter: 9 out of 15 with 9
epoch:10, train_loss:0.26794, val_loss:0.77075
EarlyStopping counter: 10 out of 15 with 10
epoch:11, train_loss:0.26239, val_loss:0.82544
EarlyStopping counter: 11 out of 15 with 11
epoch:12, train_loss:0.25710, val_loss:0.91602
EarlyStopping counter: 12 out of 15 with 12
epoch:13, train_loss:0.25392, val_loss:0.75877
EarlyStopping counter: 13 out of 15 with 13
epoch:14, train_loss:0.25130, val_loss:0.95549
EarlyStopping counter: 14 out of 15 with 14
epoch:15, train_loss:0.24903, val_loss:0.79524
EarlyStopping counter: 15 out of 15 with 15
Early stopping with best_score:0.6032617688179016
[train] per-column MSE: 0.296 0.419 0.104 0.513 0.083 0.010 0.212
================================================================================
DATA=ETTm2  MODEL=Autoformer  NORM=dishts  SEED=2023  seq_len=96  label_len=84  pred_len=168  batch_size=128  lr=0.001  alpha=0.1
  MSE=0.234550  MAE=0.322020  RMSE=0.484300  MAPE=1.749800  MSPE=677.478149
================================================================================
 data      model   norm  seed  seq_len  label_len  pred_len  batch_size  alpha     MSE     MAE   RMSE   MAPE       MSPE
ETTm2 Autoformer dishts  2023       96         84       168         128    0.1 0.23455 0.32202 0.4843 1.7498 677.478149
[train] appended 1 row to /root/autodl-tmp/Dish-TS-Reproduction/results/figure3_runs.csv
[train] wrote figure4 sample to /root/autodl-tmp/Dish-TS-Reproduction/results/figures/figure4_ETTm2_Autoformer_dishts_sq96_pd168_alpha0.1_seed2023.csv
