epoch:0, train_loss:0.28684, val_loss:0.27128
epoch:1, train_loss:0.25565, val_loss:0.38205
EarlyStopping counter: 1 out of 15 with 1
epoch:2, train_loss:0.25612, val_loss:0.51232
EarlyStopping counter: 2 out of 15 with 2
epoch:3, train_loss:0.26236, val_loss:0.27243
EarlyStopping counter: 3 out of 15 with 3
epoch:4, train_loss:0.25443, val_loss:0.30953
EarlyStopping counter: 4 out of 15 with 4
epoch:5, train_loss:0.25478, val_loss:0.44813
EarlyStopping counter: 5 out of 15 with 5
epoch:6, train_loss:0.25476, val_loss:0.24433
epoch:7, train_loss:0.24561, val_loss:0.29853
EarlyStopping counter: 1 out of 15 with 7
epoch:8, train_loss:0.24063, val_loss:0.34186
EarlyStopping counter: 2 out of 15 with 8
epoch:9, train_loss:0.23971, val_loss:0.30174
EarlyStopping counter: 3 out of 15 with 9
epoch:10, train_loss:0.23319, val_loss:0.28050
EarlyStopping counter: 4 out of 15 with 10
epoch:11, train_loss:0.23683, val_loss:0.32928
EarlyStopping counter: 5 out of 15 with 11
epoch:12, train_loss:0.23545, val_loss:0.37003
EarlyStopping counter: 6 out of 15 with 12
epoch:13, train_loss:0.23061, val_loss:0.29221
EarlyStopping counter: 7 out of 15 with 13
epoch:14, train_loss:0.22572, val_loss:0.35387
EarlyStopping counter: 8 out of 15 with 14
epoch:15, train_loss:0.22302, val_loss:0.34731
EarlyStopping counter: 9 out of 15 with 15
epoch:16, train_loss:0.22995, val_loss:0.34737
EarlyStopping counter: 10 out of 15 with 16
epoch:17, train_loss:0.21724, val_loss:0.34129
EarlyStopping counter: 11 out of 15 with 17
epoch:18, train_loss:0.21147, val_loss:0.34657
EarlyStopping counter: 12 out of 15 with 18
epoch:19, train_loss:0.21805, val_loss:0.48253
EarlyStopping counter: 13 out of 15 with 19
epoch:20, train_loss:0.21734, val_loss:0.38929
EarlyStopping counter: 14 out of 15 with 20
epoch:21, train_loss:0.21052, val_loss:0.31230
EarlyStopping counter: 15 out of 15 with 21
Early stopping with best_score:0.2443304806947708
[train] per-column MSE: 0.285 0.320 0.096 0.380 0.063 0.016 0.162
================================================================================
DATA=ETTm2  MODEL=Autoformer  NORM=dishts  SEED=2025  seq_len=96  label_len=48  pred_len=96  batch_size=128  lr=0.001  alpha=0.0
  MSE=0.189100  MAE=0.297760  RMSE=0.434860  MAPE=2.027360  MSPE=757.518860
================================================================================
 data      model   norm  seed  seq_len  label_len  pred_len  batch_size  alpha    MSE     MAE    RMSE    MAPE      MSPE
ETTm2 Autoformer dishts  2025       96         48        96         128    0.0 0.1891 0.29776 0.43486 2.02736 757.51886
[train] appended 1 row to /root/autodl-tmp/Dish-TS-Reproduction/results/figure3_runs.csv
[train] wrote figure4 sample to /root/autodl-tmp/Dish-TS-Reproduction/results/figures/figure4_ETTm2_Autoformer_dishts_sq96_pd96_alpha0.0_seed2025.csv
