/root/miniconda3/lib/python3.12/site-packages/torch/autograd/graph.py:744: UserWarning: Plan failed with a cudnnException: CUDNN_BACKEND_EXECUTION_PLAN_DESCRIPTOR: cudnnFinalize Descriptor Failed cudnn_status: CUDNN_STATUS_NOT_SUPPORTED (Triggered internally at ../aten/src/ATen/native/cudnn/Conv_v8.cpp:919.)
  return Variable._execution_engine.run_backward(  # Calls into the C++ engine to run the backward pass
epoch:0, train_loss:0.56083, val_loss:2.10460
epoch:1, train_loss:0.52343, val_loss:2.19502
EarlyStopping counter: 1 out of 15 with 1
epoch:2, train_loss:0.51271, val_loss:1.74509
epoch:3, train_loss:0.50828, val_loss:1.95888
EarlyStopping counter: 1 out of 15 with 3
epoch:4, train_loss:0.51203, val_loss:1.80650
EarlyStopping counter: 2 out of 15 with 4
epoch:5, train_loss:0.50078, val_loss:1.99197
EarlyStopping counter: 3 out of 15 with 5
epoch:6, train_loss:2.43257, val_loss:1.72062
epoch:7, train_loss:0.62589, val_loss:1.82728
EarlyStopping counter: 1 out of 15 with 7
epoch:8, train_loss:0.60293, val_loss:2.17991
EarlyStopping counter: 2 out of 15 with 8
epoch:9, train_loss:0.58965, val_loss:2.05816
EarlyStopping counter: 3 out of 15 with 9
epoch:10, train_loss:0.58330, val_loss:2.13658
EarlyStopping counter: 4 out of 15 with 10
epoch:11, train_loss:0.57577, val_loss:2.21814
EarlyStopping counter: 5 out of 15 with 11
epoch:12, train_loss:0.57268, val_loss:2.45613
EarlyStopping counter: 6 out of 15 with 12
epoch:13, train_loss:0.55583, val_loss:2.81539
EarlyStopping counter: 7 out of 15 with 13
epoch:14, train_loss:0.55121, val_loss:2.99905
EarlyStopping counter: 8 out of 15 with 14
epoch:15, train_loss:0.54637, val_loss:3.04324
EarlyStopping counter: 9 out of 15 with 15
epoch:16, train_loss:0.53901, val_loss:2.67691
EarlyStopping counter: 10 out of 15 with 16
epoch:17, train_loss:0.54091, val_loss:3.43501
EarlyStopping counter: 11 out of 15 with 17
epoch:18, train_loss:0.53358, val_loss:2.64545
EarlyStopping counter: 12 out of 15 with 18
epoch:19, train_loss:0.52965, val_loss:3.18169
EarlyStopping counter: 13 out of 15 with 19
epoch:20, train_loss:0.52742, val_loss:3.16257
EarlyStopping counter: 14 out of 15 with 20
epoch:21, train_loss:0.52650, val_loss:3.17609
EarlyStopping counter: 15 out of 15 with 21
Early stopping with best_score:1.7206231355667114
[train] per-column MSE: 0.504 1.141 0.182 1.054 1.075 0.010 0.390
================================================================================
DATA=ETTm2  MODEL=Autoformer  NORM=dishts  SEED=2025  seq_len=96  label_len=96  pred_len=336  batch_size=64  lr=0.001  alpha=0.75
  MSE=0.627720  MAE=0.578170  RMSE=0.792290  MAPE=1.565870  MSPE=281.783936
================================================================================
 data      model   norm  seed  seq_len  label_len  pred_len  batch_size  alpha     MSE     MAE    RMSE    MAPE       MSPE
ETTm2 Autoformer dishts  2025       96         96       336          64   0.75 0.62772 0.57817 0.79229 1.56587 281.783936
[train] appended 1 row to /root/autodl-tmp/Dish-TS-Reproduction/results/figure3_runs.csv
[train] wrote figure4 sample to /root/autodl-tmp/Dish-TS-Reproduction/results/figures/figure4_ETTm2_Autoformer_dishts_sq96_pd336_alpha0.75_seed2025.csv
