/root/miniconda3/lib/python3.12/site-packages/torch/autograd/graph.py:744: UserWarning: Plan failed with a cudnnException: CUDNN_BACKEND_EXECUTION_PLAN_DESCRIPTOR: cudnnFinalize Descriptor Failed cudnn_status: CUDNN_STATUS_NOT_SUPPORTED (Triggered internally at ../aten/src/ATen/native/cudnn/Conv_v8.cpp:919.)
  return Variable._execution_engine.run_backward(  # Calls into the C++ engine to run the backward pass
epoch:0, train_loss:0.35861, val_loss:0.64404
epoch:1, train_loss:0.32585, val_loss:0.66040
EarlyStopping counter: 1 out of 15 with 1
epoch:2, train_loss:0.31547, val_loss:0.76598
EarlyStopping counter: 2 out of 15 with 2
epoch:3, train_loss:0.30328, val_loss:0.64839
EarlyStopping counter: 3 out of 15 with 3
epoch:4, train_loss:0.29558, val_loss:0.75776
EarlyStopping counter: 4 out of 15 with 4
epoch:5, train_loss:0.28717, val_loss:0.71200
EarlyStopping counter: 5 out of 15 with 5
epoch:6, train_loss:0.28670, val_loss:0.98764
EarlyStopping counter: 6 out of 15 with 6
epoch:7, train_loss:0.28129, val_loss:1.06868
EarlyStopping counter: 7 out of 15 with 7
epoch:8, train_loss:0.27558, val_loss:1.19494
EarlyStopping counter: 8 out of 15 with 8
epoch:9, train_loss:0.27728, val_loss:1.02049
EarlyStopping counter: 9 out of 15 with 9
epoch:10, train_loss:0.26907, val_loss:1.48279
EarlyStopping counter: 10 out of 15 with 10
epoch:11, train_loss:0.26190, val_loss:1.10821
EarlyStopping counter: 11 out of 15 with 11
epoch:12, train_loss:0.26627, val_loss:1.13231
EarlyStopping counter: 12 out of 15 with 12
epoch:13, train_loss:0.26668, val_loss:1.04409
EarlyStopping counter: 13 out of 15 with 13
epoch:14, train_loss:0.25978, val_loss:0.96716
EarlyStopping counter: 14 out of 15 with 14
epoch:15, train_loss:0.25791, val_loss:0.92543
EarlyStopping counter: 15 out of 15 with 15
Early stopping with best_score:0.644042432308197
[train] per-column MSE: 0.507 0.519 0.108 0.520 0.116 0.010 0.220
================================================================================
DATA=ETTm2  MODEL=Autoformer  NORM=dishts  SEED=2024  seq_len=96  label_len=84  pred_len=168  batch_size=128  lr=0.001  alpha=0.1
  MSE=0.286480  MAE=0.361110  RMSE=0.535240  MAPE=1.690240  MSPE=549.789612
================================================================================
 data      model   norm  seed  seq_len  label_len  pred_len  batch_size  alpha     MSE     MAE    RMSE    MAPE       MSPE
ETTm2 Autoformer dishts  2024       96         84       168         128    0.1 0.28648 0.36111 0.53524 1.69024 549.789612
[train] appended 1 row to /root/autodl-tmp/Dish-TS-Reproduction/results/figure3_runs.csv
[train] wrote figure4 sample to /root/autodl-tmp/Dish-TS-Reproduction/results/figures/figure4_ETTm2_Autoformer_dishts_sq96_pd168_alpha0.1_seed2024.csv
