/root/miniconda3/lib/python3.12/site-packages/torch/autograd/graph.py:744: UserWarning: Plan failed with a cudnnException: CUDNN_BACKEND_EXECUTION_PLAN_DESCRIPTOR: cudnnFinalize Descriptor Failed cudnn_status: CUDNN_STATUS_NOT_SUPPORTED (Triggered internally at ../aten/src/ATen/native/cudnn/Conv_v8.cpp:919.)
  return Variable._execution_engine.run_backward(  # Calls into the C++ engine to run the backward pass
epoch:0, train_loss:0.45885, val_loss:1.25251
epoch:1, train_loss:0.42193, val_loss:1.38941
EarlyStopping counter: 1 out of 15 with 1
epoch:2, train_loss:0.42266, val_loss:1.39536
EarlyStopping counter: 2 out of 15 with 2
epoch:3, train_loss:0.40877, val_loss:1.40659
EarlyStopping counter: 3 out of 15 with 3
epoch:4, train_loss:0.40040, val_loss:1.64288
EarlyStopping counter: 4 out of 15 with 4
epoch:5, train_loss:0.39722, val_loss:1.41080
EarlyStopping counter: 5 out of 15 with 5
epoch:6, train_loss:0.39032, val_loss:1.52583
EarlyStopping counter: 6 out of 15 with 6
epoch:7, train_loss:0.38464, val_loss:1.48888
EarlyStopping counter: 7 out of 15 with 7
epoch:8, train_loss:0.38092, val_loss:1.60191
EarlyStopping counter: 8 out of 15 with 8
epoch:9, train_loss:0.37627, val_loss:1.48598
EarlyStopping counter: 9 out of 15 with 9
epoch:10, train_loss:0.37147, val_loss:1.51199
EarlyStopping counter: 10 out of 15 with 10
epoch:11, train_loss:0.36885, val_loss:1.57250
EarlyStopping counter: 11 out of 15 with 11
epoch:12, train_loss:0.36979, val_loss:1.57790
EarlyStopping counter: 12 out of 15 with 12
epoch:13, train_loss:0.36403, val_loss:1.57757
EarlyStopping counter: 13 out of 15 with 13
epoch:14, train_loss:0.36260, val_loss:1.50575
EarlyStopping counter: 14 out of 15 with 14
epoch:15, train_loss:0.36173, val_loss:1.44558
EarlyStopping counter: 15 out of 15 with 15
Early stopping with best_score:1.252514362335205
[train] per-column MSE: 0.456 0.578 0.111 0.516 0.453 0.009 0.258
================================================================================
DATA=ETTm2  MODEL=Autoformer  NORM=dishts  SEED=2023  seq_len=96  label_len=84  pred_len=168  batch_size=128  lr=0.001  alpha=0.5
  MSE=0.341180  MAE=0.418670  RMSE=0.584110  MAPE=1.624090  MSPE=443.009369
================================================================================
 data      model   norm  seed  seq_len  label_len  pred_len  batch_size  alpha     MSE     MAE    RMSE    MAPE       MSPE
ETTm2 Autoformer dishts  2023       96         84       168         128    0.5 0.34118 0.41867 0.58411 1.62409 443.009369
[train] appended 1 row to /root/autodl-tmp/Dish-TS-Reproduction/results/figure3_runs.csv
[train] wrote figure4 sample to /root/autodl-tmp/Dish-TS-Reproduction/results/figures/figure4_ETTm2_Autoformer_dishts_sq96_pd168_alpha0.5_seed2023.csv
# data=ETTm2 norm=dishts pred_len=168 seed=2023
# /root/miniconda3/bin/python3 /root/autodl-tmp/Dish-TS-Reproduction/train.py --data ETTm2 --model Autoformer --norm dishts --seq_len 96 --pred_len 168 --alpha 0.5 --batch_size 128 --patience 15 --seed 2023 --gpu 0

