/root/miniconda3/lib/python3.12/site-packages/torch/autograd/graph.py:744: UserWarning: Plan failed with a cudnnException: CUDNN_BACKEND_EXECUTION_PLAN_DESCRIPTOR: cudnnFinalize Descriptor Failed cudnn_status: CUDNN_STATUS_NOT_SUPPORTED (Triggered internally at ../aten/src/ATen/native/cudnn/Conv_v8.cpp:919.)
  return Variable._execution_engine.run_backward(  # Calls into the C++ engine to run the backward pass
epoch:0, train_loss:0.44655, val_loss:0.80972
epoch:1, train_loss:0.42698, val_loss:1.51647
EarlyStopping counter: 1 out of 15 with 1
epoch:2, train_loss:0.41173, val_loss:1.00468
EarlyStopping counter: 2 out of 15 with 2
epoch:3, train_loss:0.39574, val_loss:1.23606
EarlyStopping counter: 3 out of 15 with 3
epoch:4, train_loss:0.39083, val_loss:1.26073
EarlyStopping counter: 4 out of 15 with 4
epoch:5, train_loss:0.37914, val_loss:1.10104
EarlyStopping counter: 5 out of 15 with 5
epoch:6, train_loss:0.39858, val_loss:0.98852
EarlyStopping counter: 6 out of 15 with 6
epoch:7, train_loss:0.37069, val_loss:1.49347
EarlyStopping counter: 7 out of 15 with 7
epoch:8, train_loss:0.41905, val_loss:1.75157
EarlyStopping counter: 8 out of 15 with 8
epoch:9, train_loss:0.36489, val_loss:1.27901
EarlyStopping counter: 9 out of 15 with 9
epoch:10, train_loss:0.36999, val_loss:0.98809
EarlyStopping counter: 10 out of 15 with 10
epoch:11, train_loss:0.36632, val_loss:1.41152
EarlyStopping counter: 11 out of 15 with 11
epoch:12, train_loss:0.71709, val_loss:1.02865
EarlyStopping counter: 12 out of 15 with 12
epoch:13, train_loss:0.39596, val_loss:1.02463
EarlyStopping counter: 13 out of 15 with 13
epoch:14, train_loss:0.37003, val_loss:1.03133
EarlyStopping counter: 14 out of 15 with 14
epoch:15, train_loss:0.35427, val_loss:1.45206
EarlyStopping counter: 15 out of 15 with 15
Early stopping with best_score:0.8097221851348877
[train] per-column MSE: 0.469 0.543 0.132 0.634 0.141 0.011 0.305
================================================================================
DATA=ETTm2  MODEL=Autoformer  NORM=dishts  SEED=2025  seq_len=96  label_len=96  pred_len=336  batch_size=64  lr=0.001  alpha=0.1
  MSE=0.322680  MAE=0.378330  RMSE=0.568050  MAPE=1.711500  MSPE=412.532593
================================================================================
 data      model   norm  seed  seq_len  label_len  pred_len  batch_size  alpha     MSE     MAE    RMSE   MAPE       MSPE
ETTm2 Autoformer dishts  2025       96         96       336          64    0.1 0.32268 0.37833 0.56805 1.7115 412.532593
[train] appended 1 row to /root/autodl-tmp/Dish-TS-Reproduction/results/figure3_runs.csv
[train] wrote figure4 sample to /root/autodl-tmp/Dish-TS-Reproduction/results/figures/figure4_ETTm2_Autoformer_dishts_sq96_pd336_alpha0.1_seed2025.csv
