epoch:0, train_loss:0.25054, val_loss:0.51618
epoch:1, train_loss:0.21089, val_loss:0.42610
epoch:2, train_loss:0.20721, val_loss:0.46542
EarlyStopping counter: 1 out of 15 with 2
epoch:3, train_loss:0.20323, val_loss:0.45415
EarlyStopping counter: 2 out of 15 with 3
epoch:4, train_loss:0.20181, val_loss:0.50486
EarlyStopping counter: 3 out of 15 with 4
epoch:5, train_loss:0.19708, val_loss:0.61965
EarlyStopping counter: 4 out of 15 with 5
epoch:6, train_loss:0.19542, val_loss:0.46404
EarlyStopping counter: 5 out of 15 with 6
epoch:7, train_loss:0.19248, val_loss:0.49057
EarlyStopping counter: 6 out of 15 with 7
epoch:8, train_loss:0.18785, val_loss:0.53600
EarlyStopping counter: 7 out of 15 with 8
epoch:9, train_loss:0.18788, val_loss:0.49185
EarlyStopping counter: 8 out of 15 with 9
epoch:10, train_loss:0.18991, val_loss:0.44789
EarlyStopping counter: 9 out of 15 with 10
epoch:11, train_loss:0.18994, val_loss:0.64742
EarlyStopping counter: 10 out of 15 with 11
epoch:12, train_loss:0.18848, val_loss:0.51593
EarlyStopping counter: 11 out of 15 with 12
epoch:13, train_loss:0.18585, val_loss:0.48555
EarlyStopping counter: 12 out of 15 with 13
epoch:14, train_loss:0.18985, val_loss:0.71301
EarlyStopping counter: 13 out of 15 with 14
epoch:15, train_loss:0.18443, val_loss:0.61714
EarlyStopping counter: 14 out of 15 with 15
epoch:16, train_loss:0.18319, val_loss:0.47091
EarlyStopping counter: 15 out of 15 with 16
Early stopping with best_score:0.42609935998916626
[train] per-column MSE: 0.260 0.268 0.078 0.308 0.114 0.008 0.111
================================================================================
DATA=ETTm2  MODEL=Autoformer  NORM=dishts  SEED=2024  seq_len=96  label_len=24  pred_len=24  batch_size=128  lr=0.001  alpha=0.1
  MSE=0.163920  MAE=0.281480  RMSE=0.404870  MAPE=1.796580  MSPE=679.381470
================================================================================
 data      model   norm  seed  seq_len  label_len  pred_len  batch_size  alpha     MSE     MAE    RMSE    MAPE      MSPE
ETTm2 Autoformer dishts  2024       96         24        24         128    0.1 0.16392 0.28148 0.40487 1.79658 679.38147
[train] appended 1 row to /root/autodl-tmp/Dish-TS-Reproduction/results/figure3_runs.csv
[train] wrote figure4 sample to /root/autodl-tmp/Dish-TS-Reproduction/results/figures/figure4_ETTm2_Autoformer_dishts_sq96_pd24_alpha0.1_seed2024.csv
