/root/miniconda3/lib/python3.12/site-packages/torch/autograd/graph.py:744: UserWarning: Plan failed with a cudnnException: CUDNN_BACKEND_EXECUTION_PLAN_DESCRIPTOR: cudnnFinalize Descriptor Failed cudnn_status: CUDNN_STATUS_NOT_SUPPORTED (Triggered internally at ../aten/src/ATen/native/cudnn/Conv_v8.cpp:919.)
  return Variable._execution_engine.run_backward(  # Calls into the C++ engine to run the backward pass
epoch:0, train_loss:0.40173, val_loss:1.11321
epoch:1, train_loss:0.36561, val_loss:1.01548
epoch:2, train_loss:0.35151, val_loss:1.15861
EarlyStopping counter: 1 out of 15 with 2
epoch:3, train_loss:0.34512, val_loss:1.06432
EarlyStopping counter: 2 out of 15 with 3
epoch:4, train_loss:0.33787, val_loss:1.02879
EarlyStopping counter: 3 out of 15 with 4
epoch:5, train_loss:0.33239, val_loss:1.10102
EarlyStopping counter: 4 out of 15 with 5
epoch:6, train_loss:0.34707, val_loss:1.21319
EarlyStopping counter: 5 out of 15 with 6
epoch:7, train_loss:0.36001, val_loss:1.14838
EarlyStopping counter: 6 out of 15 with 7
epoch:8, train_loss:0.37407, val_loss:1.30610
EarlyStopping counter: 7 out of 15 with 8
epoch:9, train_loss:0.37817, val_loss:1.15377
EarlyStopping counter: 8 out of 15 with 9
epoch:10, train_loss:0.36008, val_loss:1.11849
EarlyStopping counter: 9 out of 15 with 10
epoch:11, train_loss:0.35047, val_loss:1.15244
EarlyStopping counter: 10 out of 15 with 11
epoch:12, train_loss:0.34511, val_loss:1.09761
EarlyStopping counter: 11 out of 15 with 12
epoch:13, train_loss:0.34097, val_loss:1.08547
EarlyStopping counter: 12 out of 15 with 13
epoch:14, train_loss:0.33632, val_loss:1.15096
EarlyStopping counter: 13 out of 15 with 14
epoch:15, train_loss:0.33002, val_loss:1.05937
EarlyStopping counter: 14 out of 15 with 15
epoch:16, train_loss:0.32249, val_loss:1.20854
EarlyStopping counter: 15 out of 15 with 16
Early stopping with best_score:1.0154757499694824
[train] per-column MSE: 0.493 0.617 0.113 0.622 0.263 0.008 0.242
================================================================================
DATA=ETTm2  MODEL=Autoformer  NORM=dishts  SEED=2025  seq_len=96  label_len=84  pred_len=168  batch_size=128  lr=0.001  alpha=0.25
  MSE=0.338070  MAE=0.401270  RMSE=0.581440  MAPE=1.570490  MSPE=374.631134
================================================================================
 data      model   norm  seed  seq_len  label_len  pred_len  batch_size  alpha     MSE     MAE    RMSE    MAPE       MSPE
ETTm2 Autoformer dishts  2025       96         84       168         128   0.25 0.33807 0.40127 0.58144 1.57049 374.631134
[train] appended 1 row to /root/autodl-tmp/Dish-TS-Reproduction/results/figure3_runs.csv
[train] wrote figure4 sample to /root/autodl-tmp/Dish-TS-Reproduction/results/figures/figure4_ETTm2_Autoformer_dishts_sq96_pd168_alpha0.25_seed2025.csv
