[INFO] label_len capped to 12 (seq_len=24 too short for 48)
/root/miniconda3/lib/python3.12/site-packages/torch/utils/data/_utils/collate.py:222: UserWarning: The given NumPy array is not writable, and PyTorch does not support non-writable tensors. This means writing to this tensor will result in undefined behavior. You may want to copy the array to protect its data or make it writable before converting it to a tensor. This type of warning will be suppressed for the rest of this program. (Triggered internally at ../torch/csrc/utils/tensor_numpy.cpp:206.)
  return collate([torch.as_tensor(b) for b in batch], collate_fn_map=collate_fn_map)
/root/miniconda3/lib/python3.12/site-packages/torch/utils/data/_utils/collate.py:222: UserWarning: The given NumPy array is not writable, and PyTorch does not support non-writable tensors. This means writing to this tensor will result in undefined behavior. You may want to copy the array to protect its data or make it writable before converting it to a tensor. This type of warning will be suppressed for the rest of this program. (Triggered internally at ../torch/csrc/utils/tensor_numpy.cpp:206.)
  return collate([torch.as_tensor(b) for b in batch], collate_fn_map=collate_fn_map)
/root/miniconda3/lib/python3.12/site-packages/torch/utils/data/_utils/collate.py:222: UserWarning: The given NumPy array is not writable, and PyTorch does not support non-writable tensors. This means writing to this tensor will result in undefined behavior. You may want to copy the array to protect its data or make it writable before converting it to a tensor. This type of warning will be suppressed for the rest of this program. (Triggered internally at ../torch/csrc/utils/tensor_numpy.cpp:206.)
  return collate([torch.as_tensor(b) for b in batch], collate_fn_map=collate_fn_map)
/root/miniconda3/lib/python3.12/site-packages/torch/utils/data/_utils/collate.py:222: UserWarning: The given NumPy array is not writable, and PyTorch does not support non-writable tensors. This means writing to this tensor will result in undefined behavior. You may want to copy the array to protect its data or make it writable before converting it to a tensor. This type of warning will be suppressed for the rest of this program. (Triggered internally at ../torch/csrc/utils/tensor_numpy.cpp:206.)
  return collate([torch.as_tensor(b) for b in batch], collate_fn_map=collate_fn_map)
/root/miniconda3/lib/python3.12/site-packages/torch/utils/data/_utils/collate.py:222: UserWarning: The given NumPy array is not writable, and PyTorch does not support non-writable tensors. This means writing to this tensor will result in undefined behavior. You may want to copy the array to protect its data or make it writable before converting it to a tensor. This type of warning will be suppressed for the rest of this program. (Triggered internally at ../torch/csrc/utils/tensor_numpy.cpp:206.)
  return collate([torch.as_tensor(b) for b in batch], collate_fn_map=collate_fn_map)
/root/miniconda3/lib/python3.12/site-packages/torch/utils/data/_utils/collate.py:222: UserWarning: The given NumPy array is not writable, and PyTorch does not support non-writable tensors. This means writing to this tensor will result in undefined behavior. You may want to copy the array to protect its data or make it writable before converting it to a tensor. This type of warning will be suppressed for the rest of this program. (Triggered internally at ../torch/csrc/utils/tensor_numpy.cpp:206.)
  return collate([torch.as_tensor(b) for b in batch], collate_fn_map=collate_fn_map)
/root/miniconda3/lib/python3.12/site-packages/torch/utils/data/_utils/collate.py:222: UserWarning: The given NumPy array is not writable, and PyTorch does not support non-writable tensors. This means writing to this tensor will result in undefined behavior. You may want to copy the array to protect its data or make it writable before converting it to a tensor. This type of warning will be suppressed for the rest of this program. (Triggered internally at ../torch/csrc/utils/tensor_numpy.cpp:206.)
  return collate([torch.as_tensor(b) for b in batch], collate_fn_map=collate_fn_map)
/root/miniconda3/lib/python3.12/site-packages/torch/utils/data/_utils/collate.py:222: UserWarning: The given NumPy array is not writable, and PyTorch does not support non-writable tensors. This means writing to this tensor will result in undefined behavior. You may want to copy the array to protect its data or make it writable before converting it to a tensor. This type of warning will be suppressed for the rest of this program. (Triggered internally at ../torch/csrc/utils/tensor_numpy.cpp:206.)
  return collate([torch.as_tensor(b) for b in batch], collate_fn_map=collate_fn_map)
/root/miniconda3/lib/python3.12/site-packages/torch/nn/modules/conv.py:303: UserWarning: Plan failed with a cudnnException: CUDNN_BACKEND_EXECUTION_PLAN_DESCRIPTOR: cudnnFinalize Descriptor Failed cudnn_status: CUDNN_STATUS_NOT_SUPPORTED (Triggered internally at ../aten/src/ATen/native/cudnn/Conv_v8.cpp:919.)
  return F.conv1d(F.pad(input, self._reversed_padding_repeated_twice, mode=self.padding_mode),
epoch:0, train_loss:9.04587, val_loss:7.19769
epoch:1, train_loss:7.62069, val_loss:8.86601
EarlyStopping counter: 1 out of 3 with 1
epoch:2, train_loss:7.43381, val_loss:8.27548
EarlyStopping counter: 2 out of 3 with 2
epoch:3, train_loss:7.06097, val_loss:10.06384
EarlyStopping counter: 3 out of 3 with 3
Early stopping with best_score:7.197687149047852
/root/miniconda3/lib/python3.12/site-packages/torch/utils/data/_utils/collate.py:222: UserWarning: The given NumPy array is not writable, and PyTorch does not support non-writable tensors. This means writing to this tensor will result in undefined behavior. You may want to copy the array to protect its data or make it writable before converting it to a tensor. This type of warning will be suppressed for the rest of this program. (Triggered internally at ../torch/csrc/utils/tensor_numpy.cpp:206.)
  return collate([torch.as_tensor(b) for b in batch], collate_fn_map=collate_fn_map)
/root/miniconda3/lib/python3.12/site-packages/torch/utils/data/_utils/collate.py:222: UserWarning: The given NumPy array is not writable, and PyTorch does not support non-writable tensors. This means writing to this tensor will result in undefined behavior. You may want to copy the array to protect its data or make it writable before converting it to a tensor. This type of warning will be suppressed for the rest of this program. (Triggered internally at ../torch/csrc/utils/tensor_numpy.cpp:206.)
  return collate([torch.as_tensor(b) for b in batch], collate_fn_map=collate_fn_map)
/root/miniconda3/lib/python3.12/site-packages/torch/utils/data/_utils/collate.py:222: UserWarning: The given NumPy array is not writable, and PyTorch does not support non-writable tensors. This means writing to this tensor will result in undefined behavior. You may want to copy the array to protect its data or make it writable before converting it to a tensor. This type of warning will be suppressed for the rest of this program. (Triggered internally at ../torch/csrc/utils/tensor_numpy.cpp:206.)
  return collate([torch.as_tensor(b) for b in batch], collate_fn_map=collate_fn_map)
/root/miniconda3/lib/python3.12/site-packages/torch/utils/data/_utils/collate.py:222: UserWarning: The given NumPy array is not writable, and PyTorch does not support non-writable tensors. This means writing to this tensor will result in undefined behavior. You may want to copy the array to protect its data or make it writable before converting it to a tensor. This type of warning will be suppressed for the rest of this program. (Triggered internally at ../torch/csrc/utils/tensor_numpy.cpp:206.)
  return collate([torch.as_tensor(b) for b in batch], collate_fn_map=collate_fn_map)
================================================================================
DATA=ETTm2  MODEL=Autoformer  NORM=none  SEED=2023  seq_len=24  label_len=12  pred_len=24  batch_size=64  lr=0.001  alpha=0.5
  MSE=9.914470  MAE=2.173430  RMSE=3.148730  MAPE=0.143610  MSPE=13.706150
================================================================================
 data      model norm  seed  seq_len  label_len  pred_len  batch_size  alpha     MSE     MAE    RMSE    MAPE     MSPE
ETTm2 Autoformer none  2023       24         12        24          64    0.5 9.91447 2.17343 3.14873 0.14361 13.70615
