
==================================================================
  Table 3: RevIN vs Dish-TS (Autoformer, 3 seeds, pred_len ∈ {24,168,336})
==================================================================
[1/72]
  [SKIP] Autoformer + revin, seq=96 pred=24 (seed=2023) — 已有结果
[2/72]
  [SKIP] Autoformer + revin, seq=96 pred=24 (seed=2024) — 已有结果
[3/72]
  [SKIP] Autoformer + revin, seq=96 pred=24 (seed=2025) — 已有结果
[4/72]
  [SKIP] Autoformer + dishts, seq=96 pred=24 (seed=2023) — 已有结果
[5/72]
  [SKIP] Autoformer + dishts, seq=96 pred=24 (seed=2024) — 已有结果
[6/72]
  [SKIP] Autoformer + dishts, seq=96 pred=24 (seed=2025) — 已有结果
[7/72]
  [SKIP] Autoformer + revin, seq=96 pred=168 (seed=2023) — 已有结果
[8/72]
  [SKIP] Autoformer + revin, seq=96 pred=168 (seed=2024) — 已有结果
[9/72]
  [SKIP] Autoformer + revin, seq=96 pred=168 (seed=2025) — 已有结果
[10/72]
  [SKIP] Autoformer + dishts, seq=96 pred=168 (seed=2023) — 已有结果
[11/72]
  [SKIP] Autoformer + dishts, seq=96 pred=168 (seed=2024) — 已有结果
[12/72]
  [SKIP] Autoformer + dishts, seq=96 pred=168 (seed=2025) — 已有结果
[13/72]
[08:14:12] ECL | Autoformer + revin | seq=96 pred=336 | seed=2023 | ft=M
/root/miniconda3/lib/python3.12/site-packages/torch/autograd/graph.py:744: UserWarning: Plan failed with a cudnnException: CUDNN_BACKEND_EXECUTION_PLAN_DESCRIPTOR: cudnnFinalize Descriptor Failed cudnn_status: CUDNN_STATUS_NOT_SUPPORTED (Triggered internally at ../aten/src/ATen/native/cudnn/Conv_v8.cpp:919.)
  return Variable._execution_engine.run_backward(  # Calls into the C++ engine to run the backward pass
/root/miniconda3/lib/python3.12/site-packages/torch/nn/modules/conv.py:303: UserWarning: Plan failed with a cudnnException: CUDNN_BACKEND_EXECUTION_PLAN_DESCRIPTOR: cudnnFinalize Descriptor Failed cudnn_status: CUDNN_STATUS_NOT_SUPPORTED (Triggered internally at ../aten/src/ATen/native/cudnn/Conv_v8.cpp:919.)
  return F.conv1d(F.pad(input, self._reversed_padding_repeated_twice, mode=self.padding_mode),
epoch:0, train_loss:50964680.00000, val_loss:22185500.00000
epoch:1, train_loss:46348944.00000, val_loss:18637472.00000
epoch:2, train_loss:45208752.00000, val_loss:22799022.00000
EarlyStopping counter: 1 out of 7 with 2
epoch:3, train_loss:46458076.00000, val_loss:22280070.00000
EarlyStopping counter: 2 out of 7 with 3
epoch:4, train_loss:45920872.00000, val_loss:22100186.00000
EarlyStopping counter: 3 out of 7 with 4
epoch:5, train_loss:45769248.00000, val_loss:21948514.00000
EarlyStopping counter: 4 out of 7 with 5
epoch:6, train_loss:45301076.00000, val_loss:21964700.00000
EarlyStopping counter: 5 out of 7 with 6
epoch:7, train_loss:44947448.00000, val_loss:22054668.00000
EarlyStopping counter: 6 out of 7 with 7
epoch:8, train_loss:44760368.00000, val_loss:22025528.00000
EarlyStopping counter: 7 out of 7 with 8
Early stopping with best_score:18637472.0
================================================================================
DATA=ECL  MODEL=Autoformer  NORM=revin  SEED=2023  seq_len=96  label_len=96  pred_len=336  batch_size=64  lr=0.001  alpha=0.5
  MSE=54545604.000000  MAE=767.822266  RMSE=7385.499512  MAPE=117729312.000000  MSPE=143451390915934945280.000000
================================================================================
data      model  norm  seed  seq_len  label_len  pred_len  batch_size  alpha        MSE        MAE        RMSE        MAPE         MSPE
 ECL Autoformer revin  2023       96         96       336          64    0.5 54545604.0 767.822266 7385.499512 117729312.0 1.434514e+20
  → 用时 10 分 10 秒
[14/72]
[08:24:22] ECL | Autoformer + revin | seq=96 pred=336 | seed=2024 | ft=M
/root/miniconda3/lib/python3.12/site-packages/torch/autograd/graph.py:744: UserWarning: Plan failed with a cudnnException: CUDNN_BACKEND_EXECUTION_PLAN_DESCRIPTOR: cudnnFinalize Descriptor Failed cudnn_status: CUDNN_STATUS_NOT_SUPPORTED (Triggered internally at ../aten/src/ATen/native/cudnn/Conv_v8.cpp:919.)
  return Variable._execution_engine.run_backward(  # Calls into the C++ engine to run the backward pass
/root/miniconda3/lib/python3.12/site-packages/torch/nn/modules/conv.py:303: UserWarning: Plan failed with a cudnnException: CUDNN_BACKEND_EXECUTION_PLAN_DESCRIPTOR: cudnnFinalize Descriptor Failed cudnn_status: CUDNN_STATUS_NOT_SUPPORTED (Triggered internally at ../aten/src/ATen/native/cudnn/Conv_v8.cpp:919.)
  return F.conv1d(F.pad(input, self._reversed_padding_repeated_twice, mode=self.padding_mode),
epoch:0, train_loss:51640488.00000, val_loss:23072342.00000
epoch:1, train_loss:47580888.00000, val_loss:22999094.00000
epoch:2, train_loss:46715236.00000, val_loss:22593110.00000
epoch:3, train_loss:46085860.00000, val_loss:22244010.00000
epoch:4, train_loss:45235180.00000, val_loss:22248416.00000
EarlyStopping counter: 1 out of 7 with 4
epoch:5, train_loss:44720028.00000, val_loss:22138148.00000
epoch:6, train_loss:44282228.00000, val_loss:21679716.00000
epoch:7, train_loss:44089112.00000, val_loss:21585776.00000
epoch:8, train_loss:322102919168.00000, val_loss:102478056.00000
EarlyStopping counter: 1 out of 7 with 8
epoch:9, train_loss:595233088.00000, val_loss:54868532.00000
EarlyStopping counter: 2 out of 7 with 9
epoch:10, train_loss:357741120.00000, val_loss:52769588.00000
EarlyStopping counter: 3 out of 7 with 10
epoch:11, train_loss:260055680.00000, val_loss:37660024.00000
EarlyStopping counter: 4 out of 7 with 11
epoch:12, train_loss:241569264.00000, val_loss:42057332.00000
EarlyStopping counter: 5 out of 7 with 12
epoch:13, train_loss:189986896.00000, val_loss:36627928.00000
EarlyStopping counter: 6 out of 7 with 13
epoch:14, train_loss:157209136.00000, val_loss:30498562.00000
EarlyStopping counter: 7 out of 7 with 14
Early stopping with best_score:21585776.0
================================================================================
DATA=ECL  MODEL=Autoformer  NORM=revin  SEED=2024  seq_len=96  label_len=96  pred_len=336  batch_size=64  lr=0.001  alpha=0.5
  MSE=65708172.000000  MAE=860.083496  RMSE=8106.057617  MAPE=123311784.000000  MSPE=147405410651277885440.000000
================================================================================
data      model  norm  seed  seq_len  label_len  pred_len  batch_size  alpha        MSE        MAE        RMSE        MAPE         MSPE
 ECL Autoformer revin  2024       96         96       336          64    0.5 65708172.0 860.083496 8106.057617 123311784.0 1.474054e+20
  → 用时 15 分 36 秒
[15/72]
[08:39:58] ECL | Autoformer + revin | seq=96 pred=336 | seed=2025 | ft=M
/root/miniconda3/lib/python3.12/site-packages/torch/autograd/graph.py:744: UserWarning: Plan failed with a cudnnException: CUDNN_BACKEND_EXECUTION_PLAN_DESCRIPTOR: cudnnFinalize Descriptor Failed cudnn_status: CUDNN_STATUS_NOT_SUPPORTED (Triggered internally at ../aten/src/ATen/native/cudnn/Conv_v8.cpp:919.)
  return Variable._execution_engine.run_backward(  # Calls into the C++ engine to run the backward pass
/root/miniconda3/lib/python3.12/site-packages/torch/nn/modules/conv.py:303: UserWarning: Plan failed with a cudnnException: CUDNN_BACKEND_EXECUTION_PLAN_DESCRIPTOR: cudnnFinalize Descriptor Failed cudnn_status: CUDNN_STATUS_NOT_SUPPORTED (Triggered internally at ../aten/src/ATen/native/cudnn/Conv_v8.cpp:919.)
  return F.conv1d(F.pad(input, self._reversed_padding_repeated_twice, mode=self.padding_mode),
epoch:0, train_loss:50968012.00000, val_loss:23615628.00000
epoch:1, train_loss:47474700.00000, val_loss:22766782.00000
epoch:2, train_loss:46833392.00000, val_loss:22886144.00000
EarlyStopping counter: 1 out of 7 with 2
epoch:3, train_loss:45829588.00000, val_loss:22507088.00000
epoch:4, train_loss:44981184.00000, val_loss:22168674.00000
epoch:5, train_loss:44657748.00000, val_loss:22006686.00000
epoch:6, train_loss:44169152.00000, val_loss:22082506.00000
EarlyStopping counter: 1 out of 7 with 6
epoch:7, train_loss:43922716.00000, val_loss:21693488.00000
epoch:8, train_loss:43645164.00000, val_loss:21674496.00000
epoch:9, train_loss:43619216.00000, val_loss:21704088.00000
EarlyStopping counter: 1 out of 7 with 9
epoch:10, train_loss:377462161408.00000, val_loss:1065825271808.00000
EarlyStopping counter: 2 out of 7 with 10
epoch:11, train_loss:214312419328.00000, val_loss:420937600.00000
EarlyStopping counter: 3 out of 7 with 11
epoch:12, train_loss:2566537984.00000, val_loss:176094160.00000
EarlyStopping counter: 4 out of 7 with 12
epoch:13, train_loss:1612880768.00000, val_loss:271489440.00000
EarlyStopping counter: 5 out of 7 with 13
epoch:14, train_loss:1135271040.00000, val_loss:74693128.00000
EarlyStopping counter: 6 out of 7 with 14
epoch:15, train_loss:858333760.00000, val_loss:67022364.00000
EarlyStopping counter: 7 out of 7 with 15
Early stopping with best_score:21674496.0
================================================================================
DATA=ECL  MODEL=Autoformer  NORM=revin  SEED=2025  seq_len=96  label_len=96  pred_len=336  batch_size=64  lr=0.001  alpha=0.5
  MSE=65678380.000000  MAE=859.992065  RMSE=8104.219727  MAPE=122858864.000000  MSPE=147287120792315232256.000000
================================================================================
data      model  norm  seed  seq_len  label_len  pred_len  batch_size  alpha        MSE        MAE        RMSE        MAPE         MSPE
 ECL Autoformer revin  2025       96         96       336          64    0.5 65678380.0 859.992065 8104.219727 122858864.0 1.472871e+20
  → 用时 16 分 35 秒
[16/72]
[08:56:33] ECL | Autoformer + dishts | seq=96 pred=336 | seed=2023 | ft=M
/root/miniconda3/lib/python3.12/site-packages/torch/autograd/graph.py:744: UserWarning: Plan failed with a cudnnException: CUDNN_BACKEND_EXECUTION_PLAN_DESCRIPTOR: cudnnFinalize Descriptor Failed cudnn_status: CUDNN_STATUS_NOT_SUPPORTED (Triggered internally at ../aten/src/ATen/native/cudnn/Conv_v8.cpp:919.)
  return Variable._execution_engine.run_backward(  # Calls into the C++ engine to run the backward pass
/root/miniconda3/lib/python3.12/site-packages/torch/nn/modules/conv.py:303: UserWarning: Plan failed with a cudnnException: CUDNN_BACKEND_EXECUTION_PLAN_DESCRIPTOR: cudnnFinalize Descriptor Failed cudnn_status: CUDNN_STATUS_NOT_SUPPORTED (Triggered internally at ../aten/src/ATen/native/cudnn/Conv_v8.cpp:919.)
  return F.conv1d(F.pad(input, self._reversed_padding_repeated_twice, mode=self.padding_mode),
epoch:0, train_loss:22941728.00000, val_loss:4193633.75000
epoch:1, train_loss:10270909.00000, val_loss:4361146.50000
EarlyStopping counter: 1 out of 7 with 1
epoch:2, train_loss:7889633.00000, val_loss:4365691.50000
EarlyStopping counter: 2 out of 7 with 2
epoch:3, train_loss:6842728.00000, val_loss:4414386.50000
EarlyStopping counter: 3 out of 7 with 3
epoch:4, train_loss:6578501.00000, val_loss:4114006.50000
epoch:5, train_loss:6088244.00000, val_loss:4055001.50000
epoch:6, train_loss:5909410.50000, val_loss:4586295.50000
EarlyStopping counter: 1 out of 7 with 6
epoch:7, train_loss:5541064.00000, val_loss:4383298.00000
EarlyStopping counter: 2 out of 7 with 7
epoch:8, train_loss:5324295.50000, val_loss:4610442.00000
EarlyStopping counter: 3 out of 7 with 8
epoch:9, train_loss:5135775.00000, val_loss:4581171.50000
EarlyStopping counter: 4 out of 7 with 9
epoch:10, train_loss:5138796.50000, val_loss:4375984.50000
EarlyStopping counter: 5 out of 7 with 10
epoch:11, train_loss:5030315.00000, val_loss:4406865.50000
EarlyStopping counter: 6 out of 7 with 11
epoch:12, train_loss:10498228224.00000, val_loss:32879269888.00000
EarlyStopping counter: 7 out of 7 with 12
Early stopping with best_score:4055001.5
================================================================================
DATA=ECL  MODEL=Autoformer  NORM=dishts  SEED=2023  seq_len=96  label_len=96  pred_len=336  batch_size=64  lr=0.001  alpha=0.5
  MSE=10031790.000000  MAE=337.102051  RMSE=3167.300049  MAPE=102967304.000000  MSPE=154643566065671471104.000000
================================================================================
data      model   norm  seed  seq_len  label_len  pred_len  batch_size  alpha        MSE        MAE        RMSE        MAPE         MSPE
 ECL Autoformer dishts  2023       96         96       336          64    0.5 10031790.0 337.102051 3167.300049 102967304.0 1.546436e+20
  → 用时 13 分 54 秒
[17/72]
[09:10:27] ECL | Autoformer + dishts | seq=96 pred=336 | seed=2024 | ft=M
/root/miniconda3/lib/python3.12/site-packages/torch/autograd/graph.py:744: UserWarning: Plan failed with a cudnnException: CUDNN_BACKEND_EXECUTION_PLAN_DESCRIPTOR: cudnnFinalize Descriptor Failed cudnn_status: CUDNN_STATUS_NOT_SUPPORTED (Triggered internally at ../aten/src/ATen/native/cudnn/Conv_v8.cpp:919.)
  return Variable._execution_engine.run_backward(  # Calls into the C++ engine to run the backward pass
/root/miniconda3/lib/python3.12/site-packages/torch/nn/modules/conv.py:303: UserWarning: Plan failed with a cudnnException: CUDNN_BACKEND_EXECUTION_PLAN_DESCRIPTOR: cudnnFinalize Descriptor Failed cudnn_status: CUDNN_STATUS_NOT_SUPPORTED (Triggered internally at ../aten/src/ATen/native/cudnn/Conv_v8.cpp:919.)
  return F.conv1d(F.pad(input, self._reversed_padding_repeated_twice, mode=self.padding_mode),
epoch:0, train_loss:55170308.00000, val_loss:23216444.00000
epoch:1, train_loss:47838524.00000, val_loss:22921842.00000
epoch:2, train_loss:47039040.00000, val_loss:22496882.00000
epoch:3, train_loss:46566424.00000, val_loss:22357200.00000
epoch:4, train_loss:46697984.00000, val_loss:22485006.00000
EarlyStopping counter: 1 out of 7 with 4
epoch:5, train_loss:44247292.00000, val_loss:15037435.00000
epoch:6, train_loss:17910268.00000, val_loss:5405424.50000
epoch:7, train_loss:9027343.00000, val_loss:5258918.00000
epoch:8, train_loss:8112914.00000, val_loss:4155606.00000
epoch:9, train_loss:7326991.50000, val_loss:4133750.50000
epoch:10, train_loss:7053708.00000, val_loss:4028777.25000
epoch:11, train_loss:6825138.50000, val_loss:4316129.50000
EarlyStopping counter: 1 out of 7 with 11
epoch:12, train_loss:6664280.50000, val_loss:4116834.25000
EarlyStopping counter: 2 out of 7 with 12
epoch:13, train_loss:6524493.00000, val_loss:3998749.25000
epoch:14, train_loss:6381404.00000, val_loss:4489652.00000
EarlyStopping counter: 1 out of 7 with 14
epoch:15, train_loss:6471504.00000, val_loss:3994600.75000
epoch:16, train_loss:16124430336.00000, val_loss:71736952.00000
EarlyStopping counter: 1 out of 7 with 16
epoch:17, train_loss:108624696.00000, val_loss:43855348.00000
EarlyStopping counter: 2 out of 7 with 17
epoch:18, train_loss:90864760.00000, val_loss:40924088.00000
EarlyStopping counter: 3 out of 7 with 18
epoch:19, train_loss:84293816.00000, val_loss:37830224.00000
EarlyStopping counter: 4 out of 7 with 19
epoch:20, train_loss:82037160.00000, val_loss:37270676.00000
EarlyStopping counter: 5 out of 7 with 20
epoch:21, train_loss:74893800.00000, val_loss:35313092.00000
EarlyStopping counter: 6 out of 7 with 21
epoch:22, train_loss:70889312.00000, val_loss:33870172.00000
EarlyStopping counter: 7 out of 7 with 22
Early stopping with best_score:3994600.75
================================================================================
DATA=ECL  MODEL=Autoformer  NORM=dishts  SEED=2024  seq_len=96  label_len=96  pred_len=336  batch_size=64  lr=0.001  alpha=0.5
  MSE=9589882.000000  MAE=333.394836  RMSE=3096.753174  MAPE=104451664.000000  MSPE=152812888001517453312.000000
================================================================================
data      model   norm  seed  seq_len  label_len  pred_len  batch_size  alpha       MSE        MAE        RMSE        MAPE         MSPE
 ECL Autoformer dishts  2024       96         96       336          64    0.5 9589882.0 333.394836 3096.753174 104451664.0 1.528129e+20
  → 用时 23 分 0 秒
[18/72]
[09:33:27] ECL | Autoformer + dishts | seq=96 pred=336 | seed=2025 | ft=M
/root/miniconda3/lib/python3.12/site-packages/torch/autograd/graph.py:744: UserWarning: Plan failed with a cudnnException: CUDNN_BACKEND_EXECUTION_PLAN_DESCRIPTOR: cudnnFinalize Descriptor Failed cudnn_status: CUDNN_STATUS_NOT_SUPPORTED (Triggered internally at ../aten/src/ATen/native/cudnn/Conv_v8.cpp:919.)
  return Variable._execution_engine.run_backward(  # Calls into the C++ engine to run the backward pass
/root/miniconda3/lib/python3.12/site-packages/torch/nn/modules/conv.py:303: UserWarning: Plan failed with a cudnnException: CUDNN_BACKEND_EXECUTION_PLAN_DESCRIPTOR: cudnnFinalize Descriptor Failed cudnn_status: CUDNN_STATUS_NOT_SUPPORTED (Triggered internally at ../aten/src/ATen/native/cudnn/Conv_v8.cpp:919.)
  return F.conv1d(F.pad(input, self._reversed_padding_repeated_twice, mode=self.padding_mode),
