/root/miniconda3/lib/python3.12/site-packages/torch/autograd/graph.py:744: UserWarning: Plan failed with a cudnnException: CUDNN_BACKEND_EXECUTION_PLAN_DESCRIPTOR: cudnnFinalize Descriptor Failed cudnn_status: CUDNN_STATUS_NOT_SUPPORTED (Triggered internally at ../aten/src/ATen/native/cudnn/Conv_v8.cpp:919.)
  return Variable._execution_engine.run_backward(  # Calls into the C++ engine to run the backward pass
epoch:0, train_loss:34011.52734, val_loss:8548.42383
epoch:1, train_loss:24840.62305, val_loss:8314.13672
epoch:2, train_loss:23993.73633, val_loss:7872.46582
epoch:3, train_loss:25175.52148, val_loss:10142.17969
EarlyStopping counter: 1 out of 7 with 3
epoch:4, train_loss:24595.53711, val_loss:8961.70020
EarlyStopping counter: 2 out of 7 with 4
epoch:5, train_loss:23409.68164, val_loss:8432.51270
EarlyStopping counter: 3 out of 7 with 5
epoch:6, train_loss:22739.39453, val_loss:8409.57812
EarlyStopping counter: 4 out of 7 with 6
epoch:7, train_loss:22901.94141, val_loss:9002.03320
EarlyStopping counter: 5 out of 7 with 7
epoch:8, train_loss:1724989.00000, val_loss:7756510.50000
EarlyStopping counter: 6 out of 7 with 8
epoch:9, train_loss:17248392.00000, val_loss:38894.30859
EarlyStopping counter: 7 out of 7 with 9
Early stopping with best_score:7872.4658203125
================================================================================
DATA=WTH  MODEL=Autoformer  NORM=dishts  SEED=2025  seq_len=96  label_len=84  pred_len=168  batch_size=128  lr=0.001  alpha=0.5
  MSE=2994.633057  MAE=17.691179  RMSE=54.723240  MAPE=389924224.000000  MSPE=3913965901132595200.000000
================================================================================
data      model   norm  seed  seq_len  label_len  pred_len  batch_size  alpha         MSE       MAE     RMSE        MAPE         MSPE
 WTH Autoformer dishts  2025       96         84       168         128    0.5 2994.633057 17.691179 54.72324 389924224.0 3.913966e+18
