/root/miniconda3/lib/python3.12/site-packages/torch/autograd/graph.py:744: UserWarning: Plan failed with a cudnnException: CUDNN_BACKEND_EXECUTION_PLAN_DESCRIPTOR: cudnnFinalize Descriptor Failed cudnn_status: CUDNN_STATUS_NOT_SUPPORTED (Triggered internally at ../aten/src/ATen/native/cudnn/Conv_v8.cpp:919.)
  return Variable._execution_engine.run_backward(  # Calls into the C++ engine to run the backward pass
epoch:0, train_loss:38086.99609, val_loss:11139.98340
epoch:1, train_loss:27051.05273, val_loss:12813.80957
EarlyStopping counter: 1 out of 7 with 1
epoch:2, train_loss:25593.12695, val_loss:12082.84082
EarlyStopping counter: 2 out of 7 with 2
epoch:3, train_loss:24754.56055, val_loss:12352.84766
EarlyStopping counter: 3 out of 7 with 3
epoch:4, train_loss:30394100.00000, val_loss:34162.19922
EarlyStopping counter: 4 out of 7 with 4
epoch:5, train_loss:78042.79688, val_loss:23089.45898
EarlyStopping counter: 5 out of 7 with 5
epoch:6, train_loss:64199.79297, val_loss:20502.13086
EarlyStopping counter: 6 out of 7 with 6
epoch:7, train_loss:57883.19531, val_loss:18835.82617
EarlyStopping counter: 7 out of 7 with 7
Early stopping with best_score:11139.9833984375
================================================================================
DATA=WTH  MODEL=Autoformer  NORM=revin  SEED=2025  seq_len=96  label_len=84  pred_len=168  batch_size=128  lr=0.001  alpha=0.5
  MSE=3707.476807  MAE=18.997971  RMSE=60.889061  MAPE=587688576.000000  MSPE=9286670921265840128.000000
================================================================================
data      model  norm  seed  seq_len  label_len  pred_len  batch_size  alpha         MSE       MAE      RMSE        MAPE         MSPE
 WTH Autoformer revin  2025       96         84       168         128    0.5 3707.476807 18.997971 60.889061 587688576.0 9.286671e+18
