/root/miniconda3/lib/python3.12/site-packages/torch/autograd/graph.py:744: UserWarning: Plan failed with a cudnnException: CUDNN_BACKEND_EXECUTION_PLAN_DESCRIPTOR: cudnnFinalize Descriptor Failed cudnn_status: CUDNN_STATUS_NOT_SUPPORTED (Triggered internally at ../aten/src/ATen/native/cudnn/Conv_v8.cpp:919.)
  return Variable._execution_engine.run_backward(  # Calls into the C++ engine to run the backward pass
epoch:0, train_loss:43901.38672, val_loss:10438.68457
epoch:1, train_loss:27288.62305, val_loss:10444.02930
EarlyStopping counter: 1 out of 7 with 1
epoch:2, train_loss:24364.85352, val_loss:9877.03516
epoch:3, train_loss:10100907.00000, val_loss:868838.12500
EarlyStopping counter: 1 out of 7 with 3
epoch:4, train_loss:267348.90625, val_loss:20305.28516
EarlyStopping counter: 2 out of 7 with 4
epoch:5, train_loss:64146.41016, val_loss:22516.55469
EarlyStopping counter: 3 out of 7 with 5
epoch:6, train_loss:75160.57031, val_loss:16163.13184
EarlyStopping counter: 4 out of 7 with 6
epoch:7, train_loss:48435.73828, val_loss:17650.72266
EarlyStopping counter: 5 out of 7 with 7
epoch:8, train_loss:55624.77734, val_loss:13789.31152
EarlyStopping counter: 6 out of 7 with 8
epoch:9, train_loss:42064.94141, val_loss:15790.35156
EarlyStopping counter: 7 out of 7 with 9
Early stopping with best_score:9877.03515625
================================================================================
DATA=WTH  MODEL=Autoformer  NORM=revin  SEED=2025  seq_len=96  label_len=48  pred_len=24  batch_size=128  lr=0.001  alpha=0.5
  MSE=3889.867188  MAE=19.014721  RMSE=62.368801  MAPE=640733184.000000  MSPE=10526646259001851904.000000
================================================================================
data      model  norm  seed  seq_len  label_len  pred_len  batch_size  alpha         MSE       MAE      RMSE        MAPE         MSPE
 WTH Autoformer revin  2025       96         48        24         128    0.5 3889.867188 19.014721 62.368801 640733184.0 1.052665e+19
