/root/miniconda3/lib/python3.12/site-packages/torch/autograd/graph.py:744: UserWarning: Plan failed with a cudnnException: CUDNN_BACKEND_EXECUTION_PLAN_DESCRIPTOR: cudnnFinalize Descriptor Failed cudnn_status: CUDNN_STATUS_NOT_SUPPORTED (Triggered internally at ../aten/src/ATen/native/cudnn/Conv_v8.cpp:919.)
  return Variable._execution_engine.run_backward(  # Calls into the C++ engine to run the backward pass
epoch:0, train_loss:0.72004, val_loss:0.55354
epoch:1, train_loss:0.57206, val_loss:0.55539
EarlyStopping counter: 1 out of 15 with 1
epoch:2, train_loss:0.53856, val_loss:0.54862
epoch:3, train_loss:0.52571, val_loss:0.52991
epoch:4, train_loss:0.51788, val_loss:0.53897
EarlyStopping counter: 1 out of 15 with 4
epoch:5, train_loss:0.51333, val_loss:0.53086
EarlyStopping counter: 2 out of 15 with 5
epoch:6, train_loss:0.50911, val_loss:0.57206
EarlyStopping counter: 3 out of 15 with 6
epoch:7, train_loss:0.51554, val_loss:1.17135
EarlyStopping counter: 4 out of 15 with 7
epoch:8, train_loss:4926.30615, val_loss:7.53320
EarlyStopping counter: 5 out of 15 with 8
epoch:9, train_loss:4.52497, val_loss:3.38390
EarlyStopping counter: 6 out of 15 with 9
epoch:10, train_loss:2.80940, val_loss:2.57172
EarlyStopping counter: 7 out of 15 with 10
epoch:11, train_loss:2.27632, val_loss:2.16644
EarlyStopping counter: 8 out of 15 with 11
epoch:12, train_loss:1.99029, val_loss:1.83057
EarlyStopping counter: 9 out of 15 with 12
epoch:13, train_loss:1.79784, val_loss:1.60584
EarlyStopping counter: 10 out of 15 with 13
epoch:14, train_loss:1.65570, val_loss:1.59662
EarlyStopping counter: 11 out of 15 with 14
epoch:15, train_loss:1.55258, val_loss:1.40147
EarlyStopping counter: 12 out of 15 with 15
epoch:16, train_loss:1.45956, val_loss:1.27642
EarlyStopping counter: 13 out of 15 with 16
epoch:17, train_loss:1.38596, val_loss:1.18628
EarlyStopping counter: 14 out of 15 with 17
epoch:18, train_loss:1.33823, val_loss:1.11248
EarlyStopping counter: 15 out of 15 with 18
Early stopping with best_score:0.5299091339111328
[train] per-column MSE: 0.570 0.277 0.263 0.177 0.414 0.150 0.146 0.125 0.149 0.148 0.181 0.001 0.608 0.406 0.051 1.026 0.115 0.111 0.081 0.271 0.004
================================================================================
DATA=WTH  MODEL=Autoformer  NORM=dishts  SEED=2024  seq_len=96  label_len=84  pred_len=168  batch_size=128  lr=0.001  alpha=0.5
  MSE=0.251470  MAE=0.319910  RMSE=0.501470  MAPE=2.016290  MSPE=4946.604980
================================================================================
data      model   norm  seed  seq_len  label_len  pred_len  batch_size  alpha     MSE     MAE    RMSE    MAPE       MSPE
 WTH Autoformer dishts  2024       96         84       168         128    0.5 0.25147 0.31991 0.50147 2.01629 4946.60498
[train] appended 1 row to /root/autodl-tmp/Dish-TS-Reproduction/results/figure3_runs.csv
[train] wrote figure4 sample to /root/autodl-tmp/Dish-TS-Reproduction/results/figures/figure4_WTH_Autoformer_dishts_sq96_pd168_alpha0.5_seed2024.csv
# data=WTH norm=dishts pred_len=168 seed=2024
# /root/miniconda3/bin/python3 /root/autodl-tmp/Dish-TS-Reproduction/train.py --data WTH --model Autoformer --norm dishts --seq_len 96 --pred_len 168 --alpha 0.5 --batch_size 128 --patience 15 --seed 2024 --gpu 0

