/root/miniconda3/lib/python3.12/site-packages/torch/autograd/graph.py:744: UserWarning: Plan failed with a cudnnException: CUDNN_BACKEND_EXECUTION_PLAN_DESCRIPTOR: cudnnFinalize Descriptor Failed cudnn_status: CUDNN_STATUS_NOT_SUPPORTED (Triggered internally at ../aten/src/ATen/native/cudnn/Conv_v8.cpp:919.)
  return Variable._execution_engine.run_backward(  # Calls into the C++ engine to run the backward pass
epoch:0, train_loss:38418.98828, val_loss:11652.32227
epoch:1, train_loss:26672.10547, val_loss:12046.85742
EarlyStopping counter: 1 out of 7 with 1
epoch:2, train_loss:24128.89453, val_loss:10930.96973
epoch:3, train_loss:23250.74805, val_loss:10068.48242
epoch:4, train_loss:23073.16211, val_loss:10290.80664
EarlyStopping counter: 1 out of 7 with 4
epoch:5, train_loss:22750.59766, val_loss:12381.75684
EarlyStopping counter: 2 out of 7 with 5
epoch:6, train_loss:22772.77539, val_loss:11131.76465
EarlyStopping counter: 3 out of 7 with 6
epoch:7, train_loss:23236.38281, val_loss:11421.03027
EarlyStopping counter: 4 out of 7 with 7
epoch:8, train_loss:22075.94531, val_loss:10916.83496
EarlyStopping counter: 5 out of 7 with 8
epoch:9, train_loss:22041.94531, val_loss:10984.89062
EarlyStopping counter: 6 out of 7 with 9
epoch:10, train_loss:21911.30469, val_loss:12752.76855
EarlyStopping counter: 7 out of 7 with 10
Early stopping with best_score:10068.482421875
================================================================================
DATA=WTH  MODEL=Autoformer  NORM=revin  SEED=2023  seq_len=96  label_len=84  pred_len=168  batch_size=128  lr=0.001  alpha=0.5
  MSE=3351.397217  MAE=17.706200  RMSE=57.891251  MAPE=470030400.000000  MSPE=5720989347004547072.000000
================================================================================
data      model  norm  seed  seq_len  label_len  pred_len  batch_size  alpha         MSE     MAE      RMSE        MAPE         MSPE
 WTH Autoformer revin  2023       96         84       168         128    0.5 3351.397217 17.7062 57.891251 470030400.0 5.720989e+18
