/root/miniconda3/lib/python3.12/site-packages/torch/autograd/graph.py:744: UserWarning: Plan failed with a cudnnException: CUDNN_BACKEND_EXECUTION_PLAN_DESCRIPTOR: cudnnFinalize Descriptor Failed cudnn_status: CUDNN_STATUS_NOT_SUPPORTED (Triggered internally at ../aten/src/ATen/native/cudnn/Conv_v8.cpp:919.)
  return Variable._execution_engine.run_backward(  # Calls into the C++ engine to run the backward pass
epoch:0, train_loss:0.67908, val_loss:0.55972
epoch:1, train_loss:0.54679, val_loss:0.54819
epoch:2, train_loss:0.51768, val_loss:0.53223
epoch:3, train_loss:0.50678, val_loss:0.54376
EarlyStopping counter: 1 out of 15 with 3
epoch:4, train_loss:0.49841, val_loss:0.54008
EarlyStopping counter: 2 out of 15 with 4
epoch:5, train_loss:0.49531, val_loss:0.54709
EarlyStopping counter: 3 out of 15 with 5
epoch:6, train_loss:0.48562, val_loss:0.55114
EarlyStopping counter: 4 out of 15 with 6
epoch:7, train_loss:0.48034, val_loss:0.55707
EarlyStopping counter: 5 out of 15 with 7
epoch:8, train_loss:412.16776, val_loss:1.25513
EarlyStopping counter: 6 out of 15 with 8
epoch:9, train_loss:1.18455, val_loss:0.88736
EarlyStopping counter: 7 out of 15 with 9
epoch:10, train_loss:1.05243, val_loss:0.79217
EarlyStopping counter: 8 out of 15 with 10
epoch:11, train_loss:0.89642, val_loss:0.74254
EarlyStopping counter: 9 out of 15 with 11
epoch:12, train_loss:0.86903, val_loss:0.72116
EarlyStopping counter: 10 out of 15 with 12
epoch:13, train_loss:1.06245, val_loss:0.71305
EarlyStopping counter: 11 out of 15 with 13
epoch:14, train_loss:0.94770, val_loss:0.69247
EarlyStopping counter: 12 out of 15 with 14
epoch:15, train_loss:0.81267, val_loss:0.68071
EarlyStopping counter: 13 out of 15 with 15
epoch:16, train_loss:0.78599, val_loss:0.69469
EarlyStopping counter: 14 out of 15 with 16
epoch:17, train_loss:0.80064, val_loss:0.67774
EarlyStopping counter: 15 out of 15 with 17
Early stopping with best_score:0.5322281718254089
[train] per-column MSE: 0.524 0.146 0.156 0.173 0.413 0.074 0.144 0.068 0.143 0.143 0.206 0.001 0.735 0.417 0.052 1.108 0.122 0.115 0.080 0.130 0.002
================================================================================
DATA=WTH  MODEL=Autoformer  NORM=revin  SEED=2024  seq_len=96  label_len=84  pred_len=168  batch_size=128  lr=0.001  alpha=0.5
  MSE=0.236180  MAE=0.277700  RMSE=0.485990  MAPE=2.416540  MSPE=7423.121094
================================================================================
data      model  norm  seed  seq_len  label_len  pred_len  batch_size  alpha     MSE    MAE    RMSE    MAPE        MSPE
 WTH Autoformer revin  2024       96         84       168         128    0.5 0.23618 0.2777 0.48599 2.41654 7423.121094
[train] appended 1 row to /root/autodl-tmp/Dish-TS-Reproduction/results/figure3_runs.csv
[train] wrote figure4 sample to /root/autodl-tmp/Dish-TS-Reproduction/results/figures/figure4_WTH_Autoformer_revin_sq96_pd168_alpha0.5_seed2024.csv
# data=WTH norm=revin pred_len=168 seed=2024
# /root/miniconda3/bin/python3 /root/autodl-tmp/Dish-TS-Reproduction/train.py --data WTH --model Autoformer --norm revin --seq_len 96 --pred_len 168 --alpha 0.5 --batch_size 128 --patience 15 --seed 2024 --gpu 0

