/root/miniconda3/lib/python3.12/site-packages/torch/autograd/graph.py:744: UserWarning: Plan failed with a cudnnException: CUDNN_BACKEND_EXECUTION_PLAN_DESCRIPTOR: cudnnFinalize Descriptor Failed cudnn_status: CUDNN_STATUS_NOT_SUPPORTED (Triggered internally at ../aten/src/ATen/native/cudnn/Conv_v8.cpp:919.)
  return Variable._execution_engine.run_backward(  # Calls into the C++ engine to run the backward pass
epoch:0, train_loss:0.74567, val_loss:0.40617
epoch:1, train_loss:0.40683, val_loss:0.38935
epoch:2, train_loss:0.37139, val_loss:0.37518
epoch:3, train_loss:0.34509, val_loss:0.36733
epoch:4, train_loss:0.37222, val_loss:0.64247
EarlyStopping counter: 1 out of 15 with 4
epoch:5, train_loss:711.75769, val_loss:2.24962
EarlyStopping counter: 2 out of 15 with 5
epoch:6, train_loss:2.22188, val_loss:1.26857
EarlyStopping counter: 3 out of 15 with 6
epoch:7, train_loss:1.40670, val_loss:0.89372
EarlyStopping counter: 4 out of 15 with 7
epoch:8, train_loss:1.13020, val_loss:0.69053
EarlyStopping counter: 5 out of 15 with 8
epoch:9, train_loss:0.97676, val_loss:0.71166
EarlyStopping counter: 6 out of 15 with 9
epoch:10, train_loss:0.89258, val_loss:0.66407
EarlyStopping counter: 7 out of 15 with 10
epoch:11, train_loss:0.85450, val_loss:0.73431
EarlyStopping counter: 8 out of 15 with 11
epoch:12, train_loss:0.82580, val_loss:0.66163
EarlyStopping counter: 9 out of 15 with 12
epoch:13, train_loss:0.78806, val_loss:0.65367
EarlyStopping counter: 10 out of 15 with 13
epoch:14, train_loss:0.74798, val_loss:0.63272
EarlyStopping counter: 11 out of 15 with 14
epoch:15, train_loss:0.72982, val_loss:0.73998
EarlyStopping counter: 12 out of 15 with 15
epoch:16, train_loss:0.73071, val_loss:0.97417
EarlyStopping counter: 13 out of 15 with 16
epoch:17, train_loss:0.69361, val_loss:0.54470
EarlyStopping counter: 14 out of 15 with 17
epoch:18, train_loss:0.68565, val_loss:0.55081
EarlyStopping counter: 15 out of 15 with 18
Early stopping with best_score:0.367334246635437
[train] per-column MSE: 0.095 0.057 0.056 0.050 0.207 0.029 0.040 0.037 0.040 0.040 0.059 0.001 0.421 0.374 0.050 1.017 0.105 0.102 0.076 0.056 0.001
================================================================================
DATA=WTH  MODEL=Autoformer  NORM=revin  SEED=2023  seq_len=96  label_len=24  pred_len=24  batch_size=128  lr=0.001  alpha=0.5
  MSE=0.138780  MAE=0.191370  RMSE=0.372530  MAPE=1.799180  MSPE=5174.818359
================================================================================
data      model  norm  seed  seq_len  label_len  pred_len  batch_size  alpha     MSE     MAE    RMSE    MAPE        MSPE
 WTH Autoformer revin  2023       96         24        24         128    0.5 0.13878 0.19137 0.37253 1.79918 5174.818359
[train] appended 1 row to /root/autodl-tmp/Dish-TS-Reproduction/results/figure3_runs.csv
[train] wrote figure4 sample to /root/autodl-tmp/Dish-TS-Reproduction/results/figures/figure4_WTH_Autoformer_revin_sq96_pd24_alpha0.5_seed2023.csv
# data=WTH norm=revin pred_len=24 seed=2023
# /root/miniconda3/bin/python3 /root/autodl-tmp/Dish-TS-Reproduction/train.py --data WTH --model Autoformer --norm revin --seq_len 96 --pred_len 24 --alpha 0.5 --batch_size 128 --patience 15 --seed 2023 --gpu 0

