epoch:0, train_loss:29.02460, val_loss:18.13148
epoch:1, train_loss:18.42137, val_loss:17.90642
epoch:2, train_loss:18.60011, val_loss:16.52529
epoch:3, train_loss:19.08193, val_loss:16.44283
epoch:4, train_loss:18.53768, val_loss:16.19739
epoch:5, train_loss:18.09518, val_loss:16.36531
EarlyStopping counter: 1 out of 7 with 5
epoch:6, train_loss:17.91984, val_loss:16.57310
EarlyStopping counter: 2 out of 7 with 6
epoch:7, train_loss:17.88962, val_loss:16.58474
EarlyStopping counter: 3 out of 7 with 7
epoch:8, train_loss:17.63134, val_loss:16.70730
EarlyStopping counter: 4 out of 7 with 8
epoch:9, train_loss:17.56926, val_loss:17.08434
EarlyStopping counter: 5 out of 7 with 9
epoch:10, train_loss:17.54842, val_loss:16.70531
EarlyStopping counter: 6 out of 7 with 10
epoch:11, train_loss:17.67211, val_loss:16.62691
EarlyStopping counter: 7 out of 7 with 11
Early stopping with best_score:16.197391510009766
       0           1       2     3   4   5         6        7        8
0  ETTm2  Autoformer  dishts  2023  96  96  13.82887  2.60007  3.71872
