/root/miniconda3/lib/python3.12/site-packages/torch/autograd/graph.py:744: UserWarning: Plan failed with a cudnnException: CUDNN_BACKEND_EXECUTION_PLAN_DESCRIPTOR: cudnnFinalize Descriptor Failed cudnn_status: CUDNN_STATUS_NOT_SUPPORTED (Triggered internally at ../aten/src/ATen/native/cudnn/Conv_v8.cpp:919.)
  return Variable._execution_engine.run_backward(  # Calls into the C++ engine to run the backward pass
epoch:0, train_loss:34.94941, val_loss:24.96529
epoch:1, train_loss:31.80679, val_loss:34.46124
EarlyStopping counter: 1 out of 7 with 1
epoch:2, train_loss:31.31929, val_loss:30.29749
EarlyStopping counter: 2 out of 7 with 2
epoch:3, train_loss:30.96262, val_loss:36.45203
EarlyStopping counter: 3 out of 7 with 3
epoch:4, train_loss:30.66513, val_loss:40.37250
EarlyStopping counter: 4 out of 7 with 4
epoch:5, train_loss:30.71824, val_loss:41.54354
EarlyStopping counter: 5 out of 7 with 5
epoch:6, train_loss:30.31734, val_loss:47.77169
EarlyStopping counter: 6 out of 7 with 6
epoch:7, train_loss:30.10057, val_loss:30.39503
EarlyStopping counter: 7 out of 7 with 7
Early stopping with best_score:24.965290069580078
       0           1       2     3   4    5          6        7        8
0  ETTm2  Autoformer  dishts  2023  96  336  22.058929  3.28507  4.69669
