/root/miniconda3/lib/python3.12/site-packages/torch/autograd/graph.py:744: UserWarning: Plan failed with a cudnnException: CUDNN_BACKEND_EXECUTION_PLAN_DESCRIPTOR: cudnnFinalize Descriptor Failed cudnn_status: CUDNN_STATUS_NOT_SUPPORTED (Triggered internally at ../aten/src/ATen/native/cudnn/Conv_v8.cpp:919.)
  return Variable._execution_engine.run_backward(  # Calls into the C++ engine to run the backward pass
epoch:0, train_loss:28.49859, val_loss:21.62213
epoch:1, train_loss:27.56729, val_loss:21.21270
epoch:2, train_loss:27.00608, val_loss:21.77155
EarlyStopping counter: 1 out of 7 with 2
epoch:3, train_loss:26.28632, val_loss:23.43139
EarlyStopping counter: 2 out of 7 with 3
epoch:4, train_loss:25.76828, val_loss:22.96096
EarlyStopping counter: 3 out of 7 with 4
epoch:5, train_loss:25.62386, val_loss:22.66054
EarlyStopping counter: 4 out of 7 with 5
epoch:6, train_loss:25.19933, val_loss:27.95314
EarlyStopping counter: 5 out of 7 with 6
epoch:7, train_loss:24.91515, val_loss:26.59370
EarlyStopping counter: 6 out of 7 with 7
epoch:8, train_loss:24.00432, val_loss:31.37945
EarlyStopping counter: 7 out of 7 with 8
Early stopping with best_score:21.21270179748535
       0         1      2     3   4    5         6        7        8
0  ETTm2  Informer  revin  2023  96  336  18.71483  2.79204  4.32606
