/root/miniconda3/lib/python3.12/site-packages/torch/autograd/graph.py:744: UserWarning: Plan failed with a cudnnException: CUDNN_BACKEND_EXECUTION_PLAN_DESCRIPTOR: cudnnFinalize Descriptor Failed cudnn_status: CUDNN_STATUS_NOT_SUPPORTED (Triggered internally at ../aten/src/ATen/native/cudnn/Conv_v8.cpp:919.)
  return Variable._execution_engine.run_backward(  # Calls into the C++ engine to run the backward pass
epoch:0, train_loss:36.08270, val_loss:31.24401
epoch:1, train_loss:29.42736, val_loss:32.38492
EarlyStopping counter: 1 out of 7 with 1
epoch:2, train_loss:28.90190, val_loss:27.15029
epoch:3, train_loss:28.61621, val_loss:29.30533
EarlyStopping counter: 1 out of 7 with 3
epoch:4, train_loss:28.13079, val_loss:28.08894
EarlyStopping counter: 2 out of 7 with 4
epoch:5, train_loss:27.96885, val_loss:28.57354
EarlyStopping counter: 3 out of 7 with 5
epoch:6, train_loss:27.84504, val_loss:29.14470
EarlyStopping counter: 4 out of 7 with 6
epoch:7, train_loss:28.36280, val_loss:29.24063
EarlyStopping counter: 5 out of 7 with 7
epoch:8, train_loss:28.54196, val_loss:34.30584
EarlyStopping counter: 6 out of 7 with 8
epoch:9, train_loss:28.32518, val_loss:28.61195
EarlyStopping counter: 7 out of 7 with 9
Early stopping with best_score:27.150293350219727
       0         1       2     3   4    5          6        7     8
0  ETTm2  Informer  dishts  2023  96  336  20.976419  3.11191  4.58
