/root/miniconda3/lib/python3.12/site-packages/torch/autograd/graph.py:744: UserWarning: Plan failed with a cudnnException: CUDNN_BACKEND_EXECUTION_PLAN_DESCRIPTOR: cudnnFinalize Descriptor Failed cudnn_status: CUDNN_STATUS_NOT_SUPPORTED (Triggered internally at ../aten/src/ATen/native/cudnn/Conv_v8.cpp:919.)
  return Variable._execution_engine.run_backward(  # Calls into the C++ engine to run the backward pass
epoch:0, train_loss:29.15455, val_loss:20.45152
epoch:1, train_loss:28.20802, val_loss:21.67708
EarlyStopping counter: 1 out of 7 with 1
epoch:2, train_loss:27.41180, val_loss:21.63876
EarlyStopping counter: 2 out of 7 with 2
epoch:3, train_loss:26.62587, val_loss:21.15629
EarlyStopping counter: 3 out of 7 with 3
epoch:4, train_loss:25.76194, val_loss:22.43341
EarlyStopping counter: 4 out of 7 with 4
epoch:5, train_loss:25.00478, val_loss:23.48184
EarlyStopping counter: 5 out of 7 with 5
epoch:6, train_loss:24.20857, val_loss:22.47548
EarlyStopping counter: 6 out of 7 with 6
epoch:7, train_loss:117.30202, val_loss:21.38350
EarlyStopping counter: 7 out of 7 with 7
Early stopping with best_score:20.45152473449707
       0           1      2     3   4    5         6        7        8
0  ETTm2  Autoformer  revin  2023  96  336  17.99226  2.64438  4.24173
